CRITICAL - 2021-09-22 02:29:07 --> include(includes/navbar.php): failed to open stream: No such file or directory
#0 C:\wamp64\www\LeaveApplication\app\Views\admin\department.php(15): CodeIgniter\Debug\Exceptions->errorHandler(2, 'include(include...', 'C:\\wamp64\\www\\L...', 15, Array)
#1 C:\wamp64\www\LeaveApplication\app\Views\admin\department.php(15): include()
#2 C:\wamp64\www\LeaveApplication\vendor\codeigniter4\framework\system\View\View.php(230): include('C:\\wamp64\\www\\L...')
#3 C:\wamp64\www\LeaveApplication\vendor\codeigniter4\framework\system\View\View.php(232): CodeIgniter\View\View->CodeIgniter\View\{closure}()
#4 C:\wamp64\www\LeaveApplication\vendor\codeigniter4\framework\system\Common.php(1271): CodeIgniter\View\View->render('admin/departmen...', Array, true)
#5 C:\wamp64\www\LeaveApplication\app\Controllers\DepartmentController.php(16): view('admin/departmen...')
#6 C:\wamp64\www\LeaveApplication\vendor\codeigniter4\framework\system\CodeIgniter.php(928): App\Controllers\DepartmentController->index()
#7 C:\wamp64\www\LeaveApplication\vendor\codeigniter4\framework\system\CodeIgniter.php(436): CodeIgniter\CodeIgniter->runController(Object(App\Controllers\DepartmentController))
#8 C:\wamp64\www\LeaveApplication\vendor\codeigniter4\framework\system\CodeIgniter.php(336): CodeIgniter\CodeIgniter->handleRequest(NULL, Object(Config\Cache), false)
#9 C:\wamp64\www\LeaveApplication\public\index.php(37): CodeIgniter\CodeIgniter->run()
#10 C:\wamp64\www\LeaveApplication\vendor\codeigniter4\framework\system\Commands\Server\rewrite.php(45): require_once('C:\\wamp64\\www\\L...')
#11 {main}
CRITICAL - 2021-09-22 02:32:49 --> include(../includes/session.php): failed to open stream: No such file or directory
#0 C:\wamp64\www\LeaveApplication\app\Views\admin\department.php(2): CodeIgniter\Debug\Exceptions->errorHandler(2, 'include(../incl...', 'C:\\wamp64\\www\\L...', 2, Array)
#1 C:\wamp64\www\LeaveApplication\app\Views\admin\department.php(2): include()
#2 C:\wamp64\www\LeaveApplication\vendor\codeigniter4\framework\system\View\View.php(230): include('C:\\wamp64\\www\\L...')
#3 C:\wamp64\www\LeaveApplication\vendor\codeigniter4\framework\system\View\View.php(232): CodeIgniter\View\View->CodeIgniter\View\{closure}()
#4 C:\wamp64\www\LeaveApplication\vendor\codeigniter4\framework\system\Common.php(1271): CodeIgniter\View\View->render('admin/departmen...', Array, true)
#5 C:\wamp64\www\LeaveApplication\app\Controllers\DepartmentController.php(16): view('admin/departmen...')
#6 C:\wamp64\www\LeaveApplication\vendor\codeigniter4\framework\system\CodeIgniter.php(928): App\Controllers\DepartmentController->index()
#7 C:\wamp64\www\LeaveApplication\vendor\codeigniter4\framework\system\CodeIgniter.php(436): CodeIgniter\CodeIgniter->runController(Object(App\Controllers\DepartmentController))
#8 C:\wamp64\www\LeaveApplication\vendor\codeigniter4\framework\system\CodeIgniter.php(336): CodeIgniter\CodeIgniter->handleRequest(NULL, Object(Config\Cache), false)
#9 C:\wamp64\www\LeaveApplication\public\index.php(37): CodeIgniter\CodeIgniter->run()
#10 C:\wamp64\www\LeaveApplication\vendor\codeigniter4\framework\system\Commands\Server\rewrite.php(45): require_once('C:\\wamp64\\www\\L...')
#11 {main}
CRITICAL - 2021-09-22 02:32:55 --> include(../includes/session.php): failed to open stream: No such file or directory
#0 C:\wamp64\www\LeaveApplication\app\Views\admin\department.php(2): CodeIgniter\Debug\Exceptions->errorHandler(2, 'include(../incl...', 'C:\\wamp64\\www\\L...', 2, Array)
#1 C:\wamp64\www\LeaveApplication\app\Views\admin\department.php(2): include()
#2 C:\wamp64\www\LeaveApplication\vendor\codeigniter4\framework\system\View\View.php(230): include('C:\\wamp64\\www\\L...')
#3 C:\wamp64\www\LeaveApplication\vendor\codeigniter4\framework\system\View\View.php(232): CodeIgniter\View\View->CodeIgniter\View\{closure}()
#4 C:\wamp64\www\LeaveApplication\vendor\codeigniter4\framework\system\Common.php(1271): CodeIgniter\View\View->render('admin/departmen...', Array, true)
#5 C:\wamp64\www\LeaveApplication\app\Controllers\DepartmentController.php(16): view('admin/departmen...')
#6 C:\wamp64\www\LeaveApplication\vendor\codeigniter4\framework\system\CodeIgniter.php(928): App\Controllers\DepartmentController->index()
#7 C:\wamp64\www\LeaveApplication\vendor\codeigniter4\framework\system\CodeIgniter.php(436): CodeIgniter\CodeIgniter->runController(Object(App\Controllers\DepartmentController))
#8 C:\wamp64\www\LeaveApplication\vendor\codeigniter4\framework\system\CodeIgniter.php(336): CodeIgniter\CodeIgniter->handleRequest(NULL, Object(Config\Cache), false)
#9 C:\wamp64\www\LeaveApplication\public\index.php(37): CodeIgniter\CodeIgniter->run()
#10 C:\wamp64\www\LeaveApplication\vendor\codeigniter4\framework\system\Commands\Server\rewrite.php(45): require_once('C:\\wamp64\\www\\L...')
#11 {main}
CRITICAL - 2021-09-22 02:42:14 --> include(includes/navbar.php): failed to open stream: No such file or directory
#0 C:\wamp64\www\LeaveApplication\app\Views\admin\department.php(21): CodeIgniter\Debug\Exceptions->errorHandler(2, 'include(include...', 'C:\\wamp64\\www\\L...', 21, Array)
#1 C:\wamp64\www\LeaveApplication\app\Views\admin\department.php(21): include()
#2 C:\wamp64\www\LeaveApplication\vendor\codeigniter4\framework\system\View\View.php(230): include('C:\\wamp64\\www\\L...')
#3 C:\wamp64\www\LeaveApplication\vendor\codeigniter4\framework\system\View\View.php(232): CodeIgniter\View\View->CodeIgniter\View\{closure}()
#4 C:\wamp64\www\LeaveApplication\vendor\codeigniter4\framework\system\Common.php(1271): CodeIgniter\View\View->render('admin/departmen...', Array, true)
#5 C:\wamp64\www\LeaveApplication\app\Controllers\DepartmentController.php(16): view('admin/departmen...')
#6 C:\wamp64\www\LeaveApplication\vendor\codeigniter4\framework\system\CodeIgniter.php(928): App\Controllers\DepartmentController->index()
#7 C:\wamp64\www\LeaveApplication\vendor\codeigniter4\framework\system\CodeIgniter.php(436): CodeIgniter\CodeIgniter->runController(Object(App\Controllers\DepartmentController))
#8 C:\wamp64\www\LeaveApplication\vendor\codeigniter4\framework\system\CodeIgniter.php(336): CodeIgniter\CodeIgniter->handleRequest(NULL, Object(Config\Cache), false)
#9 C:\wamp64\www\LeaveApplication\public\index.php(37): CodeIgniter\CodeIgniter->run()
#10 C:\wamp64\www\LeaveApplication\vendor\codeigniter4\framework\system\Commands\Server\rewrite.php(45): require_once('C:\\wamp64\\www\\L...')
#11 {main}
CRITICAL - 2021-09-22 02:43:29 --> syntax error, unexpected '}', expecting end of file
#0 C:\wamp64\www\LeaveApplication\vendor\codeigniter4\framework\system\View\View.php(232): CodeIgniter\View\View->CodeIgniter\View\{closure}()
#1 C:\wamp64\www\LeaveApplication\vendor\codeigniter4\framework\system\Common.php(1271): CodeIgniter\View\View->render('admin/departmen...', Array, true)
#2 C:\wamp64\www\LeaveApplication\app\Controllers\DepartmentController.php(16): view('admin/departmen...')
#3 C:\wamp64\www\LeaveApplication\vendor\codeigniter4\framework\system\CodeIgniter.php(928): App\Controllers\DepartmentController->index()
#4 C:\wamp64\www\LeaveApplication\vendor\codeigniter4\framework\system\CodeIgniter.php(436): CodeIgniter\CodeIgniter->runController(Object(App\Controllers\DepartmentController))
#5 C:\wamp64\www\LeaveApplication\vendor\codeigniter4\framework\system\CodeIgniter.php(336): CodeIgniter\CodeIgniter->handleRequest(NULL, Object(Config\Cache), false)
#6 C:\wamp64\www\LeaveApplication\public\index.php(37): CodeIgniter\CodeIgniter->run()
#7 C:\wamp64\www\LeaveApplication\vendor\codeigniter4\framework\system\Commands\Server\rewrite.php(45): require_once('C:\\wamp64\\www\\L...')
#8 {main}
CRITICAL - 2021-09-22 03:47:33 --> Undefined variable: row
#0 C:\wamp64\www\LeaveApplication\app\Views\Leave\LeaveApplication.php(64): CodeIgniter\Debug\Exceptions->errorHandler(8, 'Undefined varia...', 'C:\\wamp64\\www\\L...', 64, Array)
#1 C:\wamp64\www\LeaveApplication\vendor\codeigniter4\framework\system\View\View.php(230): include('C:\\wamp64\\www\\L...')
#2 C:\wamp64\www\LeaveApplication\vendor\codeigniter4\framework\system\View\View.php(232): CodeIgniter\View\View->CodeIgniter\View\{closure}()
#3 C:\wamp64\www\LeaveApplication\vendor\codeigniter4\framework\system\Common.php(1271): CodeIgniter\View\View->render('Leave/LeaveAppl...', Array, true)
#4 C:\wamp64\www\LeaveApplication\app\Controllers\LeaveController.php(12): view('Leave/LeaveAppl...')
#5 C:\wamp64\www\LeaveApplication\vendor\codeigniter4\framework\system\CodeIgniter.php(928): App\Controllers\LeaveController->Leave()
#6 C:\wamp64\www\LeaveApplication\vendor\codeigniter4\framework\system\CodeIgniter.php(436): CodeIgniter\CodeIgniter->runController(Object(App\Controllers\LeaveController))
#7 C:\wamp64\www\LeaveApplication\vendor\codeigniter4\framework\system\CodeIgniter.php(336): CodeIgniter\CodeIgniter->handleRequest(NULL, Object(Config\Cache), false)
#8 C:\wamp64\www\LeaveApplication\public\index.php(37): CodeIgniter\CodeIgniter->run()
#9 C:\wamp64\www\LeaveApplication\vendor\codeigniter4\framework\system\Commands\Server\rewrite.php(45): require_once('C:\\wamp64\\www\\L...')
#10 {main}
CRITICAL - 2021-09-22 04:05:19 --> include(assets/assets/includes/footer.php): failed to open stream: No such file or directory
#0 C:\wamp64\www\LeaveApplication\app\Views\Leave\Leaves.php(103): CodeIgniter\Debug\Exceptions->errorHandler(2, 'include(assets/...', 'C:\\wamp64\\www\\L...', 103, Array)
#1 C:\wamp64\www\LeaveApplication\app\Views\Leave\Leaves.php(103): include()
#2 C:\wamp64\www\LeaveApplication\vendor\codeigniter4\framework\system\View\View.php(230): include('C:\\wamp64\\www\\L...')
#3 C:\wamp64\www\LeaveApplication\vendor\codeigniter4\framework\system\View\View.php(232): CodeIgniter\View\View->CodeIgniter\View\{closure}()
#4 C:\wamp64\www\LeaveApplication\vendor\codeigniter4\framework\system\Common.php(1271): CodeIgniter\View\View->render('Leave/Leaves', Array, true)
#5 C:\wamp64\www\LeaveApplication\app\Controllers\LeaveController.php(15): view('Leave/Leaves')
#6 C:\wamp64\www\LeaveApplication\vendor\codeigniter4\framework\system\CodeIgniter.php(928): App\Controllers\LeaveController->Leaves()
#7 C:\wamp64\www\LeaveApplication\vendor\codeigniter4\framework\system\CodeIgniter.php(436): CodeIgniter\CodeIgniter->runController(Object(App\Controllers\LeaveController))
#8 C:\wamp64\www\LeaveApplication\vendor\codeigniter4\framework\system\CodeIgniter.php(336): CodeIgniter\CodeIgniter->handleRequest(NULL, Object(Config\Cache), false)
#9 C:\wamp64\www\LeaveApplication\public\index.php(37): CodeIgniter\CodeIgniter->run()
#10 C:\wamp64\www\LeaveApplication\vendor\codeigniter4\framework\system\Commands\Server\rewrite.php(45): require_once('C:\\wamp64\\www\\L...')
#11 {main}
