CRITICAL - 2021-12-15 01:40:25 --> Undefined variable: data
#0 C:\wamp64\www\LeaveApplicationVersion1\app\Views\admin\editemployees.php(62): CodeIgniter\Debug\Exceptions->errorHandler(8, 'Undefined varia...', 'C:\\wamp64\\www\\L...', 62, Array)
#1 C:\wamp64\www\LeaveApplicationVersion1\vendor\codeigniter4\framework\system\View\View.php(230): include('C:\\wamp64\\www\\L...')
#2 C:\wamp64\www\LeaveApplicationVersion1\vendor\codeigniter4\framework\system\View\View.php(232): CodeIgniter\View\View->CodeIgniter\View\{closure}()
#3 C:\wamp64\www\LeaveApplicationVersion1\vendor\codeigniter4\framework\system\Common.php(1271): CodeIgniter\View\View->render('admin/editemplo...', Array, true)
#4 C:\wamp64\www\LeaveApplicationVersion1\app\Controllers\empController.php(95): view('admin/editemplo...', Array)
#5 C:\wamp64\www\LeaveApplicationVersion1\vendor\codeigniter4\framework\system\CodeIgniter.php(928): App\Controllers\empController->updatebyid('7')
#6 C:\wamp64\www\LeaveApplicationVersion1\vendor\codeigniter4\framework\system\CodeIgniter.php(436): CodeIgniter\CodeIgniter->runController(Object(App\Controllers\empController))
#7 C:\wamp64\www\LeaveApplicationVersion1\vendor\codeigniter4\framework\system\CodeIgniter.php(336): CodeIgniter\CodeIgniter->handleRequest(NULL, Object(Config\Cache), false)
#8 C:\wamp64\www\LeaveApplicationVersion1\public\index.php(37): CodeIgniter\CodeIgniter->run()
#9 C:\wamp64\www\LeaveApplicationVersion1\vendor\codeigniter4\framework\system\Commands\Server\rewrite.php(45): require_once('C:\\wamp64\\www\\L...')
#10 {main}
CRITICAL - 2021-12-15 01:41:17 --> Undefined variable: data
#0 C:\wamp64\www\LeaveApplicationVersion1\app\Views\admin\editemployees.php(62): CodeIgniter\Debug\Exceptions->errorHandler(8, 'Undefined varia...', 'C:\\wamp64\\www\\L...', 62, Array)
#1 C:\wamp64\www\LeaveApplicationVersion1\vendor\codeigniter4\framework\system\View\View.php(230): include('C:\\wamp64\\www\\L...')
#2 C:\wamp64\www\LeaveApplicationVersion1\vendor\codeigniter4\framework\system\View\View.php(232): CodeIgniter\View\View->CodeIgniter\View\{closure}()
#3 C:\wamp64\www\LeaveApplicationVersion1\vendor\codeigniter4\framework\system\Common.php(1271): CodeIgniter\View\View->render('admin/editemplo...', Array, true)
#4 C:\wamp64\www\LeaveApplicationVersion1\app\Controllers\empController.php(95): view('admin/editemplo...', Array)
#5 C:\wamp64\www\LeaveApplicationVersion1\vendor\codeigniter4\framework\system\CodeIgniter.php(928): App\Controllers\empController->updatebyid('7')
#6 C:\wamp64\www\LeaveApplicationVersion1\vendor\codeigniter4\framework\system\CodeIgniter.php(436): CodeIgniter\CodeIgniter->runController(Object(App\Controllers\empController))
#7 C:\wamp64\www\LeaveApplicationVersion1\vendor\codeigniter4\framework\system\CodeIgniter.php(336): CodeIgniter\CodeIgniter->handleRequest(NULL, Object(Config\Cache), false)
#8 C:\wamp64\www\LeaveApplicationVersion1\public\index.php(37): CodeIgniter\CodeIgniter->run()
#9 C:\wamp64\www\LeaveApplicationVersion1\vendor\codeigniter4\framework\system\Commands\Server\rewrite.php(45): require_once('C:\\wamp64\\www\\L...')
#10 {main}
CRITICAL - 2021-12-15 02:34:30 --> There is no data to update.
#0 C:\wamp64\www\LeaveApplicationVersion1\vendor\codeigniter4\framework\system\BaseModel.php(1668): CodeIgniter\Database\Exceptions\DataException::forEmptyDataset('update')
#1 C:\wamp64\www\LeaveApplicationVersion1\vendor\codeigniter4\framework\system\BaseModel.php(880): CodeIgniter\BaseModel->transformDataToArray(NULL, 'update')
#2 C:\wamp64\www\LeaveApplicationVersion1\vendor\codeigniter4\framework\system\Model.php(718): CodeIgniter\BaseModel->update(Array, NULL)
#3 C:\wamp64\www\LeaveApplicationVersion1\app\Controllers\empController.php(141): CodeIgniter\Model->update(Array)
#4 C:\wamp64\www\LeaveApplicationVersion1\vendor\codeigniter4\framework\system\CodeIgniter.php(928): App\Controllers\empController->update()
#5 C:\wamp64\www\LeaveApplicationVersion1\vendor\codeigniter4\framework\system\CodeIgniter.php(436): CodeIgniter\CodeIgniter->runController(Object(App\Controllers\empController))
#6 C:\wamp64\www\LeaveApplicationVersion1\vendor\codeigniter4\framework\system\CodeIgniter.php(336): CodeIgniter\CodeIgniter->handleRequest(NULL, Object(Config\Cache), false)
#7 C:\wamp64\www\LeaveApplicationVersion1\public\index.php(37): CodeIgniter\CodeIgniter->run()
#8 C:\wamp64\www\LeaveApplicationVersion1\vendor\codeigniter4\framework\system\Commands\Server\rewrite.php(45): require_once('C:\\wamp64\\www\\L...')
#9 {main}
CRITICAL - 2021-12-15 02:35:08 --> There is no data to update.
#0 C:\wamp64\www\LeaveApplicationVersion1\vendor\codeigniter4\framework\system\BaseModel.php(1668): CodeIgniter\Database\Exceptions\DataException::forEmptyDataset('update')
#1 C:\wamp64\www\LeaveApplicationVersion1\vendor\codeigniter4\framework\system\BaseModel.php(880): CodeIgniter\BaseModel->transformDataToArray(NULL, 'update')
#2 C:\wamp64\www\LeaveApplicationVersion1\vendor\codeigniter4\framework\system\Model.php(718): CodeIgniter\BaseModel->update(Array, NULL)
#3 C:\wamp64\www\LeaveApplicationVersion1\app\Controllers\empController.php(141): CodeIgniter\Model->update(Array)
#4 C:\wamp64\www\LeaveApplicationVersion1\vendor\codeigniter4\framework\system\CodeIgniter.php(928): App\Controllers\empController->update()
#5 C:\wamp64\www\LeaveApplicationVersion1\vendor\codeigniter4\framework\system\CodeIgniter.php(436): CodeIgniter\CodeIgniter->runController(Object(App\Controllers\empController))
#6 C:\wamp64\www\LeaveApplicationVersion1\vendor\codeigniter4\framework\system\CodeIgniter.php(336): CodeIgniter\CodeIgniter->handleRequest(NULL, Object(Config\Cache), false)
#7 C:\wamp64\www\LeaveApplicationVersion1\public\index.php(37): CodeIgniter\CodeIgniter->run()
#8 C:\wamp64\www\LeaveApplicationVersion1\vendor\codeigniter4\framework\system\Commands\Server\rewrite.php(45): require_once('C:\\wamp64\\www\\L...')
#9 {main}
CRITICAL - 2021-12-15 02:42:49 --> There is no data to update.
#0 C:\wamp64\www\LeaveApplicationVersion1\vendor\codeigniter4\framework\system\BaseModel.php(1668): CodeIgniter\Database\Exceptions\DataException::forEmptyDataset('update')
#1 C:\wamp64\www\LeaveApplicationVersion1\vendor\codeigniter4\framework\system\BaseModel.php(880): CodeIgniter\BaseModel->transformDataToArray(NULL, 'update')
#2 C:\wamp64\www\LeaveApplicationVersion1\vendor\codeigniter4\framework\system\Model.php(718): CodeIgniter\BaseModel->update(Array, NULL)
#3 C:\wamp64\www\LeaveApplicationVersion1\app\Controllers\empController.php(141): CodeIgniter\Model->update(Array)
#4 C:\wamp64\www\LeaveApplicationVersion1\vendor\codeigniter4\framework\system\CodeIgniter.php(928): App\Controllers\empController->update()
#5 C:\wamp64\www\LeaveApplicationVersion1\vendor\codeigniter4\framework\system\CodeIgniter.php(436): CodeIgniter\CodeIgniter->runController(Object(App\Controllers\empController))
#6 C:\wamp64\www\LeaveApplicationVersion1\vendor\codeigniter4\framework\system\CodeIgniter.php(336): CodeIgniter\CodeIgniter->handleRequest(NULL, Object(Config\Cache), false)
#7 C:\wamp64\www\LeaveApplicationVersion1\public\index.php(37): CodeIgniter\CodeIgniter->run()
#8 C:\wamp64\www\LeaveApplicationVersion1\vendor\codeigniter4\framework\system\Commands\Server\rewrite.php(45): require_once('C:\\wamp64\\www\\L...')
#9 {main}
CRITICAL - 2021-12-15 02:42:58 --> There is no data to update.
#0 C:\wamp64\www\LeaveApplicationVersion1\vendor\codeigniter4\framework\system\BaseModel.php(1668): CodeIgniter\Database\Exceptions\DataException::forEmptyDataset('update')
#1 C:\wamp64\www\LeaveApplicationVersion1\vendor\codeigniter4\framework\system\BaseModel.php(880): CodeIgniter\BaseModel->transformDataToArray(NULL, 'update')
#2 C:\wamp64\www\LeaveApplicationVersion1\vendor\codeigniter4\framework\system\Model.php(718): CodeIgniter\BaseModel->update(Array, NULL)
#3 C:\wamp64\www\LeaveApplicationVersion1\app\Controllers\empController.php(141): CodeIgniter\Model->update(Array)
#4 C:\wamp64\www\LeaveApplicationVersion1\vendor\codeigniter4\framework\system\CodeIgniter.php(928): App\Controllers\empController->update()
#5 C:\wamp64\www\LeaveApplicationVersion1\vendor\codeigniter4\framework\system\CodeIgniter.php(436): CodeIgniter\CodeIgniter->runController(Object(App\Controllers\empController))
#6 C:\wamp64\www\LeaveApplicationVersion1\vendor\codeigniter4\framework\system\CodeIgniter.php(336): CodeIgniter\CodeIgniter->handleRequest(NULL, Object(Config\Cache), false)
#7 C:\wamp64\www\LeaveApplicationVersion1\public\index.php(37): CodeIgniter\CodeIgniter->run()
#8 C:\wamp64\www\LeaveApplicationVersion1\vendor\codeigniter4\framework\system\Commands\Server\rewrite.php(45): require_once('C:\\wamp64\\www\\L...')
#9 {main}
CRITICAL - 2021-12-15 02:44:24 --> There is no data to update.
#0 C:\wamp64\www\LeaveApplicationVersion1\vendor\codeigniter4\framework\system\BaseModel.php(1668): CodeIgniter\Database\Exceptions\DataException::forEmptyDataset('update')
#1 C:\wamp64\www\LeaveApplicationVersion1\vendor\codeigniter4\framework\system\BaseModel.php(880): CodeIgniter\BaseModel->transformDataToArray(NULL, 'update')
#2 C:\wamp64\www\LeaveApplicationVersion1\vendor\codeigniter4\framework\system\Model.php(718): CodeIgniter\BaseModel->update(Array, NULL)
#3 C:\wamp64\www\LeaveApplicationVersion1\app\Controllers\empController.php(142): CodeIgniter\Model->update(Array)
#4 C:\wamp64\www\LeaveApplicationVersion1\vendor\codeigniter4\framework\system\CodeIgniter.php(928): App\Controllers\empController->update()
#5 C:\wamp64\www\LeaveApplicationVersion1\vendor\codeigniter4\framework\system\CodeIgniter.php(436): CodeIgniter\CodeIgniter->runController(Object(App\Controllers\empController))
#6 C:\wamp64\www\LeaveApplicationVersion1\vendor\codeigniter4\framework\system\CodeIgniter.php(336): CodeIgniter\CodeIgniter->handleRequest(NULL, Object(Config\Cache), false)
#7 C:\wamp64\www\LeaveApplicationVersion1\public\index.php(37): CodeIgniter\CodeIgniter->run()
#8 C:\wamp64\www\LeaveApplicationVersion1\vendor\codeigniter4\framework\system\Commands\Server\rewrite.php(45): require_once('C:\\wamp64\\www\\L...')
#9 {main}
CRITICAL - 2021-12-15 02:44:29 --> There is no data to update.
#0 C:\wamp64\www\LeaveApplicationVersion1\vendor\codeigniter4\framework\system\BaseModel.php(1668): CodeIgniter\Database\Exceptions\DataException::forEmptyDataset('update')
#1 C:\wamp64\www\LeaveApplicationVersion1\vendor\codeigniter4\framework\system\BaseModel.php(880): CodeIgniter\BaseModel->transformDataToArray(NULL, 'update')
#2 C:\wamp64\www\LeaveApplicationVersion1\vendor\codeigniter4\framework\system\Model.php(718): CodeIgniter\BaseModel->update(Array, NULL)
#3 C:\wamp64\www\LeaveApplicationVersion1\app\Controllers\empController.php(142): CodeIgniter\Model->update(Array)
#4 C:\wamp64\www\LeaveApplicationVersion1\vendor\codeigniter4\framework\system\CodeIgniter.php(928): App\Controllers\empController->update()
#5 C:\wamp64\www\LeaveApplicationVersion1\vendor\codeigniter4\framework\system\CodeIgniter.php(436): CodeIgniter\CodeIgniter->runController(Object(App\Controllers\empController))
#6 C:\wamp64\www\LeaveApplicationVersion1\vendor\codeigniter4\framework\system\CodeIgniter.php(336): CodeIgniter\CodeIgniter->handleRequest(NULL, Object(Config\Cache), false)
#7 C:\wamp64\www\LeaveApplicationVersion1\public\index.php(37): CodeIgniter\CodeIgniter->run()
#8 C:\wamp64\www\LeaveApplicationVersion1\vendor\codeigniter4\framework\system\Commands\Server\rewrite.php(45): require_once('C:\\wamp64\\www\\L...')
#9 {main}
