CRITICAL - 2021-08-25 07:02:16 --> Cannot declare class App\Controllers\Employee, because the name is already in use
#0 [internal function]: CodeIgniter\Debug\Exceptions->shutdownHandler()
#1 {main}
CRITICAL - 2021-08-25 07:02:40 --> Cannot declare class App\Controllers\Employee, because the name is already in use
#0 [internal function]: CodeIgniter\Debug\Exceptions->shutdownHandler()
#1 {main}
CRITICAL - 2021-08-25 07:03:09 --> Cannot declare class App\Controllers\Employee, because the name is already in use
#0 [internal function]: CodeIgniter\Debug\Exceptions->shutdownHandler()
#1 {main}
CRITICAL - 2021-08-25 07:03:16 --> Cannot declare class App\Controllers\Employee, because the name is already in use
#0 [internal function]: CodeIgniter\Debug\Exceptions->shutdownHandler()
#1 {main}
CRITICAL - 2021-08-25 07:05:01 --> Cannot declare class App\Controllers\Employee, because the name is already in use
#0 [internal function]: CodeIgniter\Debug\Exceptions->shutdownHandler()
#1 {main}
ERROR - 2021-08-25 07:05:41 --> Error connecting to the database: Unknown database 'leave-staff'
CRITICAL - 2021-08-25 07:05:41 --> Unable to connect to the database.
Main connection [MySQLi]: Unknown database 'leave-staff'
#0 C:\wamp64\www\codeigniter-rest-api\vendor\codeigniter4\framework\system\Database\BaseConnection.php(625): CodeIgniter\Database\BaseConnection->initialize()
#1 C:\wamp64\www\codeigniter-rest-api\vendor\codeigniter4\framework\system\Database\BaseBuilder.php(1881): CodeIgniter\Database\BaseConnection->query('SELECT *\nFROM `...', Array, false)
#2 C:\wamp64\www\codeigniter-rest-api\vendor\codeigniter4\framework\system\Model.php(197): CodeIgniter\Database\BaseBuilder->get()
#3 C:\wamp64\www\codeigniter-rest-api\vendor\codeigniter4\framework\system\BaseModel.php(603): CodeIgniter\Model->doFindAll(0, 0)
#4 C:\wamp64\www\codeigniter-rest-api\app\Controllers\EmployeeController.php(14): CodeIgniter\BaseModel->findAll()
#5 C:\wamp64\www\codeigniter-rest-api\vendor\codeigniter4\framework\system\CodeIgniter.php(928): App\Controllers\EmployeeController->index()
#6 C:\wamp64\www\codeigniter-rest-api\vendor\codeigniter4\framework\system\CodeIgniter.php(436): CodeIgniter\CodeIgniter->runController(Object(App\Controllers\EmployeeController))
#7 C:\wamp64\www\codeigniter-rest-api\vendor\codeigniter4\framework\system\CodeIgniter.php(336): CodeIgniter\CodeIgniter->handleRequest(NULL, Object(Config\Cache), false)
#8 C:\wamp64\www\codeigniter-rest-api\public\index.php(37): CodeIgniter\CodeIgniter->run()
#9 C:\wamp64\www\codeigniter-rest-api\vendor\codeigniter4\framework\system\Commands\Server\rewrite.php(45): require_once('C:\\wamp64\\www\\c...')
#10 {main}
ERROR - 2021-08-25 07:06:07 --> Unknown column 'id' in 'order clause'
CRITICAL - 2021-08-25 07:06:07 --> Unknown column 'id' in 'order clause'
#0 C:\wamp64\www\codeigniter-rest-api\vendor\codeigniter4\framework\system\Database\MySQLi\Connection.php(329): mysqli->query('SELECT *\nFROM `...')
#1 C:\wamp64\www\codeigniter-rest-api\vendor\codeigniter4\framework\system\Database\BaseConnection.php(732): CodeIgniter\Database\MySQLi\Connection->execute('SELECT *\nFROM `...')
#2 C:\wamp64\www\codeigniter-rest-api\vendor\codeigniter4\framework\system\Database\BaseConnection.php(647): CodeIgniter\Database\BaseConnection->simpleQuery('SELECT *\nFROM `...')
#3 C:\wamp64\www\codeigniter-rest-api\vendor\codeigniter4\framework\system\Database\BaseBuilder.php(1881): CodeIgniter\Database\BaseConnection->query('SELECT *\nFROM `...', Array, false)
#4 C:\wamp64\www\codeigniter-rest-api\vendor\codeigniter4\framework\system\Model.php(197): CodeIgniter\Database\BaseBuilder->get()
#5 C:\wamp64\www\codeigniter-rest-api\vendor\codeigniter4\framework\system\BaseModel.php(603): CodeIgniter\Model->doFindAll(0, 0)
#6 C:\wamp64\www\codeigniter-rest-api\app\Controllers\EmployeeController.php(14): CodeIgniter\BaseModel->findAll()
#7 C:\wamp64\www\codeigniter-rest-api\vendor\codeigniter4\framework\system\CodeIgniter.php(928): App\Controllers\EmployeeController->index()
#8 C:\wamp64\www\codeigniter-rest-api\vendor\codeigniter4\framework\system\CodeIgniter.php(436): CodeIgniter\CodeIgniter->runController(Object(App\Controllers\EmployeeController))
#9 C:\wamp64\www\codeigniter-rest-api\vendor\codeigniter4\framework\system\CodeIgniter.php(336): CodeIgniter\CodeIgniter->handleRequest(NULL, Object(Config\Cache), false)
#10 C:\wamp64\www\codeigniter-rest-api\public\index.php(37): CodeIgniter\CodeIgniter->run()
#11 C:\wamp64\www\codeigniter-rest-api\vendor\codeigniter4\framework\system\Commands\Server\rewrite.php(45): require_once('C:\\wamp64\\www\\c...')
#12 {main}
CRITICAL - 2021-08-25 07:20:52 --> Class 'App\Models\DepartmentModel' not found
#0 C:\wamp64\www\codeigniter-rest-api\vendor\codeigniter4\framework\system\CodeIgniter.php(928): App\Controllers\DepartmentController->index()
#1 C:\wamp64\www\codeigniter-rest-api\vendor\codeigniter4\framework\system\CodeIgniter.php(436): CodeIgniter\CodeIgniter->runController(Object(App\Controllers\DepartmentController))
#2 C:\wamp64\www\codeigniter-rest-api\vendor\codeigniter4\framework\system\CodeIgniter.php(336): CodeIgniter\CodeIgniter->handleRequest(NULL, Object(Config\Cache), false)
#3 C:\wamp64\www\codeigniter-rest-api\public\index.php(37): CodeIgniter\CodeIgniter->run()
#4 C:\wamp64\www\codeigniter-rest-api\vendor\codeigniter4\framework\system\Commands\Server\rewrite.php(45): require_once('C:\\wamp64\\www\\c...')
#5 {main}
ERROR - 2021-08-25 07:28:25 --> Table 'leave_staff.tlbleaves' doesn't exist
CRITICAL - 2021-08-25 07:28:25 --> Table 'leave_staff.tlbleaves' doesn't exist
#0 C:\wamp64\www\codeigniter-rest-api\vendor\codeigniter4\framework\system\Database\MySQLi\Connection.php(329): mysqli->query('SELECT *\nFROM `...')
#1 C:\wamp64\www\codeigniter-rest-api\vendor\codeigniter4\framework\system\Database\BaseConnection.php(732): CodeIgniter\Database\MySQLi\Connection->execute('SELECT *\nFROM `...')
#2 C:\wamp64\www\codeigniter-rest-api\vendor\codeigniter4\framework\system\Database\BaseConnection.php(647): CodeIgniter\Database\BaseConnection->simpleQuery('SELECT *\nFROM `...')
#3 C:\wamp64\www\codeigniter-rest-api\vendor\codeigniter4\framework\system\Database\BaseBuilder.php(1881): CodeIgniter\Database\BaseConnection->query('SELECT *\nFROM `...', Array, false)
#4 C:\wamp64\www\codeigniter-rest-api\vendor\codeigniter4\framework\system\Model.php(197): CodeIgniter\Database\BaseBuilder->get()
#5 C:\wamp64\www\codeigniter-rest-api\vendor\codeigniter4\framework\system\BaseModel.php(603): CodeIgniter\Model->doFindAll(0, 0)
#6 C:\wamp64\www\codeigniter-rest-api\app\Controllers\LeaveController.php(14): CodeIgniter\BaseModel->findAll()
#7 C:\wamp64\www\codeigniter-rest-api\vendor\codeigniter4\framework\system\CodeIgniter.php(928): App\Controllers\LeaveController->index()
#8 C:\wamp64\www\codeigniter-rest-api\vendor\codeigniter4\framework\system\CodeIgniter.php(436): CodeIgniter\CodeIgniter->runController(Object(App\Controllers\LeaveController))
#9 C:\wamp64\www\codeigniter-rest-api\vendor\codeigniter4\framework\system\CodeIgniter.php(336): CodeIgniter\CodeIgniter->handleRequest(NULL, Object(Config\Cache), false)
#10 C:\wamp64\www\codeigniter-rest-api\public\index.php(37): CodeIgniter\CodeIgniter->run()
#11 C:\wamp64\www\codeigniter-rest-api\vendor\codeigniter4\framework\system\Commands\Server\rewrite.php(45): require_once('C:\\wamp64\\www\\c...')
#12 {main}
ERROR - 2021-08-25 08:20:32 --> Unknown column 'Creation' in 'field list'
CRITICAL - 2021-08-25 08:20:32 --> Unknown column 'Creation' in 'field list'
#0 C:\wamp64\www\codeigniter-rest-api\vendor\codeigniter4\framework\system\Database\MySQLi\Connection.php(329): mysqli->query('UPDATE `tblleav...')
#1 C:\wamp64\www\codeigniter-rest-api\vendor\codeigniter4\framework\system\Database\BaseConnection.php(732): CodeIgniter\Database\MySQLi\Connection->execute('UPDATE `tblleav...')
#2 C:\wamp64\www\codeigniter-rest-api\vendor\codeigniter4\framework\system\Database\BaseConnection.php(647): CodeIgniter\Database\BaseConnection->simpleQuery('UPDATE `tblleav...')
#3 C:\wamp64\www\codeigniter-rest-api\vendor\codeigniter4\framework\system\Database\BaseBuilder.php(2482): CodeIgniter\Database\BaseConnection->query('UPDATE `tblleav...', Array, false)
#4 C:\wamp64\www\codeigniter-rest-api\vendor\codeigniter4\framework\system\Model.php(326): CodeIgniter\Database\BaseBuilder->update()
#5 C:\wamp64\www\codeigniter-rest-api\vendor\codeigniter4\framework\system\BaseModel.php(917): CodeIgniter\Model->doUpdate(NULL, Array)
#6 C:\wamp64\www\codeigniter-rest-api\vendor\codeigniter4\framework\system\Model.php(718): CodeIgniter\BaseModel->update(NULL, Array)
#7 C:\wamp64\www\codeigniter-rest-api\app\Controllers\LeaveTypeController.php(63): CodeIgniter\Model->update(NULL, Array)
#8 C:\wamp64\www\codeigniter-rest-api\vendor\codeigniter4\framework\system\CodeIgniter.php(928): App\Controllers\LeaveTypeController->update(NULL)
#9 C:\wamp64\www\codeigniter-rest-api\vendor\codeigniter4\framework\system\CodeIgniter.php(436): CodeIgniter\CodeIgniter->runController(Object(App\Controllers\LeaveTypeController))
#10 C:\wamp64\www\codeigniter-rest-api\vendor\codeigniter4\framework\system\CodeIgniter.php(336): CodeIgniter\CodeIgniter->handleRequest(NULL, Object(Config\Cache), false)
#11 C:\wamp64\www\codeigniter-rest-api\public\index.php(37): CodeIgniter\CodeIgniter->run()
#12 C:\wamp64\www\codeigniter-rest-api\vendor\codeigniter4\framework\system\Commands\Server\rewrite.php(45): require_once('C:\\wamp64\\www\\c...')
#13 {main}
