CRITICAL - 2021-10-08 08:30:50 --> Call to undefined function set_value()
#0 C:\wamp64\www\LeaveApplicationVersion1\vendor\codeigniter4\framework\system\View\View.php(230): include()
#1 C:\wamp64\www\LeaveApplicationVersion1\vendor\codeigniter4\framework\system\View\View.php(232): CodeIgniter\View\View->CodeIgniter\View\{closure}()
#2 C:\wamp64\www\LeaveApplicationVersion1\vendor\codeigniter4\framework\system\Common.php(1271): CodeIgniter\View\View->render('admin/newEmploy...', Array, true)
#3 C:\wamp64\www\LeaveApplicationVersion1\app\Controllers\EmployeeController.php(120): view('admin/newEmploy...')
#4 C:\wamp64\www\LeaveApplicationVersion1\vendor\codeigniter4\framework\system\CodeIgniter.php(928): App\Controllers\EmployeeController->NewEmployee()
#5 C:\wamp64\www\LeaveApplicationVersion1\vendor\codeigniter4\framework\system\CodeIgniter.php(436): CodeIgniter\CodeIgniter->runController(Object(App\Controllers\EmployeeController))
#6 C:\wamp64\www\LeaveApplicationVersion1\vendor\codeigniter4\framework\system\CodeIgniter.php(336): CodeIgniter\CodeIgniter->handleRequest(NULL, Object(Config\Cache), false)
#7 C:\wamp64\www\LeaveApplicationVersion1\public\index.php(37): CodeIgniter\CodeIgniter->run()
#8 C:\wamp64\www\LeaveApplicationVersion1\vendor\codeigniter4\framework\system\Commands\Server\rewrite.php(45): require_once('C:\\wamp64\\www\\L...')
#9 {main}
CRITICAL - 2021-10-08 08:32:55 --> Call to undefined function set_value()
#0 C:\wamp64\www\LeaveApplicationVersion1\vendor\codeigniter4\framework\system\View\View.php(230): include()
#1 C:\wamp64\www\LeaveApplicationVersion1\vendor\codeigniter4\framework\system\View\View.php(232): CodeIgniter\View\View->CodeIgniter\View\{closure}()
#2 C:\wamp64\www\LeaveApplicationVersion1\vendor\codeigniter4\framework\system\Common.php(1271): CodeIgniter\View\View->render('admin/newEmploy...', Array, true)
#3 C:\wamp64\www\LeaveApplicationVersion1\app\Controllers\EmployeeController.php(120): view('admin/newEmploy...')
#4 C:\wamp64\www\LeaveApplicationVersion1\vendor\codeigniter4\framework\system\CodeIgniter.php(928): App\Controllers\EmployeeController->NewEmployee()
#5 C:\wamp64\www\LeaveApplicationVersion1\vendor\codeigniter4\framework\system\CodeIgniter.php(436): CodeIgniter\CodeIgniter->runController(Object(App\Controllers\EmployeeController))
#6 C:\wamp64\www\LeaveApplicationVersion1\vendor\codeigniter4\framework\system\CodeIgniter.php(336): CodeIgniter\CodeIgniter->handleRequest(NULL, Object(Config\Cache), false)
#7 C:\wamp64\www\LeaveApplicationVersion1\public\index.php(37): CodeIgniter\CodeIgniter->run()
#8 C:\wamp64\www\LeaveApplicationVersion1\vendor\codeigniter4\framework\system\Commands\Server\rewrite.php(45): require_once('C:\\wamp64\\www\\L...')
#9 {main}
CRITICAL - 2021-10-08 08:33:09 --> Call to undefined function set_value()
#0 C:\wamp64\www\LeaveApplicationVersion1\vendor\codeigniter4\framework\system\View\View.php(230): include()
#1 C:\wamp64\www\LeaveApplicationVersion1\vendor\codeigniter4\framework\system\View\View.php(232): CodeIgniter\View\View->CodeIgniter\View\{closure}()
#2 C:\wamp64\www\LeaveApplicationVersion1\vendor\codeigniter4\framework\system\Common.php(1271): CodeIgniter\View\View->render('admin/newEmploy...', Array, true)
#3 C:\wamp64\www\LeaveApplicationVersion1\app\Controllers\EmployeeController.php(120): view('admin/newEmploy...')
#4 C:\wamp64\www\LeaveApplicationVersion1\vendor\codeigniter4\framework\system\CodeIgniter.php(928): App\Controllers\EmployeeController->NewEmployee()
#5 C:\wamp64\www\LeaveApplicationVersion1\vendor\codeigniter4\framework\system\CodeIgniter.php(436): CodeIgniter\CodeIgniter->runController(Object(App\Controllers\EmployeeController))
#6 C:\wamp64\www\LeaveApplicationVersion1\vendor\codeigniter4\framework\system\CodeIgniter.php(336): CodeIgniter\CodeIgniter->handleRequest(NULL, Object(Config\Cache), false)
#7 C:\wamp64\www\LeaveApplicationVersion1\public\index.php(37): CodeIgniter\CodeIgniter->run()
#8 C:\wamp64\www\LeaveApplicationVersion1\vendor\codeigniter4\framework\system\Commands\Server\rewrite.php(45): require_once('C:\\wamp64\\www\\L...')
#9 {main}
