CRITICAL - 2021-09-13 04:48:54 --> Undefined index: UserPassword
#0 C:\wamp64\www\codeigniter-rest-api\app\Controllers\Login.php(26): CodeIgniter\Debug\Exceptions->errorHandler(8, 'Undefined index...', 'C:\\wamp64\\www\\c...', 26, Array)
#1 C:\wamp64\www\codeigniter-rest-api\vendor\codeigniter4\framework\system\CodeIgniter.php(928): App\Controllers\Login->auth()
#2 C:\wamp64\www\codeigniter-rest-api\vendor\codeigniter4\framework\system\CodeIgniter.php(436): CodeIgniter\CodeIgniter->runController(Object(App\Controllers\Login))
#3 C:\wamp64\www\codeigniter-rest-api\vendor\codeigniter4\framework\system\CodeIgniter.php(336): CodeIgniter\CodeIgniter->handleRequest(NULL, Object(Config\Cache), false)
#4 C:\wamp64\www\codeigniter-rest-api\public\index.php(37): CodeIgniter\CodeIgniter->run()
#5 C:\wamp64\www\codeigniter-rest-api\vendor\codeigniter4\framework\system\Commands\Server\rewrite.php(45): require_once('C:\\wamp64\\www\\c...')
#6 {main}
CRITICAL - 2021-09-13 04:49:01 --> Undefined index: UserPassword
#0 C:\wamp64\www\codeigniter-rest-api\app\Controllers\Login.php(26): CodeIgniter\Debug\Exceptions->errorHandler(8, 'Undefined index...', 'C:\\wamp64\\www\\c...', 26, Array)
#1 C:\wamp64\www\codeigniter-rest-api\vendor\codeigniter4\framework\system\CodeIgniter.php(928): App\Controllers\Login->auth()
#2 C:\wamp64\www\codeigniter-rest-api\vendor\codeigniter4\framework\system\CodeIgniter.php(436): CodeIgniter\CodeIgniter->runController(Object(App\Controllers\Login))
#3 C:\wamp64\www\codeigniter-rest-api\vendor\codeigniter4\framework\system\CodeIgniter.php(336): CodeIgniter\CodeIgniter->handleRequest(NULL, Object(Config\Cache), false)
#4 C:\wamp64\www\codeigniter-rest-api\public\index.php(37): CodeIgniter\CodeIgniter->run()
#5 C:\wamp64\www\codeigniter-rest-api\vendor\codeigniter4\framework\system\Commands\Server\rewrite.php(45): require_once('C:\\wamp64\\www\\c...')
#6 {main}
CRITICAL - 2021-09-13 04:49:20 --> Undefined index: UserPassword
#0 C:\wamp64\www\codeigniter-rest-api\app\Controllers\Login.php(26): CodeIgniter\Debug\Exceptions->errorHandler(8, 'Undefined index...', 'C:\\wamp64\\www\\c...', 26, Array)
#1 C:\wamp64\www\codeigniter-rest-api\vendor\codeigniter4\framework\system\CodeIgniter.php(928): App\Controllers\Login->auth()
#2 C:\wamp64\www\codeigniter-rest-api\vendor\codeigniter4\framework\system\CodeIgniter.php(436): CodeIgniter\CodeIgniter->runController(Object(App\Controllers\Login))
#3 C:\wamp64\www\codeigniter-rest-api\vendor\codeigniter4\framework\system\CodeIgniter.php(336): CodeIgniter\CodeIgniter->handleRequest(NULL, Object(Config\Cache), false)
#4 C:\wamp64\www\codeigniter-rest-api\public\index.php(37): CodeIgniter\CodeIgniter->run()
#5 C:\wamp64\www\codeigniter-rest-api\vendor\codeigniter4\framework\system\Commands\Server\rewrite.php(45): require_once('C:\\wamp64\\www\\c...')
#6 {main}
CRITICAL - 2021-09-13 04:51:06 --> Undefined index: Userpassword
#0 C:\wamp64\www\codeigniter-rest-api\app\Controllers\Login.php(26): CodeIgniter\Debug\Exceptions->errorHandler(8, 'Undefined index...', 'C:\\wamp64\\www\\c...', 26, Array)
#1 C:\wamp64\www\codeigniter-rest-api\vendor\codeigniter4\framework\system\CodeIgniter.php(928): App\Controllers\Login->auth()
#2 C:\wamp64\www\codeigniter-rest-api\vendor\codeigniter4\framework\system\CodeIgniter.php(436): CodeIgniter\CodeIgniter->runController(Object(App\Controllers\Login))
#3 C:\wamp64\www\codeigniter-rest-api\vendor\codeigniter4\framework\system\CodeIgniter.php(336): CodeIgniter\CodeIgniter->handleRequest(NULL, Object(Config\Cache), false)
#4 C:\wamp64\www\codeigniter-rest-api\public\index.php(37): CodeIgniter\CodeIgniter->run()
#5 C:\wamp64\www\codeigniter-rest-api\vendor\codeigniter4\framework\system\Commands\Server\rewrite.php(45): require_once('C:\\wamp64\\www\\c...')
#6 {main}
ERROR - 2021-09-13 05:42:26 --> Duplicate entry '0' for key 'PRIMARY'
CRITICAL - 2021-09-13 05:42:26 --> Duplicate entry '0' for key 'PRIMARY'
#0 C:\wamp64\www\codeigniter-rest-api\vendor\codeigniter4\framework\system\Database\MySQLi\Connection.php(329): mysqli->query('INSERT INTO `tb...')
#1 C:\wamp64\www\codeigniter-rest-api\vendor\codeigniter4\framework\system\Database\BaseConnection.php(732): CodeIgniter\Database\MySQLi\Connection->execute('INSERT INTO `tb...')
#2 C:\wamp64\www\codeigniter-rest-api\vendor\codeigniter4\framework\system\Database\BaseConnection.php(647): CodeIgniter\Database\BaseConnection->simpleQuery('INSERT INTO `tb...')
#3 C:\wamp64\www\codeigniter-rest-api\vendor\codeigniter4\framework\system\Database\BaseBuilder.php(2277): CodeIgniter\Database\BaseConnection->query('INSERT INTO `tb...', Array, false)
#4 C:\wamp64\www\codeigniter-rest-api\vendor\codeigniter4\framework\system\Model.php(259): CodeIgniter\Database\BaseBuilder->insert()
#5 C:\wamp64\www\codeigniter-rest-api\vendor\codeigniter4\framework\system\BaseModel.php(774): CodeIgniter\Model->doInsert(Array)
#6 C:\wamp64\www\codeigniter-rest-api\vendor\codeigniter4\framework\system\Model.php(686): CodeIgniter\BaseModel->insert(Array, false)
#7 C:\wamp64\www\codeigniter-rest-api\vendor\codeigniter4\framework\system\BaseModel.php(687): CodeIgniter\Model->insert(Array, false)
#8 C:\wamp64\www\codeigniter-rest-api\app\Controllers\Register.php(41): CodeIgniter\BaseModel->save(Array)
#9 C:\wamp64\www\codeigniter-rest-api\vendor\codeigniter4\framework\system\CodeIgniter.php(928): App\Controllers\Register->save()
#10 C:\wamp64\www\codeigniter-rest-api\vendor\codeigniter4\framework\system\CodeIgniter.php(436): CodeIgniter\CodeIgniter->runController(Object(App\Controllers\Register))
#11 C:\wamp64\www\codeigniter-rest-api\vendor\codeigniter4\framework\system\CodeIgniter.php(336): CodeIgniter\CodeIgniter->handleRequest(NULL, Object(Config\Cache), false)
#12 C:\wamp64\www\codeigniter-rest-api\public\index.php(37): CodeIgniter\CodeIgniter->run()
#13 C:\wamp64\www\codeigniter-rest-api\vendor\codeigniter4\framework\system\Commands\Server\rewrite.php(45): require_once('C:\\wamp64\\www\\c...')
#14 {main}
ERROR - 2021-09-13 05:46:19 --> Duplicate entry '0' for key 'PRIMARY'
CRITICAL - 2021-09-13 05:46:19 --> Duplicate entry '0' for key 'PRIMARY'
#0 C:\wamp64\www\codeigniter-rest-api\vendor\codeigniter4\framework\system\Database\MySQLi\Connection.php(329): mysqli->query('INSERT INTO `tb...')
#1 C:\wamp64\www\codeigniter-rest-api\vendor\codeigniter4\framework\system\Database\BaseConnection.php(732): CodeIgniter\Database\MySQLi\Connection->execute('INSERT INTO `tb...')
#2 C:\wamp64\www\codeigniter-rest-api\vendor\codeigniter4\framework\system\Database\BaseConnection.php(647): CodeIgniter\Database\BaseConnection->simpleQuery('INSERT INTO `tb...')
#3 C:\wamp64\www\codeigniter-rest-api\vendor\codeigniter4\framework\system\Database\BaseBuilder.php(2277): CodeIgniter\Database\BaseConnection->query('INSERT INTO `tb...', Array, false)
#4 C:\wamp64\www\codeigniter-rest-api\vendor\codeigniter4\framework\system\Model.php(259): CodeIgniter\Database\BaseBuilder->insert()
#5 C:\wamp64\www\codeigniter-rest-api\vendor\codeigniter4\framework\system\BaseModel.php(774): CodeIgniter\Model->doInsert(Array)
#6 C:\wamp64\www\codeigniter-rest-api\vendor\codeigniter4\framework\system\Model.php(686): CodeIgniter\BaseModel->insert(Array, false)
#7 C:\wamp64\www\codeigniter-rest-api\vendor\codeigniter4\framework\system\BaseModel.php(687): CodeIgniter\Model->insert(Array, false)
#8 C:\wamp64\www\codeigniter-rest-api\app\Controllers\Register.php(41): CodeIgniter\BaseModel->save(Array)
#9 C:\wamp64\www\codeigniter-rest-api\vendor\codeigniter4\framework\system\CodeIgniter.php(928): App\Controllers\Register->save()
#10 C:\wamp64\www\codeigniter-rest-api\vendor\codeigniter4\framework\system\CodeIgniter.php(436): CodeIgniter\CodeIgniter->runController(Object(App\Controllers\Register))
#11 C:\wamp64\www\codeigniter-rest-api\vendor\codeigniter4\framework\system\CodeIgniter.php(336): CodeIgniter\CodeIgniter->handleRequest(NULL, Object(Config\Cache), false)
#12 C:\wamp64\www\codeigniter-rest-api\public\index.php(37): CodeIgniter\CodeIgniter->run()
#13 C:\wamp64\www\codeigniter-rest-api\vendor\codeigniter4\framework\system\Commands\Server\rewrite.php(45): require_once('C:\\wamp64\\www\\c...')
#14 {main}
ERROR - 2021-09-13 05:48:47 --> Duplicate entry '0' for key 'PRIMARY'
CRITICAL - 2021-09-13 05:48:47 --> Duplicate entry '0' for key 'PRIMARY'
#0 C:\wamp64\www\codeigniter-rest-api\vendor\codeigniter4\framework\system\Database\MySQLi\Connection.php(329): mysqli->query('INSERT INTO `tb...')
#1 C:\wamp64\www\codeigniter-rest-api\vendor\codeigniter4\framework\system\Database\BaseConnection.php(732): CodeIgniter\Database\MySQLi\Connection->execute('INSERT INTO `tb...')
#2 C:\wamp64\www\codeigniter-rest-api\vendor\codeigniter4\framework\system\Database\BaseConnection.php(647): CodeIgniter\Database\BaseConnection->simpleQuery('INSERT INTO `tb...')
#3 C:\wamp64\www\codeigniter-rest-api\vendor\codeigniter4\framework\system\Database\BaseBuilder.php(2277): CodeIgniter\Database\BaseConnection->query('INSERT INTO `tb...', Array, false)
#4 C:\wamp64\www\codeigniter-rest-api\vendor\codeigniter4\framework\system\Model.php(259): CodeIgniter\Database\BaseBuilder->insert()
#5 C:\wamp64\www\codeigniter-rest-api\vendor\codeigniter4\framework\system\BaseModel.php(774): CodeIgniter\Model->doInsert(Array)
#6 C:\wamp64\www\codeigniter-rest-api\vendor\codeigniter4\framework\system\Model.php(686): CodeIgniter\BaseModel->insert(Array, false)
#7 C:\wamp64\www\codeigniter-rest-api\vendor\codeigniter4\framework\system\BaseModel.php(687): CodeIgniter\Model->insert(Array, false)
#8 C:\wamp64\www\codeigniter-rest-api\app\Controllers\Register.php(41): CodeIgniter\BaseModel->save(Array)
#9 C:\wamp64\www\codeigniter-rest-api\vendor\codeigniter4\framework\system\CodeIgniter.php(928): App\Controllers\Register->save()
#10 C:\wamp64\www\codeigniter-rest-api\vendor\codeigniter4\framework\system\CodeIgniter.php(436): CodeIgniter\CodeIgniter->runController(Object(App\Controllers\Register))
#11 C:\wamp64\www\codeigniter-rest-api\vendor\codeigniter4\framework\system\CodeIgniter.php(336): CodeIgniter\CodeIgniter->handleRequest(NULL, Object(Config\Cache), false)
#12 C:\wamp64\www\codeigniter-rest-api\public\index.php(37): CodeIgniter\CodeIgniter->run()
#13 C:\wamp64\www\codeigniter-rest-api\vendor\codeigniter4\framework\system\Commands\Server\rewrite.php(45): require_once('C:\\wamp64\\www\\c...')
#14 {main}
ERROR - 2021-09-13 05:48:52 --> Duplicate entry '0' for key 'PRIMARY'
CRITICAL - 2021-09-13 05:48:52 --> Duplicate entry '0' for key 'PRIMARY'
#0 C:\wamp64\www\codeigniter-rest-api\vendor\codeigniter4\framework\system\Database\MySQLi\Connection.php(329): mysqli->query('INSERT INTO `tb...')
#1 C:\wamp64\www\codeigniter-rest-api\vendor\codeigniter4\framework\system\Database\BaseConnection.php(732): CodeIgniter\Database\MySQLi\Connection->execute('INSERT INTO `tb...')
#2 C:\wamp64\www\codeigniter-rest-api\vendor\codeigniter4\framework\system\Database\BaseConnection.php(647): CodeIgniter\Database\BaseConnection->simpleQuery('INSERT INTO `tb...')
#3 C:\wamp64\www\codeigniter-rest-api\vendor\codeigniter4\framework\system\Database\BaseBuilder.php(2277): CodeIgniter\Database\BaseConnection->query('INSERT INTO `tb...', Array, false)
#4 C:\wamp64\www\codeigniter-rest-api\vendor\codeigniter4\framework\system\Model.php(259): CodeIgniter\Database\BaseBuilder->insert()
#5 C:\wamp64\www\codeigniter-rest-api\vendor\codeigniter4\framework\system\BaseModel.php(774): CodeIgniter\Model->doInsert(Array)
#6 C:\wamp64\www\codeigniter-rest-api\vendor\codeigniter4\framework\system\Model.php(686): CodeIgniter\BaseModel->insert(Array, false)
#7 C:\wamp64\www\codeigniter-rest-api\vendor\codeigniter4\framework\system\BaseModel.php(687): CodeIgniter\Model->insert(Array, false)
#8 C:\wamp64\www\codeigniter-rest-api\app\Controllers\Register.php(41): CodeIgniter\BaseModel->save(Array)
#9 C:\wamp64\www\codeigniter-rest-api\vendor\codeigniter4\framework\system\CodeIgniter.php(928): App\Controllers\Register->save()
#10 C:\wamp64\www\codeigniter-rest-api\vendor\codeigniter4\framework\system\CodeIgniter.php(436): CodeIgniter\CodeIgniter->runController(Object(App\Controllers\Register))
#11 C:\wamp64\www\codeigniter-rest-api\vendor\codeigniter4\framework\system\CodeIgniter.php(336): CodeIgniter\CodeIgniter->handleRequest(NULL, Object(Config\Cache), false)
#12 C:\wamp64\www\codeigniter-rest-api\public\index.php(37): CodeIgniter\CodeIgniter->run()
#13 C:\wamp64\www\codeigniter-rest-api\vendor\codeigniter4\framework\system\Commands\Server\rewrite.php(45): require_once('C:\\wamp64\\www\\c...')
#14 {main}
CRITICAL - 2021-09-13 08:13:20 --> Call to undefined function set_value()
#0 C:\wamp64\www\LeaveApplication\vendor\codeigniter4\framework\system\View\View.php(230): include()
#1 C:\wamp64\www\LeaveApplication\vendor\codeigniter4\framework\system\View\View.php(232): CodeIgniter\View\View->CodeIgniter\View\{closure}()
#2 C:\wamp64\www\LeaveApplication\vendor\codeigniter4\framework\system\Common.php(1271): CodeIgniter\View\View->render('login', Array, true)
#3 C:\wamp64\www\LeaveApplication\app\Controllers\Home.php(9): view('login')
#4 C:\wamp64\www\LeaveApplication\vendor\codeigniter4\framework\system\CodeIgniter.php(928): App\Controllers\Home->index()
#5 C:\wamp64\www\LeaveApplication\vendor\codeigniter4\framework\system\CodeIgniter.php(436): CodeIgniter\CodeIgniter->runController(Object(App\Controllers\Home))
#6 C:\wamp64\www\LeaveApplication\vendor\codeigniter4\framework\system\CodeIgniter.php(336): CodeIgniter\CodeIgniter->handleRequest(NULL, Object(Config\Cache), false)
#7 C:\wamp64\www\LeaveApplication\public\index.php(37): CodeIgniter\CodeIgniter->run()
#8 C:\wamp64\www\LeaveApplication\vendor\codeigniter4\framework\system\Commands\Server\rewrite.php(45): require_once('C:\\wamp64\\www\\L...')
#9 {main}
CRITICAL - 2021-09-13 08:16:10 --> Cannot declare class App\Controllers\Login, because the name is already in use
#0 [internal function]: CodeIgniter\Debug\Exceptions->shutdownHandler()
#1 {main}
