CRITICAL - 2021-09-30 03:15:24 --> Undefined variable: h
#0 C:\wamp64\www\LeaveApplication\app\Views\Leave\Leaves.php(63): CodeIgniter\Debug\Exceptions->errorHandler(8, 'Undefined varia...', 'C:\\wamp64\\www\\L...', 63, Array)
#1 C:\wamp64\www\LeaveApplication\vendor\codeigniter4\framework\system\View\View.php(230): include('C:\\wamp64\\www\\L...')
#2 C:\wamp64\www\LeaveApplication\vendor\codeigniter4\framework\system\View\View.php(232): CodeIgniter\View\View->CodeIgniter\View\{closure}()
#3 C:\wamp64\www\LeaveApplication\vendor\codeigniter4\framework\system\Common.php(1271): CodeIgniter\View\View->render('Leave/Leaves', Array, true)
#4 C:\wamp64\www\LeaveApplication\app\Controllers\LeaveController.php(15): view('Leave/Leaves')
#5 C:\wamp64\www\LeaveApplication\vendor\codeigniter4\framework\system\CodeIgniter.php(928): App\Controllers\LeaveController->Leaves()
#6 C:\wamp64\www\LeaveApplication\vendor\codeigniter4\framework\system\CodeIgniter.php(436): CodeIgniter\CodeIgniter->runController(Object(App\Controllers\LeaveController))
#7 C:\wamp64\www\LeaveApplication\vendor\codeigniter4\framework\system\CodeIgniter.php(336): CodeIgniter\CodeIgniter->handleRequest(NULL, Object(Config\Cache), false)
#8 C:\wamp64\www\LeaveApplication\public\index.php(37): CodeIgniter\CodeIgniter->run()
#9 C:\wamp64\www\LeaveApplication\vendor\codeigniter4\framework\system\Commands\Server\rewrite.php(45): require_once('C:\\wamp64\\www\\L...')
#10 {main}
CRITICAL - 2021-09-30 03:17:55 --> Undefined variable: tbleaves
#0 C:\wamp64\www\LeaveApplication\app\Views\Leave\Leaves.php(63): CodeIgniter\Debug\Exceptions->errorHandler(8, 'Undefined varia...', 'C:\\wamp64\\www\\L...', 63, Array)
#1 C:\wamp64\www\LeaveApplication\vendor\codeigniter4\framework\system\View\View.php(230): include('C:\\wamp64\\www\\L...')
#2 C:\wamp64\www\LeaveApplication\vendor\codeigniter4\framework\system\View\View.php(232): CodeIgniter\View\View->CodeIgniter\View\{closure}()
#3 C:\wamp64\www\LeaveApplication\vendor\codeigniter4\framework\system\Common.php(1271): CodeIgniter\View\View->render('Leave/Leaves', Array, true)
#4 C:\wamp64\www\LeaveApplication\app\Controllers\LeaveController.php(15): view('Leave/Leaves')
#5 C:\wamp64\www\LeaveApplication\vendor\codeigniter4\framework\system\CodeIgniter.php(928): App\Controllers\LeaveController->Leaves()
#6 C:\wamp64\www\LeaveApplication\vendor\codeigniter4\framework\system\CodeIgniter.php(436): CodeIgniter\CodeIgniter->runController(Object(App\Controllers\LeaveController))
#7 C:\wamp64\www\LeaveApplication\vendor\codeigniter4\framework\system\CodeIgniter.php(336): CodeIgniter\CodeIgniter->handleRequest(NULL, Object(Config\Cache), false)
#8 C:\wamp64\www\LeaveApplication\public\index.php(37): CodeIgniter\CodeIgniter->run()
#9 C:\wamp64\www\LeaveApplication\vendor\codeigniter4\framework\system\Commands\Server\rewrite.php(45): require_once('C:\\wamp64\\www\\L...')
#10 {main}
CRITICAL - 2021-09-30 03:34:46 --> Invalid file: newEmployee.php
#0 C:\wamp64\www\LeaveApplicationVersion1\vendor\codeigniter4\framework\system\View\View.php(213): CodeIgniter\Exceptions\FrameworkException::forInvalidFile('newEmployee.php')
#1 C:\wamp64\www\LeaveApplicationVersion1\vendor\codeigniter4\framework\system\Common.php(1271): CodeIgniter\View\View->render('newEmployee', Array, true)
#2 C:\wamp64\www\LeaveApplicationVersion1\app\Controllers\Register.php(19): view('newEmployee', Array)
#3 C:\wamp64\www\LeaveApplicationVersion1\vendor\codeigniter4\framework\system\CodeIgniter.php(928): App\Controllers\Register->index()
#4 C:\wamp64\www\LeaveApplicationVersion1\vendor\codeigniter4\framework\system\CodeIgniter.php(436): CodeIgniter\CodeIgniter->runController(Object(App\Controllers\Register))
#5 C:\wamp64\www\LeaveApplicationVersion1\vendor\codeigniter4\framework\system\CodeIgniter.php(336): CodeIgniter\CodeIgniter->handleRequest(NULL, Object(Config\Cache), false)
#6 C:\wamp64\www\LeaveApplicationVersion1\public\index.php(37): CodeIgniter\CodeIgniter->run()
#7 C:\wamp64\www\LeaveApplicationVersion1\vendor\codeigniter4\framework\system\Commands\Server\rewrite.php(45): require_once('C:\\wamp64\\www\\L...')
#8 {main}
CRITICAL - 2021-09-30 03:35:33 --> Invalid file: newEmployee.php
#0 C:\wamp64\www\LeaveApplicationVersion1\vendor\codeigniter4\framework\system\View\View.php(213): CodeIgniter\Exceptions\FrameworkException::forInvalidFile('newEmployee.php')
#1 C:\wamp64\www\LeaveApplicationVersion1\vendor\codeigniter4\framework\system\Common.php(1271): CodeIgniter\View\View->render('newEmployee', Array, true)
#2 C:\wamp64\www\LeaveApplicationVersion1\app\Controllers\Register.php(19): view('newEmployee', Array)
#3 C:\wamp64\www\LeaveApplicationVersion1\vendor\codeigniter4\framework\system\CodeIgniter.php(928): App\Controllers\Register->index()
#4 C:\wamp64\www\LeaveApplicationVersion1\vendor\codeigniter4\framework\system\CodeIgniter.php(436): CodeIgniter\CodeIgniter->runController(Object(App\Controllers\Register))
#5 C:\wamp64\www\LeaveApplicationVersion1\vendor\codeigniter4\framework\system\CodeIgniter.php(336): CodeIgniter\CodeIgniter->handleRequest(NULL, Object(Config\Cache), false)
#6 C:\wamp64\www\LeaveApplicationVersion1\public\index.php(37): CodeIgniter\CodeIgniter->run()
#7 C:\wamp64\www\LeaveApplicationVersion1\vendor\codeigniter4\framework\system\Commands\Server\rewrite.php(45): require_once('C:\\wamp64\\www\\L...')
#8 {main}
CRITICAL - 2021-09-30 03:35:34 --> Invalid file: newEmployee.php
#0 C:\wamp64\www\LeaveApplicationVersion1\vendor\codeigniter4\framework\system\View\View.php(213): CodeIgniter\Exceptions\FrameworkException::forInvalidFile('newEmployee.php')
#1 C:\wamp64\www\LeaveApplicationVersion1\vendor\codeigniter4\framework\system\Common.php(1271): CodeIgniter\View\View->render('newEmployee', Array, true)
#2 C:\wamp64\www\LeaveApplicationVersion1\app\Controllers\Register.php(19): view('newEmployee', Array)
#3 C:\wamp64\www\LeaveApplicationVersion1\vendor\codeigniter4\framework\system\CodeIgniter.php(928): App\Controllers\Register->index()
#4 C:\wamp64\www\LeaveApplicationVersion1\vendor\codeigniter4\framework\system\CodeIgniter.php(436): CodeIgniter\CodeIgniter->runController(Object(App\Controllers\Register))
#5 C:\wamp64\www\LeaveApplicationVersion1\vendor\codeigniter4\framework\system\CodeIgniter.php(336): CodeIgniter\CodeIgniter->handleRequest(NULL, Object(Config\Cache), false)
#6 C:\wamp64\www\LeaveApplicationVersion1\public\index.php(37): CodeIgniter\CodeIgniter->run()
#7 C:\wamp64\www\LeaveApplicationVersion1\vendor\codeigniter4\framework\system\Commands\Server\rewrite.php(45): require_once('C:\\wamp64\\www\\L...')
#8 {main}
CRITICAL - 2021-09-30 03:35:34 --> Invalid file: newEmployee.php
#0 C:\wamp64\www\LeaveApplicationVersion1\vendor\codeigniter4\framework\system\View\View.php(213): CodeIgniter\Exceptions\FrameworkException::forInvalidFile('newEmployee.php')
#1 C:\wamp64\www\LeaveApplicationVersion1\vendor\codeigniter4\framework\system\Common.php(1271): CodeIgniter\View\View->render('newEmployee', Array, true)
#2 C:\wamp64\www\LeaveApplicationVersion1\app\Controllers\Register.php(19): view('newEmployee', Array)
#3 C:\wamp64\www\LeaveApplicationVersion1\vendor\codeigniter4\framework\system\CodeIgniter.php(928): App\Controllers\Register->index()
#4 C:\wamp64\www\LeaveApplicationVersion1\vendor\codeigniter4\framework\system\CodeIgniter.php(436): CodeIgniter\CodeIgniter->runController(Object(App\Controllers\Register))
#5 C:\wamp64\www\LeaveApplicationVersion1\vendor\codeigniter4\framework\system\CodeIgniter.php(336): CodeIgniter\CodeIgniter->handleRequest(NULL, Object(Config\Cache), false)
#6 C:\wamp64\www\LeaveApplicationVersion1\public\index.php(37): CodeIgniter\CodeIgniter->run()
#7 C:\wamp64\www\LeaveApplicationVersion1\vendor\codeigniter4\framework\system\Commands\Server\rewrite.php(45): require_once('C:\\wamp64\\www\\L...')
#8 {main}
CRITICAL - 2021-09-30 03:35:35 --> Invalid file: newEmployee.php
#0 C:\wamp64\www\LeaveApplicationVersion1\vendor\codeigniter4\framework\system\View\View.php(213): CodeIgniter\Exceptions\FrameworkException::forInvalidFile('newEmployee.php')
#1 C:\wamp64\www\LeaveApplicationVersion1\vendor\codeigniter4\framework\system\Common.php(1271): CodeIgniter\View\View->render('newEmployee', Array, true)
#2 C:\wamp64\www\LeaveApplicationVersion1\app\Controllers\Register.php(19): view('newEmployee', Array)
#3 C:\wamp64\www\LeaveApplicationVersion1\vendor\codeigniter4\framework\system\CodeIgniter.php(928): App\Controllers\Register->index()
#4 C:\wamp64\www\LeaveApplicationVersion1\vendor\codeigniter4\framework\system\CodeIgniter.php(436): CodeIgniter\CodeIgniter->runController(Object(App\Controllers\Register))
#5 C:\wamp64\www\LeaveApplicationVersion1\vendor\codeigniter4\framework\system\CodeIgniter.php(336): CodeIgniter\CodeIgniter->handleRequest(NULL, Object(Config\Cache), false)
#6 C:\wamp64\www\LeaveApplicationVersion1\public\index.php(37): CodeIgniter\CodeIgniter->run()
#7 C:\wamp64\www\LeaveApplicationVersion1\vendor\codeigniter4\framework\system\Commands\Server\rewrite.php(45): require_once('C:\\wamp64\\www\\L...')
#8 {main}
CRITICAL - 2021-09-30 03:57:22 --> Call to undefined function set_value()
#0 C:\wamp64\www\LeaveApplicationVersion1\vendor\codeigniter4\framework\system\View\View.php(230): include()
#1 C:\wamp64\www\LeaveApplicationVersion1\vendor\codeigniter4\framework\system\View\View.php(232): CodeIgniter\View\View->CodeIgniter\View\{closure}()
#2 C:\wamp64\www\LeaveApplicationVersion1\vendor\codeigniter4\framework\system\Common.php(1271): CodeIgniter\View\View->render('admin/newEmploy...', Array, true)
#3 C:\wamp64\www\LeaveApplicationVersion1\app\Controllers\EmployeeController.php(118): view('admin/newEmploy...')
#4 C:\wamp64\www\LeaveApplicationVersion1\vendor\codeigniter4\framework\system\CodeIgniter.php(928): App\Controllers\EmployeeController->NewEmployee()
#5 C:\wamp64\www\LeaveApplicationVersion1\vendor\codeigniter4\framework\system\CodeIgniter.php(436): CodeIgniter\CodeIgniter->runController(Object(App\Controllers\EmployeeController))
#6 C:\wamp64\www\LeaveApplicationVersion1\vendor\codeigniter4\framework\system\CodeIgniter.php(336): CodeIgniter\CodeIgniter->handleRequest(NULL, Object(Config\Cache), false)
#7 C:\wamp64\www\LeaveApplicationVersion1\public\index.php(37): CodeIgniter\CodeIgniter->run()
#8 C:\wamp64\www\LeaveApplicationVersion1\vendor\codeigniter4\framework\system\Commands\Server\rewrite.php(45): require_once('C:\\wamp64\\www\\L...')
#9 {main}
CRITICAL - 2021-09-30 04:01:02 --> Call to undefined function set_value()
#0 C:\wamp64\www\LeaveApplicationVersion1\vendor\codeigniter4\framework\system\View\View.php(230): include()
#1 C:\wamp64\www\LeaveApplicationVersion1\vendor\codeigniter4\framework\system\View\View.php(232): CodeIgniter\View\View->CodeIgniter\View\{closure}()
#2 C:\wamp64\www\LeaveApplicationVersion1\vendor\codeigniter4\framework\system\Common.php(1271): CodeIgniter\View\View->render('admin/newEmploy...', Array, true)
#3 C:\wamp64\www\LeaveApplicationVersion1\app\Controllers\EmployeeController.php(118): view('admin/newEmploy...')
#4 C:\wamp64\www\LeaveApplicationVersion1\vendor\codeigniter4\framework\system\CodeIgniter.php(928): App\Controllers\EmployeeController->NewEmployee()
#5 C:\wamp64\www\LeaveApplicationVersion1\vendor\codeigniter4\framework\system\CodeIgniter.php(436): CodeIgniter\CodeIgniter->runController(Object(App\Controllers\EmployeeController))
#6 C:\wamp64\www\LeaveApplicationVersion1\vendor\codeigniter4\framework\system\CodeIgniter.php(336): CodeIgniter\CodeIgniter->handleRequest(NULL, Object(Config\Cache), false)
#7 C:\wamp64\www\LeaveApplicationVersion1\public\index.php(37): CodeIgniter\CodeIgniter->run()
#8 C:\wamp64\www\LeaveApplicationVersion1\vendor\codeigniter4\framework\system\Commands\Server\rewrite.php(45): require_once('C:\\wamp64\\www\\L...')
#9 {main}
CRITICAL - 2021-09-30 04:01:04 --> Call to undefined function set_value()
#0 C:\wamp64\www\LeaveApplicationVersion1\vendor\codeigniter4\framework\system\View\View.php(230): include()
#1 C:\wamp64\www\LeaveApplicationVersion1\vendor\codeigniter4\framework\system\View\View.php(232): CodeIgniter\View\View->CodeIgniter\View\{closure}()
#2 C:\wamp64\www\LeaveApplicationVersion1\vendor\codeigniter4\framework\system\Common.php(1271): CodeIgniter\View\View->render('admin/newEmploy...', Array, true)
#3 C:\wamp64\www\LeaveApplicationVersion1\app\Controllers\EmployeeController.php(118): view('admin/newEmploy...')
#4 C:\wamp64\www\LeaveApplicationVersion1\vendor\codeigniter4\framework\system\CodeIgniter.php(928): App\Controllers\EmployeeController->NewEmployee()
#5 C:\wamp64\www\LeaveApplicationVersion1\vendor\codeigniter4\framework\system\CodeIgniter.php(436): CodeIgniter\CodeIgniter->runController(Object(App\Controllers\EmployeeController))
#6 C:\wamp64\www\LeaveApplicationVersion1\vendor\codeigniter4\framework\system\CodeIgniter.php(336): CodeIgniter\CodeIgniter->handleRequest(NULL, Object(Config\Cache), false)
#7 C:\wamp64\www\LeaveApplicationVersion1\public\index.php(37): CodeIgniter\CodeIgniter->run()
#8 C:\wamp64\www\LeaveApplicationVersion1\vendor\codeigniter4\framework\system\Commands\Server\rewrite.php(45): require_once('C:\\wamp64\\www\\L...')
#9 {main}
CRITICAL - 2021-09-30 04:01:05 --> Call to undefined function set_value()
#0 C:\wamp64\www\LeaveApplicationVersion1\vendor\codeigniter4\framework\system\View\View.php(230): include()
#1 C:\wamp64\www\LeaveApplicationVersion1\vendor\codeigniter4\framework\system\View\View.php(232): CodeIgniter\View\View->CodeIgniter\View\{closure}()
#2 C:\wamp64\www\LeaveApplicationVersion1\vendor\codeigniter4\framework\system\Common.php(1271): CodeIgniter\View\View->render('admin/newEmploy...', Array, true)
#3 C:\wamp64\www\LeaveApplicationVersion1\app\Controllers\EmployeeController.php(118): view('admin/newEmploy...')
#4 C:\wamp64\www\LeaveApplicationVersion1\vendor\codeigniter4\framework\system\CodeIgniter.php(928): App\Controllers\EmployeeController->NewEmployee()
#5 C:\wamp64\www\LeaveApplicationVersion1\vendor\codeigniter4\framework\system\CodeIgniter.php(436): CodeIgniter\CodeIgniter->runController(Object(App\Controllers\EmployeeController))
#6 C:\wamp64\www\LeaveApplicationVersion1\vendor\codeigniter4\framework\system\CodeIgniter.php(336): CodeIgniter\CodeIgniter->handleRequest(NULL, Object(Config\Cache), false)
#7 C:\wamp64\www\LeaveApplicationVersion1\public\index.php(37): CodeIgniter\CodeIgniter->run()
#8 C:\wamp64\www\LeaveApplicationVersion1\vendor\codeigniter4\framework\system\Commands\Server\rewrite.php(45): require_once('C:\\wamp64\\www\\L...')
#9 {main}
ERROR - 2021-09-30 04:10:31 --> Column 'FirstName' cannot be null
CRITICAL - 2021-09-30 04:10:31 --> Column 'FirstName' cannot be null
#0 C:\wamp64\www\LeaveApplicationVersion1\vendor\codeigniter4\framework\system\Database\MySQLi\Connection.php(329): mysqli->query('INSERT INTO `tb...')
#1 C:\wamp64\www\LeaveApplicationVersion1\vendor\codeigniter4\framework\system\Database\BaseConnection.php(732): CodeIgniter\Database\MySQLi\Connection->execute('INSERT INTO `tb...')
#2 C:\wamp64\www\LeaveApplicationVersion1\vendor\codeigniter4\framework\system\Database\BaseConnection.php(647): CodeIgniter\Database\BaseConnection->simpleQuery('INSERT INTO `tb...')
#3 C:\wamp64\www\LeaveApplicationVersion1\vendor\codeigniter4\framework\system\Database\BaseBuilder.php(2277): CodeIgniter\Database\BaseConnection->query('INSERT INTO `tb...', Array, false)
#4 C:\wamp64\www\LeaveApplicationVersion1\vendor\codeigniter4\framework\system\Model.php(259): CodeIgniter\Database\BaseBuilder->insert()
#5 C:\wamp64\www\LeaveApplicationVersion1\vendor\codeigniter4\framework\system\BaseModel.php(774): CodeIgniter\Model->doInsert(Array)
#6 C:\wamp64\www\LeaveApplicationVersion1\vendor\codeigniter4\framework\system\Model.php(686): CodeIgniter\BaseModel->insert(Array, true)
#7 C:\wamp64\www\LeaveApplicationVersion1\app\Controllers\EmployeeController.php(42): CodeIgniter\Model->insert(Array)
#8 C:\wamp64\www\LeaveApplicationVersion1\vendor\codeigniter4\framework\system\CodeIgniter.php(928): App\Controllers\EmployeeController->create()
#9 C:\wamp64\www\LeaveApplicationVersion1\vendor\codeigniter4\framework\system\CodeIgniter.php(436): CodeIgniter\CodeIgniter->runController(Object(App\Controllers\EmployeeController))
#10 C:\wamp64\www\LeaveApplicationVersion1\vendor\codeigniter4\framework\system\CodeIgniter.php(336): CodeIgniter\CodeIgniter->handleRequest(NULL, Object(Config\Cache), false)
#11 C:\wamp64\www\LeaveApplicationVersion1\public\index.php(37): CodeIgniter\CodeIgniter->run()
#12 C:\wamp64\www\LeaveApplicationVersion1\vendor\codeigniter4\framework\system\Commands\Server\rewrite.php(45): require_once('C:\\wamp64\\www\\L...')
#13 {main}
ERROR - 2021-09-30 04:10:59 --> Column 'FirstName' cannot be null
CRITICAL - 2021-09-30 04:10:59 --> Column 'FirstName' cannot be null
#0 C:\wamp64\www\LeaveApplicationVersion1\vendor\codeigniter4\framework\system\Database\MySQLi\Connection.php(329): mysqli->query('INSERT INTO `tb...')
#1 C:\wamp64\www\LeaveApplicationVersion1\vendor\codeigniter4\framework\system\Database\BaseConnection.php(732): CodeIgniter\Database\MySQLi\Connection->execute('INSERT INTO `tb...')
#2 C:\wamp64\www\LeaveApplicationVersion1\vendor\codeigniter4\framework\system\Database\BaseConnection.php(647): CodeIgniter\Database\BaseConnection->simpleQuery('INSERT INTO `tb...')
#3 C:\wamp64\www\LeaveApplicationVersion1\vendor\codeigniter4\framework\system\Database\BaseBuilder.php(2277): CodeIgniter\Database\BaseConnection->query('INSERT INTO `tb...', Array, false)
#4 C:\wamp64\www\LeaveApplicationVersion1\vendor\codeigniter4\framework\system\Model.php(259): CodeIgniter\Database\BaseBuilder->insert()
#5 C:\wamp64\www\LeaveApplicationVersion1\vendor\codeigniter4\framework\system\BaseModel.php(774): CodeIgniter\Model->doInsert(Array)
#6 C:\wamp64\www\LeaveApplicationVersion1\vendor\codeigniter4\framework\system\Model.php(686): CodeIgniter\BaseModel->insert(Array, true)
#7 C:\wamp64\www\LeaveApplicationVersion1\app\Controllers\EmployeeController.php(42): CodeIgniter\Model->insert(Array)
#8 C:\wamp64\www\LeaveApplicationVersion1\vendor\codeigniter4\framework\system\CodeIgniter.php(928): App\Controllers\EmployeeController->create()
#9 C:\wamp64\www\LeaveApplicationVersion1\vendor\codeigniter4\framework\system\CodeIgniter.php(436): CodeIgniter\CodeIgniter->runController(Object(App\Controllers\EmployeeController))
#10 C:\wamp64\www\LeaveApplicationVersion1\vendor\codeigniter4\framework\system\CodeIgniter.php(336): CodeIgniter\CodeIgniter->handleRequest(NULL, Object(Config\Cache), false)
#11 C:\wamp64\www\LeaveApplicationVersion1\public\index.php(37): CodeIgniter\CodeIgniter->run()
#12 C:\wamp64\www\LeaveApplicationVersion1\vendor\codeigniter4\framework\system\Commands\Server\rewrite.php(45): require_once('C:\\wamp64\\www\\L...')
#13 {main}
ERROR - 2021-09-30 04:11:32 --> Column 'FirstName' cannot be null
CRITICAL - 2021-09-30 04:11:32 --> Column 'FirstName' cannot be null
#0 C:\wamp64\www\LeaveApplicationVersion1\vendor\codeigniter4\framework\system\Database\MySQLi\Connection.php(329): mysqli->query('INSERT INTO `tb...')
#1 C:\wamp64\www\LeaveApplicationVersion1\vendor\codeigniter4\framework\system\Database\BaseConnection.php(732): CodeIgniter\Database\MySQLi\Connection->execute('INSERT INTO `tb...')
#2 C:\wamp64\www\LeaveApplicationVersion1\vendor\codeigniter4\framework\system\Database\BaseConnection.php(647): CodeIgniter\Database\BaseConnection->simpleQuery('INSERT INTO `tb...')
#3 C:\wamp64\www\LeaveApplicationVersion1\vendor\codeigniter4\framework\system\Database\BaseBuilder.php(2277): CodeIgniter\Database\BaseConnection->query('INSERT INTO `tb...', Array, false)
#4 C:\wamp64\www\LeaveApplicationVersion1\vendor\codeigniter4\framework\system\Model.php(259): CodeIgniter\Database\BaseBuilder->insert()
#5 C:\wamp64\www\LeaveApplicationVersion1\vendor\codeigniter4\framework\system\BaseModel.php(774): CodeIgniter\Model->doInsert(Array)
#6 C:\wamp64\www\LeaveApplicationVersion1\vendor\codeigniter4\framework\system\Model.php(686): CodeIgniter\BaseModel->insert(Array, true)
#7 C:\wamp64\www\LeaveApplicationVersion1\app\Controllers\EmployeeController.php(42): CodeIgniter\Model->insert(Array)
#8 C:\wamp64\www\LeaveApplicationVersion1\vendor\codeigniter4\framework\system\CodeIgniter.php(928): App\Controllers\EmployeeController->create()
#9 C:\wamp64\www\LeaveApplicationVersion1\vendor\codeigniter4\framework\system\CodeIgniter.php(436): CodeIgniter\CodeIgniter->runController(Object(App\Controllers\EmployeeController))
#10 C:\wamp64\www\LeaveApplicationVersion1\vendor\codeigniter4\framework\system\CodeIgniter.php(336): CodeIgniter\CodeIgniter->handleRequest(NULL, Object(Config\Cache), false)
#11 C:\wamp64\www\LeaveApplicationVersion1\public\index.php(37): CodeIgniter\CodeIgniter->run()
#12 C:\wamp64\www\LeaveApplicationVersion1\vendor\codeigniter4\framework\system\Commands\Server\rewrite.php(45): require_once('C:\\wamp64\\www\\L...')
#13 {main}
ERROR - 2021-09-30 04:14:34 --> Column 'FirstName' cannot be null
CRITICAL - 2021-09-30 04:14:34 --> Column 'FirstName' cannot be null
#0 C:\wamp64\www\LeaveApplicationVersion1\vendor\codeigniter4\framework\system\Database\MySQLi\Connection.php(329): mysqli->query('INSERT INTO `tb...')
#1 C:\wamp64\www\LeaveApplicationVersion1\vendor\codeigniter4\framework\system\Database\BaseConnection.php(732): CodeIgniter\Database\MySQLi\Connection->execute('INSERT INTO `tb...')
#2 C:\wamp64\www\LeaveApplicationVersion1\vendor\codeigniter4\framework\system\Database\BaseConnection.php(647): CodeIgniter\Database\BaseConnection->simpleQuery('INSERT INTO `tb...')
#3 C:\wamp64\www\LeaveApplicationVersion1\vendor\codeigniter4\framework\system\Database\BaseBuilder.php(2277): CodeIgniter\Database\BaseConnection->query('INSERT INTO `tb...', Array, false)
#4 C:\wamp64\www\LeaveApplicationVersion1\vendor\codeigniter4\framework\system\Model.php(259): CodeIgniter\Database\BaseBuilder->insert()
#5 C:\wamp64\www\LeaveApplicationVersion1\vendor\codeigniter4\framework\system\BaseModel.php(774): CodeIgniter\Model->doInsert(Array)
#6 C:\wamp64\www\LeaveApplicationVersion1\vendor\codeigniter4\framework\system\Model.php(686): CodeIgniter\BaseModel->insert(Array, true)
#7 C:\wamp64\www\LeaveApplicationVersion1\app\Controllers\EmployeeController.php(42): CodeIgniter\Model->insert(Array)
#8 C:\wamp64\www\LeaveApplicationVersion1\vendor\codeigniter4\framework\system\CodeIgniter.php(928): App\Controllers\EmployeeController->create()
#9 C:\wamp64\www\LeaveApplicationVersion1\vendor\codeigniter4\framework\system\CodeIgniter.php(436): CodeIgniter\CodeIgniter->runController(Object(App\Controllers\EmployeeController))
#10 C:\wamp64\www\LeaveApplicationVersion1\vendor\codeigniter4\framework\system\CodeIgniter.php(336): CodeIgniter\CodeIgniter->handleRequest(NULL, Object(Config\Cache), false)
#11 C:\wamp64\www\LeaveApplicationVersion1\public\index.php(37): CodeIgniter\CodeIgniter->run()
#12 C:\wamp64\www\LeaveApplicationVersion1\vendor\codeigniter4\framework\system\Commands\Server\rewrite.php(45): require_once('C:\\wamp64\\www\\L...')
#13 {main}
ERROR - 2021-09-30 04:15:47 --> Column 'EmailId' cannot be null
CRITICAL - 2021-09-30 04:15:47 --> Column 'EmailId' cannot be null
#0 C:\wamp64\www\LeaveApplicationVersion1\vendor\codeigniter4\framework\system\Database\MySQLi\Connection.php(329): mysqli->query('INSERT INTO `tb...')
#1 C:\wamp64\www\LeaveApplicationVersion1\vendor\codeigniter4\framework\system\Database\BaseConnection.php(732): CodeIgniter\Database\MySQLi\Connection->execute('INSERT INTO `tb...')
#2 C:\wamp64\www\LeaveApplicationVersion1\vendor\codeigniter4\framework\system\Database\BaseConnection.php(647): CodeIgniter\Database\BaseConnection->simpleQuery('INSERT INTO `tb...')
#3 C:\wamp64\www\LeaveApplicationVersion1\vendor\codeigniter4\framework\system\Database\BaseBuilder.php(2277): CodeIgniter\Database\BaseConnection->query('INSERT INTO `tb...', Array, false)
#4 C:\wamp64\www\LeaveApplicationVersion1\vendor\codeigniter4\framework\system\Model.php(259): CodeIgniter\Database\BaseBuilder->insert()
#5 C:\wamp64\www\LeaveApplicationVersion1\vendor\codeigniter4\framework\system\BaseModel.php(774): CodeIgniter\Model->doInsert(Array)
#6 C:\wamp64\www\LeaveApplicationVersion1\vendor\codeigniter4\framework\system\Model.php(686): CodeIgniter\BaseModel->insert(Array, true)
#7 C:\wamp64\www\LeaveApplicationVersion1\app\Controllers\EmployeeController.php(42): CodeIgniter\Model->insert(Array)
#8 C:\wamp64\www\LeaveApplicationVersion1\vendor\codeigniter4\framework\system\CodeIgniter.php(928): App\Controllers\EmployeeController->create()
#9 C:\wamp64\www\LeaveApplicationVersion1\vendor\codeigniter4\framework\system\CodeIgniter.php(436): CodeIgniter\CodeIgniter->runController(Object(App\Controllers\EmployeeController))
#10 C:\wamp64\www\LeaveApplicationVersion1\vendor\codeigniter4\framework\system\CodeIgniter.php(336): CodeIgniter\CodeIgniter->handleRequest(NULL, Object(Config\Cache), false)
#11 C:\wamp64\www\LeaveApplicationVersion1\public\index.php(37): CodeIgniter\CodeIgniter->run()
#12 C:\wamp64\www\LeaveApplicationVersion1\vendor\codeigniter4\framework\system\Commands\Server\rewrite.php(45): require_once('C:\\wamp64\\www\\L...')
#13 {main}
ERROR - 2021-09-30 04:17:22 --> Column 'EmailId' cannot be null
CRITICAL - 2021-09-30 04:17:22 --> Column 'EmailId' cannot be null
#0 C:\wamp64\www\LeaveApplicationVersion1\vendor\codeigniter4\framework\system\Database\MySQLi\Connection.php(329): mysqli->query('INSERT INTO `tb...')
#1 C:\wamp64\www\LeaveApplicationVersion1\vendor\codeigniter4\framework\system\Database\BaseConnection.php(732): CodeIgniter\Database\MySQLi\Connection->execute('INSERT INTO `tb...')
#2 C:\wamp64\www\LeaveApplicationVersion1\vendor\codeigniter4\framework\system\Database\BaseConnection.php(647): CodeIgniter\Database\BaseConnection->simpleQuery('INSERT INTO `tb...')
#3 C:\wamp64\www\LeaveApplicationVersion1\vendor\codeigniter4\framework\system\Database\BaseBuilder.php(2277): CodeIgniter\Database\BaseConnection->query('INSERT INTO `tb...', Array, false)
#4 C:\wamp64\www\LeaveApplicationVersion1\vendor\codeigniter4\framework\system\Model.php(259): CodeIgniter\Database\BaseBuilder->insert()
#5 C:\wamp64\www\LeaveApplicationVersion1\vendor\codeigniter4\framework\system\BaseModel.php(774): CodeIgniter\Model->doInsert(Array)
#6 C:\wamp64\www\LeaveApplicationVersion1\vendor\codeigniter4\framework\system\Model.php(686): CodeIgniter\BaseModel->insert(Array, true)
#7 C:\wamp64\www\LeaveApplicationVersion1\app\Controllers\EmployeeController.php(42): CodeIgniter\Model->insert(Array)
#8 C:\wamp64\www\LeaveApplicationVersion1\vendor\codeigniter4\framework\system\CodeIgniter.php(928): App\Controllers\EmployeeController->create()
#9 C:\wamp64\www\LeaveApplicationVersion1\vendor\codeigniter4\framework\system\CodeIgniter.php(436): CodeIgniter\CodeIgniter->runController(Object(App\Controllers\EmployeeController))
#10 C:\wamp64\www\LeaveApplicationVersion1\vendor\codeigniter4\framework\system\CodeIgniter.php(336): CodeIgniter\CodeIgniter->handleRequest(NULL, Object(Config\Cache), false)
#11 C:\wamp64\www\LeaveApplicationVersion1\public\index.php(37): CodeIgniter\CodeIgniter->run()
#12 C:\wamp64\www\LeaveApplicationVersion1\vendor\codeigniter4\framework\system\Commands\Server\rewrite.php(45): require_once('C:\\wamp64\\www\\L...')
#13 {main}
ERROR - 2021-09-30 04:20:32 --> Column 'Department' cannot be null
CRITICAL - 2021-09-30 04:20:32 --> Column 'Department' cannot be null
#0 C:\wamp64\www\LeaveApplicationVersion1\vendor\codeigniter4\framework\system\Database\MySQLi\Connection.php(329): mysqli->query('INSERT INTO `tb...')
#1 C:\wamp64\www\LeaveApplicationVersion1\vendor\codeigniter4\framework\system\Database\BaseConnection.php(732): CodeIgniter\Database\MySQLi\Connection->execute('INSERT INTO `tb...')
#2 C:\wamp64\www\LeaveApplicationVersion1\vendor\codeigniter4\framework\system\Database\BaseConnection.php(647): CodeIgniter\Database\BaseConnection->simpleQuery('INSERT INTO `tb...')
#3 C:\wamp64\www\LeaveApplicationVersion1\vendor\codeigniter4\framework\system\Database\BaseBuilder.php(2277): CodeIgniter\Database\BaseConnection->query('INSERT INTO `tb...', Array, false)
#4 C:\wamp64\www\LeaveApplicationVersion1\vendor\codeigniter4\framework\system\Model.php(259): CodeIgniter\Database\BaseBuilder->insert()
#5 C:\wamp64\www\LeaveApplicationVersion1\vendor\codeigniter4\framework\system\BaseModel.php(774): CodeIgniter\Model->doInsert(Array)
#6 C:\wamp64\www\LeaveApplicationVersion1\vendor\codeigniter4\framework\system\Model.php(686): CodeIgniter\BaseModel->insert(Array, true)
#7 C:\wamp64\www\LeaveApplicationVersion1\app\Controllers\EmployeeController.php(44): CodeIgniter\Model->insert(Array)
#8 C:\wamp64\www\LeaveApplicationVersion1\vendor\codeigniter4\framework\system\CodeIgniter.php(928): App\Controllers\EmployeeController->create()
#9 C:\wamp64\www\LeaveApplicationVersion1\vendor\codeigniter4\framework\system\CodeIgniter.php(436): CodeIgniter\CodeIgniter->runController(Object(App\Controllers\EmployeeController))
#10 C:\wamp64\www\LeaveApplicationVersion1\vendor\codeigniter4\framework\system\CodeIgniter.php(336): CodeIgniter\CodeIgniter->handleRequest(NULL, Object(Config\Cache), false)
#11 C:\wamp64\www\LeaveApplicationVersion1\public\index.php(37): CodeIgniter\CodeIgniter->run()
#12 C:\wamp64\www\LeaveApplicationVersion1\vendor\codeigniter4\framework\system\Commands\Server\rewrite.php(45): require_once('C:\\wamp64\\www\\L...')
#13 {main}
ERROR - 2021-09-30 04:21:26 --> Column 'Department' cannot be null
CRITICAL - 2021-09-30 04:21:26 --> Column 'Department' cannot be null
#0 C:\wamp64\www\LeaveApplicationVersion1\vendor\codeigniter4\framework\system\Database\MySQLi\Connection.php(329): mysqli->query('INSERT INTO `tb...')
#1 C:\wamp64\www\LeaveApplicationVersion1\vendor\codeigniter4\framework\system\Database\BaseConnection.php(732): CodeIgniter\Database\MySQLi\Connection->execute('INSERT INTO `tb...')
#2 C:\wamp64\www\LeaveApplicationVersion1\vendor\codeigniter4\framework\system\Database\BaseConnection.php(647): CodeIgniter\Database\BaseConnection->simpleQuery('INSERT INTO `tb...')
#3 C:\wamp64\www\LeaveApplicationVersion1\vendor\codeigniter4\framework\system\Database\BaseBuilder.php(2277): CodeIgniter\Database\BaseConnection->query('INSERT INTO `tb...', Array, false)
#4 C:\wamp64\www\LeaveApplicationVersion1\vendor\codeigniter4\framework\system\Model.php(259): CodeIgniter\Database\BaseBuilder->insert()
#5 C:\wamp64\www\LeaveApplicationVersion1\vendor\codeigniter4\framework\system\BaseModel.php(774): CodeIgniter\Model->doInsert(Array)
#6 C:\wamp64\www\LeaveApplicationVersion1\vendor\codeigniter4\framework\system\Model.php(686): CodeIgniter\BaseModel->insert(Array, true)
#7 C:\wamp64\www\LeaveApplicationVersion1\app\Controllers\EmployeeController.php(44): CodeIgniter\Model->insert(Array)
#8 C:\wamp64\www\LeaveApplicationVersion1\vendor\codeigniter4\framework\system\CodeIgniter.php(928): App\Controllers\EmployeeController->create()
#9 C:\wamp64\www\LeaveApplicationVersion1\vendor\codeigniter4\framework\system\CodeIgniter.php(436): CodeIgniter\CodeIgniter->runController(Object(App\Controllers\EmployeeController))
#10 C:\wamp64\www\LeaveApplicationVersion1\vendor\codeigniter4\framework\system\CodeIgniter.php(336): CodeIgniter\CodeIgniter->handleRequest(NULL, Object(Config\Cache), false)
#11 C:\wamp64\www\LeaveApplicationVersion1\public\index.php(37): CodeIgniter\CodeIgniter->run()
#12 C:\wamp64\www\LeaveApplicationVersion1\vendor\codeigniter4\framework\system\Commands\Server\rewrite.php(45): require_once('C:\\wamp64\\www\\L...')
#13 {main}
