CRITICAL - 2022-02-11 01:22:22 --> Illegal string offset 'id'
#0 C:\wamp64\www\LeaveApplicationVersion1\app\Views\admin\editDepartment.php(100): CodeIgniter\Debug\Exceptions->errorHandler(2, 'Illegal string ...', 'C:\\wamp64\\www\\L...', 100, Array)
#1 C:\wamp64\www\LeaveApplicationVersion1\vendor\codeigniter4\framework\system\View\View.php(230): include('C:\\wamp64\\www\\L...')
#2 C:\wamp64\www\LeaveApplicationVersion1\vendor\codeigniter4\framework\system\View\View.php(232): CodeIgniter\View\View->CodeIgniter\View\{closure}()
#3 C:\wamp64\www\LeaveApplicationVersion1\vendor\codeigniter4\framework\system\Common.php(1271): CodeIgniter\View\View->render('admin/editDepar...', Array, true)
#4 C:\wamp64\www\LeaveApplicationVersion1\app\Controllers\DepartmentController.php(61): view('admin/editDepar...', Array)
#5 C:\wamp64\www\LeaveApplicationVersion1\vendor\codeigniter4\framework\system\CodeIgniter.php(928): App\Controllers\DepartmentController->updateDepartmentbyid('5')
#6 C:\wamp64\www\LeaveApplicationVersion1\vendor\codeigniter4\framework\system\CodeIgniter.php(436): CodeIgniter\CodeIgniter->runController(Object(App\Controllers\DepartmentController))
#7 C:\wamp64\www\LeaveApplicationVersion1\vendor\codeigniter4\framework\system\CodeIgniter.php(336): CodeIgniter\CodeIgniter->handleRequest(NULL, Object(Config\Cache), false)
#8 C:\wamp64\www\LeaveApplicationVersion1\public\index.php(37): CodeIgniter\CodeIgniter->run()
#9 C:\wamp64\www\LeaveApplicationVersion1\vendor\codeigniter4\framework\system\Commands\Server\rewrite.php(45): require_once('C:\\wamp64\\www\\L...')
#10 {main}
CRITICAL - 2022-02-11 01:22:56 --> Illegal string offset 'id'
#0 C:\wamp64\www\LeaveApplicationVersion1\app\Views\admin\editDepartment.php(100): CodeIgniter\Debug\Exceptions->errorHandler(2, 'Illegal string ...', 'C:\\wamp64\\www\\L...', 100, Array)
#1 C:\wamp64\www\LeaveApplicationVersion1\vendor\codeigniter4\framework\system\View\View.php(230): include('C:\\wamp64\\www\\L...')
#2 C:\wamp64\www\LeaveApplicationVersion1\vendor\codeigniter4\framework\system\View\View.php(232): CodeIgniter\View\View->CodeIgniter\View\{closure}()
#3 C:\wamp64\www\LeaveApplicationVersion1\vendor\codeigniter4\framework\system\Common.php(1271): CodeIgniter\View\View->render('admin/editDepar...', Array, true)
#4 C:\wamp64\www\LeaveApplicationVersion1\app\Controllers\DepartmentController.php(61): view('admin/editDepar...', Array)
#5 C:\wamp64\www\LeaveApplicationVersion1\vendor\codeigniter4\framework\system\CodeIgniter.php(928): App\Controllers\DepartmentController->updateDepartmentbyid('5')
#6 C:\wamp64\www\LeaveApplicationVersion1\vendor\codeigniter4\framework\system\CodeIgniter.php(436): CodeIgniter\CodeIgniter->runController(Object(App\Controllers\DepartmentController))
#7 C:\wamp64\www\LeaveApplicationVersion1\vendor\codeigniter4\framework\system\CodeIgniter.php(336): CodeIgniter\CodeIgniter->handleRequest(NULL, Object(Config\Cache), false)
#8 C:\wamp64\www\LeaveApplicationVersion1\public\index.php(37): CodeIgniter\CodeIgniter->run()
#9 C:\wamp64\www\LeaveApplicationVersion1\vendor\codeigniter4\framework\system\Commands\Server\rewrite.php(45): require_once('C:\\wamp64\\www\\L...')
#10 {main}
CRITICAL - 2022-02-11 01:24:32 --> Illegal string offset 'id'
#0 C:\wamp64\www\LeaveApplicationVersion1\app\Views\admin\editDepartment.php(102): CodeIgniter\Debug\Exceptions->errorHandler(2, 'Illegal string ...', 'C:\\wamp64\\www\\L...', 102, Array)
#1 C:\wamp64\www\LeaveApplicationVersion1\vendor\codeigniter4\framework\system\View\View.php(230): include('C:\\wamp64\\www\\L...')
#2 C:\wamp64\www\LeaveApplicationVersion1\vendor\codeigniter4\framework\system\View\View.php(232): CodeIgniter\View\View->CodeIgniter\View\{closure}()
#3 C:\wamp64\www\LeaveApplicationVersion1\vendor\codeigniter4\framework\system\Common.php(1271): CodeIgniter\View\View->render('admin/editDepar...', Array, true)
#4 C:\wamp64\www\LeaveApplicationVersion1\app\Controllers\DepartmentController.php(61): view('admin/editDepar...', Array)
#5 C:\wamp64\www\LeaveApplicationVersion1\vendor\codeigniter4\framework\system\CodeIgniter.php(928): App\Controllers\DepartmentController->updateDepartmentbyid('5')
#6 C:\wamp64\www\LeaveApplicationVersion1\vendor\codeigniter4\framework\system\CodeIgniter.php(436): CodeIgniter\CodeIgniter->runController(Object(App\Controllers\DepartmentController))
#7 C:\wamp64\www\LeaveApplicationVersion1\vendor\codeigniter4\framework\system\CodeIgniter.php(336): CodeIgniter\CodeIgniter->handleRequest(NULL, Object(Config\Cache), false)
#8 C:\wamp64\www\LeaveApplicationVersion1\public\index.php(37): CodeIgniter\CodeIgniter->run()
#9 C:\wamp64\www\LeaveApplicationVersion1\vendor\codeigniter4\framework\system\Commands\Server\rewrite.php(45): require_once('C:\\wamp64\\www\\L...')
#10 {main}
CRITICAL - 2022-02-11 01:28:19 --> Illegal string offset 'id'
#0 C:\wamp64\www\LeaveApplicationVersion1\app\Views\admin\editDepartment.php(101): CodeIgniter\Debug\Exceptions->errorHandler(2, 'Illegal string ...', 'C:\\wamp64\\www\\L...', 101, Array)
#1 C:\wamp64\www\LeaveApplicationVersion1\vendor\codeigniter4\framework\system\View\View.php(230): include('C:\\wamp64\\www\\L...')
#2 C:\wamp64\www\LeaveApplicationVersion1\vendor\codeigniter4\framework\system\View\View.php(232): CodeIgniter\View\View->CodeIgniter\View\{closure}()
#3 C:\wamp64\www\LeaveApplicationVersion1\vendor\codeigniter4\framework\system\Common.php(1271): CodeIgniter\View\View->render('admin/editDepar...', Array, true)
#4 C:\wamp64\www\LeaveApplicationVersion1\app\Controllers\DepartmentController.php(61): view('admin/editDepar...', Array)
#5 C:\wamp64\www\LeaveApplicationVersion1\vendor\codeigniter4\framework\system\CodeIgniter.php(928): App\Controllers\DepartmentController->updateDepartmentbyid('4')
#6 C:\wamp64\www\LeaveApplicationVersion1\vendor\codeigniter4\framework\system\CodeIgniter.php(436): CodeIgniter\CodeIgniter->runController(Object(App\Controllers\DepartmentController))
#7 C:\wamp64\www\LeaveApplicationVersion1\vendor\codeigniter4\framework\system\CodeIgniter.php(336): CodeIgniter\CodeIgniter->handleRequest(NULL, Object(Config\Cache), false)
#8 C:\wamp64\www\LeaveApplicationVersion1\public\index.php(37): CodeIgniter\CodeIgniter->run()
#9 C:\wamp64\www\LeaveApplicationVersion1\vendor\codeigniter4\framework\system\Commands\Server\rewrite.php(45): require_once('C:\\wamp64\\www\\L...')
#10 {main}
CRITICAL - 2022-02-11 01:29:44 --> Illegal string offset 'id'
#0 C:\wamp64\www\LeaveApplicationVersion1\app\Views\admin\editDepartment.php(101): CodeIgniter\Debug\Exceptions->errorHandler(2, 'Illegal string ...', 'C:\\wamp64\\www\\L...', 101, Array)
#1 C:\wamp64\www\LeaveApplicationVersion1\vendor\codeigniter4\framework\system\View\View.php(230): include('C:\\wamp64\\www\\L...')
#2 C:\wamp64\www\LeaveApplicationVersion1\vendor\codeigniter4\framework\system\View\View.php(232): CodeIgniter\View\View->CodeIgniter\View\{closure}()
#3 C:\wamp64\www\LeaveApplicationVersion1\vendor\codeigniter4\framework\system\Common.php(1271): CodeIgniter\View\View->render('admin/editDepar...', Array, true)
#4 C:\wamp64\www\LeaveApplicationVersion1\app\Controllers\DepartmentController.php(61): view('admin/editDepar...', Array)
#5 C:\wamp64\www\LeaveApplicationVersion1\vendor\codeigniter4\framework\system\CodeIgniter.php(928): App\Controllers\DepartmentController->updateDepartmentbyid('4')
#6 C:\wamp64\www\LeaveApplicationVersion1\vendor\codeigniter4\framework\system\CodeIgniter.php(436): CodeIgniter\CodeIgniter->runController(Object(App\Controllers\DepartmentController))
#7 C:\wamp64\www\LeaveApplicationVersion1\vendor\codeigniter4\framework\system\CodeIgniter.php(336): CodeIgniter\CodeIgniter->handleRequest(NULL, Object(Config\Cache), false)
#8 C:\wamp64\www\LeaveApplicationVersion1\public\index.php(37): CodeIgniter\CodeIgniter->run()
#9 C:\wamp64\www\LeaveApplicationVersion1\vendor\codeigniter4\framework\system\Commands\Server\rewrite.php(45): require_once('C:\\wamp64\\www\\L...')
#10 {main}
CRITICAL - 2022-02-11 01:29:58 --> Illegal string offset 'id'
#0 C:\wamp64\www\LeaveApplicationVersion1\app\Views\admin\editDepartment.php(101): CodeIgniter\Debug\Exceptions->errorHandler(2, 'Illegal string ...', 'C:\\wamp64\\www\\L...', 101, Array)
#1 C:\wamp64\www\LeaveApplicationVersion1\vendor\codeigniter4\framework\system\View\View.php(230): include('C:\\wamp64\\www\\L...')
#2 C:\wamp64\www\LeaveApplicationVersion1\vendor\codeigniter4\framework\system\View\View.php(232): CodeIgniter\View\View->CodeIgniter\View\{closure}()
#3 C:\wamp64\www\LeaveApplicationVersion1\vendor\codeigniter4\framework\system\Common.php(1271): CodeIgniter\View\View->render('admin/editDepar...', Array, true)
#4 C:\wamp64\www\LeaveApplicationVersion1\app\Controllers\DepartmentController.php(61): view('admin/editDepar...', Array)
#5 C:\wamp64\www\LeaveApplicationVersion1\vendor\codeigniter4\framework\system\CodeIgniter.php(928): App\Controllers\DepartmentController->updateDepartmentbyid('5')
#6 C:\wamp64\www\LeaveApplicationVersion1\vendor\codeigniter4\framework\system\CodeIgniter.php(436): CodeIgniter\CodeIgniter->runController(Object(App\Controllers\DepartmentController))
#7 C:\wamp64\www\LeaveApplicationVersion1\vendor\codeigniter4\framework\system\CodeIgniter.php(336): CodeIgniter\CodeIgniter->handleRequest(NULL, Object(Config\Cache), false)
#8 C:\wamp64\www\LeaveApplicationVersion1\public\index.php(37): CodeIgniter\CodeIgniter->run()
#9 C:\wamp64\www\LeaveApplicationVersion1\vendor\codeigniter4\framework\system\Commands\Server\rewrite.php(45): require_once('C:\\wamp64\\www\\L...')
#10 {main}
CRITICAL - 2022-02-11 01:31:49 --> Illegal string offset 'id'
#0 C:\wamp64\www\LeaveApplicationVersion1\app\Views\admin\editDepartment.php(101): CodeIgniter\Debug\Exceptions->errorHandler(2, 'Illegal string ...', 'C:\\wamp64\\www\\L...', 101, Array)
#1 C:\wamp64\www\LeaveApplicationVersion1\vendor\codeigniter4\framework\system\View\View.php(230): include('C:\\wamp64\\www\\L...')
#2 C:\wamp64\www\LeaveApplicationVersion1\vendor\codeigniter4\framework\system\View\View.php(232): CodeIgniter\View\View->CodeIgniter\View\{closure}()
#3 C:\wamp64\www\LeaveApplicationVersion1\vendor\codeigniter4\framework\system\Common.php(1271): CodeIgniter\View\View->render('admin/editDepar...', Array, true)
#4 C:\wamp64\www\LeaveApplicationVersion1\app\Controllers\DepartmentController.php(61): view('admin/editDepar...', Array)
#5 C:\wamp64\www\LeaveApplicationVersion1\vendor\codeigniter4\framework\system\CodeIgniter.php(928): App\Controllers\DepartmentController->updateDepartmentbyid('5')
#6 C:\wamp64\www\LeaveApplicationVersion1\vendor\codeigniter4\framework\system\CodeIgniter.php(436): CodeIgniter\CodeIgniter->runController(Object(App\Controllers\DepartmentController))
#7 C:\wamp64\www\LeaveApplicationVersion1\vendor\codeigniter4\framework\system\CodeIgniter.php(336): CodeIgniter\CodeIgniter->handleRequest(NULL, Object(Config\Cache), false)
#8 C:\wamp64\www\LeaveApplicationVersion1\public\index.php(37): CodeIgniter\CodeIgniter->run()
#9 C:\wamp64\www\LeaveApplicationVersion1\vendor\codeigniter4\framework\system\Commands\Server\rewrite.php(45): require_once('C:\\wamp64\\www\\L...')
#10 {main}
CRITICAL - 2022-02-11 01:32:56 --> Illegal string offset 'DepartmentName'
#0 C:\wamp64\www\LeaveApplicationVersion1\app\Views\admin\editDepartment.php(102): CodeIgniter\Debug\Exceptions->errorHandler(2, 'Illegal string ...', 'C:\\wamp64\\www\\L...', 102, Array)
#1 C:\wamp64\www\LeaveApplicationVersion1\vendor\codeigniter4\framework\system\View\View.php(230): include('C:\\wamp64\\www\\L...')
#2 C:\wamp64\www\LeaveApplicationVersion1\vendor\codeigniter4\framework\system\View\View.php(232): CodeIgniter\View\View->CodeIgniter\View\{closure}()
#3 C:\wamp64\www\LeaveApplicationVersion1\vendor\codeigniter4\framework\system\Common.php(1271): CodeIgniter\View\View->render('admin/editDepar...', Array, true)
#4 C:\wamp64\www\LeaveApplicationVersion1\app\Controllers\DepartmentController.php(61): view('admin/editDepar...', Array)
#5 C:\wamp64\www\LeaveApplicationVersion1\vendor\codeigniter4\framework\system\CodeIgniter.php(928): App\Controllers\DepartmentController->updateDepartmentbyid('5')
#6 C:\wamp64\www\LeaveApplicationVersion1\vendor\codeigniter4\framework\system\CodeIgniter.php(436): CodeIgniter\CodeIgniter->runController(Object(App\Controllers\DepartmentController))
#7 C:\wamp64\www\LeaveApplicationVersion1\vendor\codeigniter4\framework\system\CodeIgniter.php(336): CodeIgniter\CodeIgniter->handleRequest(NULL, Object(Config\Cache), false)
#8 C:\wamp64\www\LeaveApplicationVersion1\public\index.php(37): CodeIgniter\CodeIgniter->run()
#9 C:\wamp64\www\LeaveApplicationVersion1\vendor\codeigniter4\framework\system\Commands\Server\rewrite.php(45): require_once('C:\\wamp64\\www\\L...')
#10 {main}
CRITICAL - 2022-02-11 04:26:51 --> Illegal string offset 'id'
#0 C:\wamp64\www\LeaveApplicationVersion1\app\Views\admin\editLeavetype.php(116): CodeIgniter\Debug\Exceptions->errorHandler(2, 'Illegal string ...', 'C:\\wamp64\\www\\L...', 116, Array)
#1 C:\wamp64\www\LeaveApplicationVersion1\vendor\codeigniter4\framework\system\View\View.php(230): include('C:\\wamp64\\www\\L...')
#2 C:\wamp64\www\LeaveApplicationVersion1\vendor\codeigniter4\framework\system\View\View.php(232): CodeIgniter\View\View->CodeIgniter\View\{closure}()
#3 C:\wamp64\www\LeaveApplicationVersion1\vendor\codeigniter4\framework\system\Common.php(1271): CodeIgniter\View\View->render('admin/editLeave...', Array, true)
#4 C:\wamp64\www\LeaveApplicationVersion1\app\Controllers\LeaveTypeController.php(52): view('admin/editLeave...', Array)
#5 C:\wamp64\www\LeaveApplicationVersion1\vendor\codeigniter4\framework\system\CodeIgniter.php(928): App\Controllers\LeaveTypeController->updateLeavetypebyid('13')
#6 C:\wamp64\www\LeaveApplicationVersion1\vendor\codeigniter4\framework\system\CodeIgniter.php(436): CodeIgniter\CodeIgniter->runController(Object(App\Controllers\LeaveTypeController))
#7 C:\wamp64\www\LeaveApplicationVersion1\vendor\codeigniter4\framework\system\CodeIgniter.php(336): CodeIgniter\CodeIgniter->handleRequest(NULL, Object(Config\Cache), false)
#8 C:\wamp64\www\LeaveApplicationVersion1\public\index.php(37): CodeIgniter\CodeIgniter->run()
#9 C:\wamp64\www\LeaveApplicationVersion1\vendor\codeigniter4\framework\system\Commands\Server\rewrite.php(45): require_once('C:\\wamp64\\www\\L...')
#10 {main}
CRITICAL - 2022-02-11 04:27:02 --> Illegal string offset 'id'
#0 C:\wamp64\www\LeaveApplicationVersion1\app\Views\admin\editLeavetype.php(116): CodeIgniter\Debug\Exceptions->errorHandler(2, 'Illegal string ...', 'C:\\wamp64\\www\\L...', 116, Array)
#1 C:\wamp64\www\LeaveApplicationVersion1\vendor\codeigniter4\framework\system\View\View.php(230): include('C:\\wamp64\\www\\L...')
#2 C:\wamp64\www\LeaveApplicationVersion1\vendor\codeigniter4\framework\system\View\View.php(232): CodeIgniter\View\View->CodeIgniter\View\{closure}()
#3 C:\wamp64\www\LeaveApplicationVersion1\vendor\codeigniter4\framework\system\Common.php(1271): CodeIgniter\View\View->render('admin/editLeave...', Array, true)
#4 C:\wamp64\www\LeaveApplicationVersion1\app\Controllers\LeaveTypeController.php(52): view('admin/editLeave...', Array)
#5 C:\wamp64\www\LeaveApplicationVersion1\vendor\codeigniter4\framework\system\CodeIgniter.php(928): App\Controllers\LeaveTypeController->updateLeavetypebyid('13')
#6 C:\wamp64\www\LeaveApplicationVersion1\vendor\codeigniter4\framework\system\CodeIgniter.php(436): CodeIgniter\CodeIgniter->runController(Object(App\Controllers\LeaveTypeController))
#7 C:\wamp64\www\LeaveApplicationVersion1\vendor\codeigniter4\framework\system\CodeIgniter.php(336): CodeIgniter\CodeIgniter->handleRequest(NULL, Object(Config\Cache), false)
#8 C:\wamp64\www\LeaveApplicationVersion1\public\index.php(37): CodeIgniter\CodeIgniter->run()
#9 C:\wamp64\www\LeaveApplicationVersion1\vendor\codeigniter4\framework\system\Commands\Server\rewrite.php(45): require_once('C:\\wamp64\\www\\L...')
#10 {main}
CRITICAL - 2022-02-11 04:27:04 --> Illegal string offset 'id'
#0 C:\wamp64\www\LeaveApplicationVersion1\app\Views\admin\editLeavetype.php(116): CodeIgniter\Debug\Exceptions->errorHandler(2, 'Illegal string ...', 'C:\\wamp64\\www\\L...', 116, Array)
#1 C:\wamp64\www\LeaveApplicationVersion1\vendor\codeigniter4\framework\system\View\View.php(230): include('C:\\wamp64\\www\\L...')
#2 C:\wamp64\www\LeaveApplicationVersion1\vendor\codeigniter4\framework\system\View\View.php(232): CodeIgniter\View\View->CodeIgniter\View\{closure}()
#3 C:\wamp64\www\LeaveApplicationVersion1\vendor\codeigniter4\framework\system\Common.php(1271): CodeIgniter\View\View->render('admin/editLeave...', Array, true)
#4 C:\wamp64\www\LeaveApplicationVersion1\app\Controllers\LeaveTypeController.php(52): view('admin/editLeave...', Array)
#5 C:\wamp64\www\LeaveApplicationVersion1\vendor\codeigniter4\framework\system\CodeIgniter.php(928): App\Controllers\LeaveTypeController->updateLeavetypebyid('13')
#6 C:\wamp64\www\LeaveApplicationVersion1\vendor\codeigniter4\framework\system\CodeIgniter.php(436): CodeIgniter\CodeIgniter->runController(Object(App\Controllers\LeaveTypeController))
#7 C:\wamp64\www\LeaveApplicationVersion1\vendor\codeigniter4\framework\system\CodeIgniter.php(336): CodeIgniter\CodeIgniter->handleRequest(NULL, Object(Config\Cache), false)
#8 C:\wamp64\www\LeaveApplicationVersion1\public\index.php(37): CodeIgniter\CodeIgniter->run()
#9 C:\wamp64\www\LeaveApplicationVersion1\vendor\codeigniter4\framework\system\Commands\Server\rewrite.php(45): require_once('C:\\wamp64\\www\\L...')
#10 {main}
CRITICAL - 2022-02-11 04:27:04 --> Illegal string offset 'id'
#0 C:\wamp64\www\LeaveApplicationVersion1\app\Views\admin\editLeavetype.php(116): CodeIgniter\Debug\Exceptions->errorHandler(2, 'Illegal string ...', 'C:\\wamp64\\www\\L...', 116, Array)
#1 C:\wamp64\www\LeaveApplicationVersion1\vendor\codeigniter4\framework\system\View\View.php(230): include('C:\\wamp64\\www\\L...')
#2 C:\wamp64\www\LeaveApplicationVersion1\vendor\codeigniter4\framework\system\View\View.php(232): CodeIgniter\View\View->CodeIgniter\View\{closure}()
#3 C:\wamp64\www\LeaveApplicationVersion1\vendor\codeigniter4\framework\system\Common.php(1271): CodeIgniter\View\View->render('admin/editLeave...', Array, true)
#4 C:\wamp64\www\LeaveApplicationVersion1\app\Controllers\LeaveTypeController.php(52): view('admin/editLeave...', Array)
#5 C:\wamp64\www\LeaveApplicationVersion1\vendor\codeigniter4\framework\system\CodeIgniter.php(928): App\Controllers\LeaveTypeController->updateLeavetypebyid('13')
#6 C:\wamp64\www\LeaveApplicationVersion1\vendor\codeigniter4\framework\system\CodeIgniter.php(436): CodeIgniter\CodeIgniter->runController(Object(App\Controllers\LeaveTypeController))
#7 C:\wamp64\www\LeaveApplicationVersion1\vendor\codeigniter4\framework\system\CodeIgniter.php(336): CodeIgniter\CodeIgniter->handleRequest(NULL, Object(Config\Cache), false)
#8 C:\wamp64\www\LeaveApplicationVersion1\public\index.php(37): CodeIgniter\CodeIgniter->run()
#9 C:\wamp64\www\LeaveApplicationVersion1\vendor\codeigniter4\framework\system\Commands\Server\rewrite.php(45): require_once('C:\\wamp64\\www\\L...')
#10 {main}
CRITICAL - 2022-02-11 04:27:05 --> Illegal string offset 'id'
#0 C:\wamp64\www\LeaveApplicationVersion1\app\Views\admin\editLeavetype.php(116): CodeIgniter\Debug\Exceptions->errorHandler(2, 'Illegal string ...', 'C:\\wamp64\\www\\L...', 116, Array)
#1 C:\wamp64\www\LeaveApplicationVersion1\vendor\codeigniter4\framework\system\View\View.php(230): include('C:\\wamp64\\www\\L...')
#2 C:\wamp64\www\LeaveApplicationVersion1\vendor\codeigniter4\framework\system\View\View.php(232): CodeIgniter\View\View->CodeIgniter\View\{closure}()
#3 C:\wamp64\www\LeaveApplicationVersion1\vendor\codeigniter4\framework\system\Common.php(1271): CodeIgniter\View\View->render('admin/editLeave...', Array, true)
#4 C:\wamp64\www\LeaveApplicationVersion1\app\Controllers\LeaveTypeController.php(52): view('admin/editLeave...', Array)
#5 C:\wamp64\www\LeaveApplicationVersion1\vendor\codeigniter4\framework\system\CodeIgniter.php(928): App\Controllers\LeaveTypeController->updateLeavetypebyid('13')
#6 C:\wamp64\www\LeaveApplicationVersion1\vendor\codeigniter4\framework\system\CodeIgniter.php(436): CodeIgniter\CodeIgniter->runController(Object(App\Controllers\LeaveTypeController))
#7 C:\wamp64\www\LeaveApplicationVersion1\vendor\codeigniter4\framework\system\CodeIgniter.php(336): CodeIgniter\CodeIgniter->handleRequest(NULL, Object(Config\Cache), false)
#8 C:\wamp64\www\LeaveApplicationVersion1\public\index.php(37): CodeIgniter\CodeIgniter->run()
#9 C:\wamp64\www\LeaveApplicationVersion1\vendor\codeigniter4\framework\system\Commands\Server\rewrite.php(45): require_once('C:\\wamp64\\www\\L...')
#10 {main}
CRITICAL - 2022-02-11 04:27:12 --> Illegal string offset 'id'
#0 C:\wamp64\www\LeaveApplicationVersion1\app\Views\admin\editLeavetype.php(116): CodeIgniter\Debug\Exceptions->errorHandler(2, 'Illegal string ...', 'C:\\wamp64\\www\\L...', 116, Array)
#1 C:\wamp64\www\LeaveApplicationVersion1\vendor\codeigniter4\framework\system\View\View.php(230): include('C:\\wamp64\\www\\L...')
#2 C:\wamp64\www\LeaveApplicationVersion1\vendor\codeigniter4\framework\system\View\View.php(232): CodeIgniter\View\View->CodeIgniter\View\{closure}()
#3 C:\wamp64\www\LeaveApplicationVersion1\vendor\codeigniter4\framework\system\Common.php(1271): CodeIgniter\View\View->render('admin/editLeave...', Array, true)
#4 C:\wamp64\www\LeaveApplicationVersion1\app\Controllers\LeaveTypeController.php(52): view('admin/editLeave...', Array)
#5 C:\wamp64\www\LeaveApplicationVersion1\vendor\codeigniter4\framework\system\CodeIgniter.php(928): App\Controllers\LeaveTypeController->updateLeavetypebyid('13')
#6 C:\wamp64\www\LeaveApplicationVersion1\vendor\codeigniter4\framework\system\CodeIgniter.php(436): CodeIgniter\CodeIgniter->runController(Object(App\Controllers\LeaveTypeController))
#7 C:\wamp64\www\LeaveApplicationVersion1\vendor\codeigniter4\framework\system\CodeIgniter.php(336): CodeIgniter\CodeIgniter->handleRequest(NULL, Object(Config\Cache), false)
#8 C:\wamp64\www\LeaveApplicationVersion1\public\index.php(37): CodeIgniter\CodeIgniter->run()
#9 C:\wamp64\www\LeaveApplicationVersion1\vendor\codeigniter4\framework\system\Commands\Server\rewrite.php(45): require_once('C:\\wamp64\\www\\L...')
#10 {main}
