CRITICAL - 2021-11-09 04:45:54 --> Undefined variable: data
#0 C:\wamp64\www\LeaveApplicationVersion1\app\Views\admin\employees.php(132): CodeIgniter\Debug\Exceptions->errorHandler(8, 'Undefined varia...', 'C:\\wamp64\\www\\L...', 132, Array)
#1 C:\wamp64\www\LeaveApplicationVersion1\vendor\codeigniter4\framework\system\View\View.php(230): include('C:\\wamp64\\www\\L...')
#2 C:\wamp64\www\LeaveApplicationVersion1\vendor\codeigniter4\framework\system\View\View.php(232): CodeIgniter\View\View->CodeIgniter\View\{closure}()
#3 C:\wamp64\www\LeaveApplicationVersion1\vendor\codeigniter4\framework\system\Common.php(1271): CodeIgniter\View\View->render('admin/Employees', Array, true)
#4 C:\wamp64\www\LeaveApplicationVersion1\app\Controllers\EmployeeController.php(115): view('admin/Employees')
#5 C:\wamp64\www\LeaveApplicationVersion1\vendor\codeigniter4\framework\system\CodeIgniter.php(928): App\Controllers\EmployeeController->ShowEmployees()
#6 C:\wamp64\www\LeaveApplicationVersion1\vendor\codeigniter4\framework\system\CodeIgniter.php(436): CodeIgniter\CodeIgniter->runController(Object(App\Controllers\EmployeeController))
#7 C:\wamp64\www\LeaveApplicationVersion1\vendor\codeigniter4\framework\system\CodeIgniter.php(336): CodeIgniter\CodeIgniter->handleRequest(NULL, Object(Config\Cache), false)
#8 C:\wamp64\www\LeaveApplicationVersion1\public\index.php(37): CodeIgniter\CodeIgniter->run()
#9 C:\wamp64\www\LeaveApplicationVersion1\vendor\codeigniter4\framework\system\Commands\Server\rewrite.php(45): require_once('C:\\wamp64\\www\\L...')
#10 {main}
CRITICAL - 2021-11-09 04:52:30 --> Undefined property: App\Controllers\EmployeeController::$load
#0 C:\wamp64\www\LeaveApplicationVersion1\app\Controllers\EmployeeController.php(24): CodeIgniter\Debug\Exceptions->errorHandler(8, 'Undefined prope...', 'C:\\wamp64\\www\\L...', 24, Array)
#1 C:\wamp64\www\LeaveApplicationVersion1\vendor\codeigniter4\framework\system\CodeIgniter.php(928): App\Controllers\EmployeeController->displayEmployee()
#2 C:\wamp64\www\LeaveApplicationVersion1\vendor\codeigniter4\framework\system\CodeIgniter.php(436): CodeIgniter\CodeIgniter->runController(Object(App\Controllers\EmployeeController))
#3 C:\wamp64\www\LeaveApplicationVersion1\vendor\codeigniter4\framework\system\CodeIgniter.php(336): CodeIgniter\CodeIgniter->handleRequest(NULL, Object(Config\Cache), false)
#4 C:\wamp64\www\LeaveApplicationVersion1\public\index.php(37): CodeIgniter\CodeIgniter->run()
#5 C:\wamp64\www\LeaveApplicationVersion1\vendor\codeigniter4\framework\system\Commands\Server\rewrite.php(45): require_once('C:\\wamp64\\www\\L...')
#6 {main}
CRITICAL - 2021-11-09 04:54:06 --> Undefined property: App\Controllers\EmployeeController::$load
#0 C:\wamp64\www\LeaveApplicationVersion1\app\Controllers\EmployeeController.php(24): CodeIgniter\Debug\Exceptions->errorHandler(8, 'Undefined prope...', 'C:\\wamp64\\www\\L...', 24, Array)
#1 C:\wamp64\www\LeaveApplicationVersion1\vendor\codeigniter4\framework\system\CodeIgniter.php(928): App\Controllers\EmployeeController->displayEmployee()
#2 C:\wamp64\www\LeaveApplicationVersion1\vendor\codeigniter4\framework\system\CodeIgniter.php(436): CodeIgniter\CodeIgniter->runController(Object(App\Controllers\EmployeeController))
#3 C:\wamp64\www\LeaveApplicationVersion1\vendor\codeigniter4\framework\system\CodeIgniter.php(336): CodeIgniter\CodeIgniter->handleRequest(NULL, Object(Config\Cache), false)
#4 C:\wamp64\www\LeaveApplicationVersion1\public\index.php(37): CodeIgniter\CodeIgniter->run()
#5 C:\wamp64\www\LeaveApplicationVersion1\vendor\codeigniter4\framework\system\Commands\Server\rewrite.php(45): require_once('C:\\wamp64\\www\\L...')
#6 {main}
CRITICAL - 2021-11-09 04:56:47 --> Undefined property: App\Controllers\EmployeeController::$employeesModel
#0 C:\wamp64\www\LeaveApplicationVersion1\app\Controllers\EmployeeController.php(25): CodeIgniter\Debug\Exceptions->errorHandler(8, 'Undefined prope...', 'C:\\wamp64\\www\\L...', 25, Array)
#1 C:\wamp64\www\LeaveApplicationVersion1\vendor\codeigniter4\framework\system\CodeIgniter.php(928): App\Controllers\EmployeeController->displayEmployee()
#2 C:\wamp64\www\LeaveApplicationVersion1\vendor\codeigniter4\framework\system\CodeIgniter.php(436): CodeIgniter\CodeIgniter->runController(Object(App\Controllers\EmployeeController))
#3 C:\wamp64\www\LeaveApplicationVersion1\vendor\codeigniter4\framework\system\CodeIgniter.php(336): CodeIgniter\CodeIgniter->handleRequest(NULL, Object(Config\Cache), false)
#4 C:\wamp64\www\LeaveApplicationVersion1\public\index.php(37): CodeIgniter\CodeIgniter->run()
#5 C:\wamp64\www\LeaveApplicationVersion1\vendor\codeigniter4\framework\system\Commands\Server\rewrite.php(45): require_once('C:\\wamp64\\www\\L...')
#6 {main}
CRITICAL - 2021-11-09 04:58:02 --> Undefined property: App\Controllers\EmployeeController::$load
#0 C:\wamp64\www\LeaveApplicationVersion1\app\Controllers\EmployeeController.php(24): CodeIgniter\Debug\Exceptions->errorHandler(8, 'Undefined prope...', 'C:\\wamp64\\www\\L...', 24, Array)
#1 C:\wamp64\www\LeaveApplicationVersion1\vendor\codeigniter4\framework\system\CodeIgniter.php(928): App\Controllers\EmployeeController->displayEmployee()
#2 C:\wamp64\www\LeaveApplicationVersion1\vendor\codeigniter4\framework\system\CodeIgniter.php(436): CodeIgniter\CodeIgniter->runController(Object(App\Controllers\EmployeeController))
#3 C:\wamp64\www\LeaveApplicationVersion1\vendor\codeigniter4\framework\system\CodeIgniter.php(336): CodeIgniter\CodeIgniter->handleRequest(NULL, Object(Config\Cache), false)
#4 C:\wamp64\www\LeaveApplicationVersion1\public\index.php(37): CodeIgniter\CodeIgniter->run()
#5 C:\wamp64\www\LeaveApplicationVersion1\vendor\codeigniter4\framework\system\Commands\Server\rewrite.php(45): require_once('C:\\wamp64\\www\\L...')
#6 {main}
CRITICAL - 2021-11-09 05:02:02 --> Object of class App\Models\employeesModel could not be converted to string
#0 C:\wamp64\www\LeaveApplicationVersion1\app\Controllers\EmployeeController.php(27): CodeIgniter\Debug\Exceptions->errorHandler(4096, 'Object of class...', 'C:\\wamp64\\www\\L...', 27, Array)
#1 C:\wamp64\www\LeaveApplicationVersion1\vendor\codeigniter4\framework\system\CodeIgniter.php(928): App\Controllers\EmployeeController->displayEmployee()
#2 C:\wamp64\www\LeaveApplicationVersion1\vendor\codeigniter4\framework\system\CodeIgniter.php(436): CodeIgniter\CodeIgniter->runController(Object(App\Controllers\EmployeeController))
#3 C:\wamp64\www\LeaveApplicationVersion1\vendor\codeigniter4\framework\system\CodeIgniter.php(336): CodeIgniter\CodeIgniter->handleRequest(NULL, Object(Config\Cache), false)
#4 C:\wamp64\www\LeaveApplicationVersion1\public\index.php(37): CodeIgniter\CodeIgniter->run()
#5 C:\wamp64\www\LeaveApplicationVersion1\vendor\codeigniter4\framework\system\Commands\Server\rewrite.php(45): require_once('C:\\wamp64\\www\\L...')
#6 {main}
CRITICAL - 2021-11-09 05:02:27 --> Call to a member function database() on null
#0 C:\wamp64\www\LeaveApplicationVersion1\app\Controllers\EmployeeController.php(27): App\Models\employeesModel->displayEmployees()
#1 C:\wamp64\www\LeaveApplicationVersion1\vendor\codeigniter4\framework\system\CodeIgniter.php(928): App\Controllers\EmployeeController->displayEmployee()
#2 C:\wamp64\www\LeaveApplicationVersion1\vendor\codeigniter4\framework\system\CodeIgniter.php(436): CodeIgniter\CodeIgniter->runController(Object(App\Controllers\EmployeeController))
#3 C:\wamp64\www\LeaveApplicationVersion1\vendor\codeigniter4\framework\system\CodeIgniter.php(336): CodeIgniter\CodeIgniter->handleRequest(NULL, Object(Config\Cache), false)
#4 C:\wamp64\www\LeaveApplicationVersion1\public\index.php(37): CodeIgniter\CodeIgniter->run()
#5 C:\wamp64\www\LeaveApplicationVersion1\vendor\codeigniter4\framework\system\Commands\Server\rewrite.php(45): require_once('C:\\wamp64\\www\\L...')
#6 {main}
CRITICAL - 2021-11-09 05:05:42 --> Call to a member function get() on string
#0 C:\wamp64\www\LeaveApplicationVersion1\app\Controllers\EmployeeController.php(27): App\Models\employeesModel->displayEmployees()
#1 C:\wamp64\www\LeaveApplicationVersion1\vendor\codeigniter4\framework\system\CodeIgniter.php(928): App\Controllers\EmployeeController->displayEmployee()
#2 C:\wamp64\www\LeaveApplicationVersion1\vendor\codeigniter4\framework\system\CodeIgniter.php(436): CodeIgniter\CodeIgniter->runController(Object(App\Controllers\EmployeeController))
#3 C:\wamp64\www\LeaveApplicationVersion1\vendor\codeigniter4\framework\system\CodeIgniter.php(336): CodeIgniter\CodeIgniter->handleRequest(NULL, Object(Config\Cache), false)
#4 C:\wamp64\www\LeaveApplicationVersion1\public\index.php(37): CodeIgniter\CodeIgniter->run()
#5 C:\wamp64\www\LeaveApplicationVersion1\vendor\codeigniter4\framework\system\Commands\Server\rewrite.php(45): require_once('C:\\wamp64\\www\\L...')
#6 {main}
CRITICAL - 2021-11-09 07:28:11 --> Call to undefined function set_value()
#0 C:\wamp64\www\LeaveApplicationVersion1\vendor\codeigniter4\framework\system\View\View.php(230): include()
#1 C:\wamp64\www\LeaveApplicationVersion1\vendor\codeigniter4\framework\system\View\View.php(232): CodeIgniter\View\View->CodeIgniter\View\{closure}()
#2 C:\wamp64\www\LeaveApplicationVersion1\vendor\codeigniter4\framework\system\Common.php(1271): CodeIgniter\View\View->render('admin/newEmploy...', Array, true)
#3 C:\wamp64\www\LeaveApplicationVersion1\app\Controllers\EmployeeController.php(124): view('admin/newEmploy...')
#4 C:\wamp64\www\LeaveApplicationVersion1\vendor\codeigniter4\framework\system\CodeIgniter.php(928): App\Controllers\EmployeeController->NewEmployee()
#5 C:\wamp64\www\LeaveApplicationVersion1\vendor\codeigniter4\framework\system\CodeIgniter.php(436): CodeIgniter\CodeIgniter->runController(Object(App\Controllers\EmployeeController))
#6 C:\wamp64\www\LeaveApplicationVersion1\vendor\codeigniter4\framework\system\CodeIgniter.php(336): CodeIgniter\CodeIgniter->handleRequest(NULL, Object(Config\Cache), false)
#7 C:\wamp64\www\LeaveApplicationVersion1\public\index.php(37): CodeIgniter\CodeIgniter->run()
#8 C:\wamp64\www\LeaveApplicationVersion1\vendor\codeigniter4\framework\system\Commands\Server\rewrite.php(45): require_once('C:\\wamp64\\www\\L...')
#9 {main}
CRITICAL - 2021-11-09 07:32:03 --> Call to undefined function set_value()
#0 C:\wamp64\www\LeaveApplicationVersion1\vendor\codeigniter4\framework\system\View\View.php(230): include()
#1 C:\wamp64\www\LeaveApplicationVersion1\vendor\codeigniter4\framework\system\View\View.php(232): CodeIgniter\View\View->CodeIgniter\View\{closure}()
#2 C:\wamp64\www\LeaveApplicationVersion1\vendor\codeigniter4\framework\system\Common.php(1271): CodeIgniter\View\View->render('admin/newEmploy...', Array, true)
#3 C:\wamp64\www\LeaveApplicationVersion1\app\Controllers\EmployeeController.php(124): view('admin/newEmploy...')
#4 C:\wamp64\www\LeaveApplicationVersion1\vendor\codeigniter4\framework\system\CodeIgniter.php(928): App\Controllers\EmployeeController->NewEmployee()
#5 C:\wamp64\www\LeaveApplicationVersion1\vendor\codeigniter4\framework\system\CodeIgniter.php(436): CodeIgniter\CodeIgniter->runController(Object(App\Controllers\EmployeeController))
#6 C:\wamp64\www\LeaveApplicationVersion1\vendor\codeigniter4\framework\system\CodeIgniter.php(336): CodeIgniter\CodeIgniter->handleRequest(NULL, Object(Config\Cache), false)
#7 C:\wamp64\www\LeaveApplicationVersion1\public\index.php(37): CodeIgniter\CodeIgniter->run()
#8 C:\wamp64\www\LeaveApplicationVersion1\vendor\codeigniter4\framework\system\Commands\Server\rewrite.php(45): require_once('C:\\wamp64\\www\\L...')
#9 {main}
CRITICAL - 2021-11-09 07:32:21 --> Call to undefined function set_value()
#0 C:\wamp64\www\LeaveApplicationVersion1\vendor\codeigniter4\framework\system\View\View.php(230): include()
#1 C:\wamp64\www\LeaveApplicationVersion1\vendor\codeigniter4\framework\system\View\View.php(232): CodeIgniter\View\View->CodeIgniter\View\{closure}()
#2 C:\wamp64\www\LeaveApplicationVersion1\vendor\codeigniter4\framework\system\Common.php(1271): CodeIgniter\View\View->render('admin/newEmploy...', Array, true)
#3 C:\wamp64\www\LeaveApplicationVersion1\app\Controllers\EmployeeController.php(124): view('admin/newEmploy...')
#4 C:\wamp64\www\LeaveApplicationVersion1\vendor\codeigniter4\framework\system\CodeIgniter.php(928): App\Controllers\EmployeeController->NewEmployee()
#5 C:\wamp64\www\LeaveApplicationVersion1\vendor\codeigniter4\framework\system\CodeIgniter.php(436): CodeIgniter\CodeIgniter->runController(Object(App\Controllers\EmployeeController))
#6 C:\wamp64\www\LeaveApplicationVersion1\vendor\codeigniter4\framework\system\CodeIgniter.php(336): CodeIgniter\CodeIgniter->handleRequest(NULL, Object(Config\Cache), false)
#7 C:\wamp64\www\LeaveApplicationVersion1\public\index.php(37): CodeIgniter\CodeIgniter->run()
#8 C:\wamp64\www\LeaveApplicationVersion1\vendor\codeigniter4\framework\system\Commands\Server\rewrite.php(45): require_once('C:\\wamp64\\www\\L...')
#9 {main}
CRITICAL - 2021-11-09 07:32:55 --> Call to undefined function set_value()
#0 C:\wamp64\www\LeaveApplicationVersion1\vendor\codeigniter4\framework\system\View\View.php(230): include()
#1 C:\wamp64\www\LeaveApplicationVersion1\vendor\codeigniter4\framework\system\View\View.php(232): CodeIgniter\View\View->CodeIgniter\View\{closure}()
#2 C:\wamp64\www\LeaveApplicationVersion1\vendor\codeigniter4\framework\system\Common.php(1271): CodeIgniter\View\View->render('admin/newEmploy...', Array, true)
#3 C:\wamp64\www\LeaveApplicationVersion1\app\Controllers\EmployeeController.php(124): view('admin/newEmploy...')
#4 C:\wamp64\www\LeaveApplicationVersion1\vendor\codeigniter4\framework\system\CodeIgniter.php(928): App\Controllers\EmployeeController->NewEmployee()
#5 C:\wamp64\www\LeaveApplicationVersion1\vendor\codeigniter4\framework\system\CodeIgniter.php(436): CodeIgniter\CodeIgniter->runController(Object(App\Controllers\EmployeeController))
#6 C:\wamp64\www\LeaveApplicationVersion1\vendor\codeigniter4\framework\system\CodeIgniter.php(336): CodeIgniter\CodeIgniter->handleRequest(NULL, Object(Config\Cache), false)
#7 C:\wamp64\www\LeaveApplicationVersion1\public\index.php(37): CodeIgniter\CodeIgniter->run()
#8 C:\wamp64\www\LeaveApplicationVersion1\vendor\codeigniter4\framework\system\Commands\Server\rewrite.php(45): require_once('C:\\wamp64\\www\\L...')
#9 {main}
CRITICAL - 2021-11-09 07:34:05 --> Call to undefined function set_value()
#0 C:\wamp64\www\LeaveApplicationVersion1\vendor\codeigniter4\framework\system\View\View.php(230): include()
#1 C:\wamp64\www\LeaveApplicationVersion1\vendor\codeigniter4\framework\system\View\View.php(232): CodeIgniter\View\View->CodeIgniter\View\{closure}()
#2 C:\wamp64\www\LeaveApplicationVersion1\vendor\codeigniter4\framework\system\Common.php(1271): CodeIgniter\View\View->render('admin/newEmploy...', Array, true)
#3 C:\wamp64\www\LeaveApplicationVersion1\app\Controllers\EmployeeController.php(124): view('admin/newEmploy...')
#4 C:\wamp64\www\LeaveApplicationVersion1\vendor\codeigniter4\framework\system\CodeIgniter.php(928): App\Controllers\EmployeeController->NewEmployee()
#5 C:\wamp64\www\LeaveApplicationVersion1\vendor\codeigniter4\framework\system\CodeIgniter.php(436): CodeIgniter\CodeIgniter->runController(Object(App\Controllers\EmployeeController))
#6 C:\wamp64\www\LeaveApplicationVersion1\vendor\codeigniter4\framework\system\CodeIgniter.php(336): CodeIgniter\CodeIgniter->handleRequest(NULL, Object(Config\Cache), false)
#7 C:\wamp64\www\LeaveApplicationVersion1\public\index.php(37): CodeIgniter\CodeIgniter->run()
#8 C:\wamp64\www\LeaveApplicationVersion1\vendor\codeigniter4\framework\system\Commands\Server\rewrite.php(45): require_once('C:\\wamp64\\www\\L...')
#9 {main}
CRITICAL - 2021-11-09 07:34:16 --> Call to undefined function set_value()
#0 C:\wamp64\www\LeaveApplicationVersion1\vendor\codeigniter4\framework\system\View\View.php(230): include()
#1 C:\wamp64\www\LeaveApplicationVersion1\vendor\codeigniter4\framework\system\View\View.php(232): CodeIgniter\View\View->CodeIgniter\View\{closure}()
#2 C:\wamp64\www\LeaveApplicationVersion1\vendor\codeigniter4\framework\system\Common.php(1271): CodeIgniter\View\View->render('admin/newEmploy...', Array, true)
#3 C:\wamp64\www\LeaveApplicationVersion1\app\Controllers\EmployeeController.php(124): view('admin/newEmploy...')
#4 C:\wamp64\www\LeaveApplicationVersion1\vendor\codeigniter4\framework\system\CodeIgniter.php(928): App\Controllers\EmployeeController->NewEmployee()
#5 C:\wamp64\www\LeaveApplicationVersion1\vendor\codeigniter4\framework\system\CodeIgniter.php(436): CodeIgniter\CodeIgniter->runController(Object(App\Controllers\EmployeeController))
#6 C:\wamp64\www\LeaveApplicationVersion1\vendor\codeigniter4\framework\system\CodeIgniter.php(336): CodeIgniter\CodeIgniter->handleRequest(NULL, Object(Config\Cache), false)
#7 C:\wamp64\www\LeaveApplicationVersion1\public\index.php(37): CodeIgniter\CodeIgniter->run()
#8 C:\wamp64\www\LeaveApplicationVersion1\vendor\codeigniter4\framework\system\Commands\Server\rewrite.php(45): require_once('C:\\wamp64\\www\\L...')
#9 {main}
CRITICAL - 2021-11-09 07:34:52 --> Undefined variable: data
#0 C:\wamp64\www\LeaveApplicationVersion1\app\Views\admin\employees.php(132): CodeIgniter\Debug\Exceptions->errorHandler(8, 'Undefined varia...', 'C:\\wamp64\\www\\L...', 132, Array)
#1 C:\wamp64\www\LeaveApplicationVersion1\vendor\codeigniter4\framework\system\View\View.php(230): include('C:\\wamp64\\www\\L...')
#2 C:\wamp64\www\LeaveApplicationVersion1\vendor\codeigniter4\framework\system\View\View.php(232): CodeIgniter\View\View->CodeIgniter\View\{closure}()
#3 C:\wamp64\www\LeaveApplicationVersion1\vendor\codeigniter4\framework\system\Common.php(1271): CodeIgniter\View\View->render('admin/Employees', Array, true)
#4 C:\wamp64\www\LeaveApplicationVersion1\app\Controllers\EmployeeController.php(119): view('admin/Employees')
#5 C:\wamp64\www\LeaveApplicationVersion1\vendor\codeigniter4\framework\system\CodeIgniter.php(928): App\Controllers\EmployeeController->ShowEmployees()
#6 C:\wamp64\www\LeaveApplicationVersion1\vendor\codeigniter4\framework\system\CodeIgniter.php(436): CodeIgniter\CodeIgniter->runController(Object(App\Controllers\EmployeeController))
#7 C:\wamp64\www\LeaveApplicationVersion1\vendor\codeigniter4\framework\system\CodeIgniter.php(336): CodeIgniter\CodeIgniter->handleRequest(NULL, Object(Config\Cache), false)
#8 C:\wamp64\www\LeaveApplicationVersion1\public\index.php(37): CodeIgniter\CodeIgniter->run()
#9 C:\wamp64\www\LeaveApplicationVersion1\vendor\codeigniter4\framework\system\Commands\Server\rewrite.php(45): require_once('C:\\wamp64\\www\\L...')
#10 {main}
CRITICAL - 2021-11-09 07:36:00 --> Call to undefined function set_value()
#0 C:\wamp64\www\LeaveApplicationVersion1\vendor\codeigniter4\framework\system\View\View.php(230): include()
#1 C:\wamp64\www\LeaveApplicationVersion1\vendor\codeigniter4\framework\system\View\View.php(232): CodeIgniter\View\View->CodeIgniter\View\{closure}()
#2 C:\wamp64\www\LeaveApplicationVersion1\vendor\codeigniter4\framework\system\Common.php(1271): CodeIgniter\View\View->render('admin/newEmploy...', Array, true)
#3 C:\wamp64\www\LeaveApplicationVersion1\app\Controllers\EmployeeController.php(124): view('admin/newEmploy...')
#4 C:\wamp64\www\LeaveApplicationVersion1\vendor\codeigniter4\framework\system\CodeIgniter.php(928): App\Controllers\EmployeeController->NewEmployee()
#5 C:\wamp64\www\LeaveApplicationVersion1\vendor\codeigniter4\framework\system\CodeIgniter.php(436): CodeIgniter\CodeIgniter->runController(Object(App\Controllers\EmployeeController))
#6 C:\wamp64\www\LeaveApplicationVersion1\vendor\codeigniter4\framework\system\CodeIgniter.php(336): CodeIgniter\CodeIgniter->handleRequest(NULL, Object(Config\Cache), false)
#7 C:\wamp64\www\LeaveApplicationVersion1\public\index.php(37): CodeIgniter\CodeIgniter->run()
#8 C:\wamp64\www\LeaveApplicationVersion1\vendor\codeigniter4\framework\system\Commands\Server\rewrite.php(45): require_once('C:\\wamp64\\www\\L...')
#9 {main}
CRITICAL - 2021-11-09 07:36:11 --> Call to undefined function set_value()
#0 C:\wamp64\www\LeaveApplicationVersion1\vendor\codeigniter4\framework\system\View\View.php(230): include()
#1 C:\wamp64\www\LeaveApplicationVersion1\vendor\codeigniter4\framework\system\View\View.php(232): CodeIgniter\View\View->CodeIgniter\View\{closure}()
#2 C:\wamp64\www\LeaveApplicationVersion1\vendor\codeigniter4\framework\system\Common.php(1271): CodeIgniter\View\View->render('admin/newEmploy...', Array, true)
#3 C:\wamp64\www\LeaveApplicationVersion1\app\Controllers\EmployeeController.php(124): view('admin/newEmploy...')
#4 C:\wamp64\www\LeaveApplicationVersion1\vendor\codeigniter4\framework\system\CodeIgniter.php(928): App\Controllers\EmployeeController->NewEmployee()
#5 C:\wamp64\www\LeaveApplicationVersion1\vendor\codeigniter4\framework\system\CodeIgniter.php(436): CodeIgniter\CodeIgniter->runController(Object(App\Controllers\EmployeeController))
#6 C:\wamp64\www\LeaveApplicationVersion1\vendor\codeigniter4\framework\system\CodeIgniter.php(336): CodeIgniter\CodeIgniter->handleRequest(NULL, Object(Config\Cache), false)
#7 C:\wamp64\www\LeaveApplicationVersion1\public\index.php(37): CodeIgniter\CodeIgniter->run()
#8 C:\wamp64\www\LeaveApplicationVersion1\vendor\codeigniter4\framework\system\Commands\Server\rewrite.php(45): require_once('C:\\wamp64\\www\\L...')
#9 {main}
