CRITICAL - 2021-09-21 02:38:42 --> Invalid file: loginW.php
#0 C:\wamp64\www\LeaveApplication\vendor\codeigniter4\framework\system\View\View.php(213): CodeIgniter\Exceptions\FrameworkException::forInvalidFile('loginW.php')
#1 C:\wamp64\www\LeaveApplication\vendor\codeigniter4\framework\system\Common.php(1271): CodeIgniter\View\View->render('loginW', Array, true)
#2 C:\wamp64\www\LeaveApplication\app\Controllers\Home.php(9): view('loginW')
#3 C:\wamp64\www\LeaveApplication\vendor\codeigniter4\framework\system\CodeIgniter.php(928): App\Controllers\Home->index()
#4 C:\wamp64\www\LeaveApplication\vendor\codeigniter4\framework\system\CodeIgniter.php(436): CodeIgniter\CodeIgniter->runController(Object(App\Controllers\Home))
#5 C:\wamp64\www\LeaveApplication\vendor\codeigniter4\framework\system\CodeIgniter.php(336): CodeIgniter\CodeIgniter->handleRequest(NULL, Object(Config\Cache), false)
#6 C:\wamp64\www\LeaveApplication\public\index.php(37): CodeIgniter\CodeIgniter->run()
#7 C:\wamp64\www\LeaveApplication\vendor\codeigniter4\framework\system\Commands\Server\rewrite.php(45): require_once('C:\\wamp64\\www\\L...')
#8 {main}
CRITICAL - 2021-09-21 02:40:03 --> Invalid file: loginW.php
#0 C:\wamp64\www\LeaveApplication\vendor\codeigniter4\framework\system\View\View.php(213): CodeIgniter\Exceptions\FrameworkException::forInvalidFile('loginW.php')
#1 C:\wamp64\www\LeaveApplication\vendor\codeigniter4\framework\system\Common.php(1271): CodeIgniter\View\View->render('loginW', Array, true)
#2 C:\wamp64\www\LeaveApplication\app\Controllers\Home.php(9): view('loginW')
#3 C:\wamp64\www\LeaveApplication\vendor\codeigniter4\framework\system\CodeIgniter.php(928): App\Controllers\Home->index()
#4 C:\wamp64\www\LeaveApplication\vendor\codeigniter4\framework\system\CodeIgniter.php(436): CodeIgniter\CodeIgniter->runController(Object(App\Controllers\Home))
#5 C:\wamp64\www\LeaveApplication\vendor\codeigniter4\framework\system\CodeIgniter.php(336): CodeIgniter\CodeIgniter->handleRequest(NULL, Object(Config\Cache), false)
#6 C:\wamp64\www\LeaveApplication\public\index.php(37): CodeIgniter\CodeIgniter->run()
#7 C:\wamp64\www\LeaveApplication\vendor\codeigniter4\framework\system\Commands\Server\rewrite.php(45): require_once('C:\\wamp64\\www\\L...')
#8 {main}
CRITICAL - 2021-09-21 02:40:04 --> Invalid file: loginW.php
#0 C:\wamp64\www\LeaveApplication\vendor\codeigniter4\framework\system\View\View.php(213): CodeIgniter\Exceptions\FrameworkException::forInvalidFile('loginW.php')
#1 C:\wamp64\www\LeaveApplication\vendor\codeigniter4\framework\system\Common.php(1271): CodeIgniter\View\View->render('loginW', Array, true)
#2 C:\wamp64\www\LeaveApplication\app\Controllers\Home.php(9): view('loginW')
#3 C:\wamp64\www\LeaveApplication\vendor\codeigniter4\framework\system\CodeIgniter.php(928): App\Controllers\Home->index()
#4 C:\wamp64\www\LeaveApplication\vendor\codeigniter4\framework\system\CodeIgniter.php(436): CodeIgniter\CodeIgniter->runController(Object(App\Controllers\Home))
#5 C:\wamp64\www\LeaveApplication\vendor\codeigniter4\framework\system\CodeIgniter.php(336): CodeIgniter\CodeIgniter->handleRequest(NULL, Object(Config\Cache), false)
#6 C:\wamp64\www\LeaveApplication\public\index.php(37): CodeIgniter\CodeIgniter->run()
#7 C:\wamp64\www\LeaveApplication\vendor\codeigniter4\framework\system\Commands\Server\rewrite.php(45): require_once('C:\\wamp64\\www\\L...')
#8 {main}
CRITICAL - 2021-09-21 02:50:35 --> Undefined property: App\Controllers\Dashboard::$load
#0 C:\wamp64\www\LeaveApplication\app\Controllers\Dashboard.php(10): CodeIgniter\Debug\Exceptions->errorHandler(8, 'Undefined prope...', 'C:\\wamp64\\www\\L...', 10, Array)
#1 C:\wamp64\www\LeaveApplication\vendor\codeigniter4\framework\system\CodeIgniter.php(928): App\Controllers\Dashboard->index()
#2 C:\wamp64\www\LeaveApplication\vendor\codeigniter4\framework\system\CodeIgniter.php(436): CodeIgniter\CodeIgniter->runController(Object(App\Controllers\Dashboard))
#3 C:\wamp64\www\LeaveApplication\vendor\codeigniter4\framework\system\CodeIgniter.php(336): CodeIgniter\CodeIgniter->handleRequest(NULL, Object(Config\Cache), false)
#4 C:\wamp64\www\LeaveApplication\public\index.php(37): CodeIgniter\CodeIgniter->run()
#5 C:\wamp64\www\LeaveApplication\vendor\codeigniter4\framework\system\Commands\Server\rewrite.php(45): require_once('C:\\wamp64\\www\\L...')
#6 {main}
CRITICAL - 2021-09-21 02:53:31 --> Undefined property: App\Controllers\Dashboard::$load
#0 C:\wamp64\www\LeaveApplication\app\Controllers\Dashboard.php(10): CodeIgniter\Debug\Exceptions->errorHandler(8, 'Undefined prope...', 'C:\\wamp64\\www\\L...', 10, Array)
#1 C:\wamp64\www\LeaveApplication\vendor\codeigniter4\framework\system\CodeIgniter.php(928): App\Controllers\Dashboard->index()
#2 C:\wamp64\www\LeaveApplication\vendor\codeigniter4\framework\system\CodeIgniter.php(436): CodeIgniter\CodeIgniter->runController(Object(App\Controllers\Dashboard))
#3 C:\wamp64\www\LeaveApplication\vendor\codeigniter4\framework\system\CodeIgniter.php(336): CodeIgniter\CodeIgniter->handleRequest(NULL, Object(Config\Cache), false)
#4 C:\wamp64\www\LeaveApplication\public\index.php(37): CodeIgniter\CodeIgniter->run()
#5 C:\wamp64\www\LeaveApplication\vendor\codeigniter4\framework\system\Commands\Server\rewrite.php(45): require_once('C:\\wamp64\\www\\L...')
#6 {main}
CRITICAL - 2021-09-21 02:53:45 --> Undefined property: App\Controllers\Dashboard::$load
#0 C:\wamp64\www\LeaveApplication\app\Controllers\Dashboard.php(10): CodeIgniter\Debug\Exceptions->errorHandler(8, 'Undefined prope...', 'C:\\wamp64\\www\\L...', 10, Array)
#1 C:\wamp64\www\LeaveApplication\vendor\codeigniter4\framework\system\CodeIgniter.php(928): App\Controllers\Dashboard->index()
#2 C:\wamp64\www\LeaveApplication\vendor\codeigniter4\framework\system\CodeIgniter.php(436): CodeIgniter\CodeIgniter->runController(Object(App\Controllers\Dashboard))
#3 C:\wamp64\www\LeaveApplication\vendor\codeigniter4\framework\system\CodeIgniter.php(336): CodeIgniter\CodeIgniter->handleRequest(NULL, Object(Config\Cache), false)
#4 C:\wamp64\www\LeaveApplication\public\index.php(37): CodeIgniter\CodeIgniter->run()
#5 C:\wamp64\www\LeaveApplication\vendor\codeigniter4\framework\system\Commands\Server\rewrite.php(45): require_once('C:\\wamp64\\www\\L...')
#6 {main}
CRITICAL - 2021-09-21 02:53:45 --> Undefined property: App\Controllers\Dashboard::$load
#0 C:\wamp64\www\LeaveApplication\app\Controllers\Dashboard.php(10): CodeIgniter\Debug\Exceptions->errorHandler(8, 'Undefined prope...', 'C:\\wamp64\\www\\L...', 10, Array)
#1 C:\wamp64\www\LeaveApplication\vendor\codeigniter4\framework\system\CodeIgniter.php(928): App\Controllers\Dashboard->index()
#2 C:\wamp64\www\LeaveApplication\vendor\codeigniter4\framework\system\CodeIgniter.php(436): CodeIgniter\CodeIgniter->runController(Object(App\Controllers\Dashboard))
#3 C:\wamp64\www\LeaveApplication\vendor\codeigniter4\framework\system\CodeIgniter.php(336): CodeIgniter\CodeIgniter->handleRequest(NULL, Object(Config\Cache), false)
#4 C:\wamp64\www\LeaveApplication\public\index.php(37): CodeIgniter\CodeIgniter->run()
#5 C:\wamp64\www\LeaveApplication\vendor\codeigniter4\framework\system\Commands\Server\rewrite.php(45): require_once('C:\\wamp64\\www\\L...')
#6 {main}
CRITICAL - 2021-09-21 02:53:46 --> Undefined property: App\Controllers\Dashboard::$load
#0 C:\wamp64\www\LeaveApplication\app\Controllers\Dashboard.php(10): CodeIgniter\Debug\Exceptions->errorHandler(8, 'Undefined prope...', 'C:\\wamp64\\www\\L...', 10, Array)
#1 C:\wamp64\www\LeaveApplication\vendor\codeigniter4\framework\system\CodeIgniter.php(928): App\Controllers\Dashboard->index()
#2 C:\wamp64\www\LeaveApplication\vendor\codeigniter4\framework\system\CodeIgniter.php(436): CodeIgniter\CodeIgniter->runController(Object(App\Controllers\Dashboard))
#3 C:\wamp64\www\LeaveApplication\vendor\codeigniter4\framework\system\CodeIgniter.php(336): CodeIgniter\CodeIgniter->handleRequest(NULL, Object(Config\Cache), false)
#4 C:\wamp64\www\LeaveApplication\public\index.php(37): CodeIgniter\CodeIgniter->run()
#5 C:\wamp64\www\LeaveApplication\vendor\codeigniter4\framework\system\Commands\Server\rewrite.php(45): require_once('C:\\wamp64\\www\\L...')
#6 {main}
CRITICAL - 2021-09-21 02:53:46 --> Undefined property: App\Controllers\Dashboard::$load
#0 C:\wamp64\www\LeaveApplication\app\Controllers\Dashboard.php(10): CodeIgniter\Debug\Exceptions->errorHandler(8, 'Undefined prope...', 'C:\\wamp64\\www\\L...', 10, Array)
#1 C:\wamp64\www\LeaveApplication\vendor\codeigniter4\framework\system\CodeIgniter.php(928): App\Controllers\Dashboard->index()
#2 C:\wamp64\www\LeaveApplication\vendor\codeigniter4\framework\system\CodeIgniter.php(436): CodeIgniter\CodeIgniter->runController(Object(App\Controllers\Dashboard))
#3 C:\wamp64\www\LeaveApplication\vendor\codeigniter4\framework\system\CodeIgniter.php(336): CodeIgniter\CodeIgniter->handleRequest(NULL, Object(Config\Cache), false)
#4 C:\wamp64\www\LeaveApplication\public\index.php(37): CodeIgniter\CodeIgniter->run()
#5 C:\wamp64\www\LeaveApplication\vendor\codeigniter4\framework\system\Commands\Server\rewrite.php(45): require_once('C:\\wamp64\\www\\L...')
#6 {main}
CRITICAL - 2021-09-21 02:53:46 --> Undefined property: App\Controllers\Dashboard::$load
#0 C:\wamp64\www\LeaveApplication\app\Controllers\Dashboard.php(10): CodeIgniter\Debug\Exceptions->errorHandler(8, 'Undefined prope...', 'C:\\wamp64\\www\\L...', 10, Array)
#1 C:\wamp64\www\LeaveApplication\vendor\codeigniter4\framework\system\CodeIgniter.php(928): App\Controllers\Dashboard->index()
#2 C:\wamp64\www\LeaveApplication\vendor\codeigniter4\framework\system\CodeIgniter.php(436): CodeIgniter\CodeIgniter->runController(Object(App\Controllers\Dashboard))
#3 C:\wamp64\www\LeaveApplication\vendor\codeigniter4\framework\system\CodeIgniter.php(336): CodeIgniter\CodeIgniter->handleRequest(NULL, Object(Config\Cache), false)
#4 C:\wamp64\www\LeaveApplication\public\index.php(37): CodeIgniter\CodeIgniter->run()
#5 C:\wamp64\www\LeaveApplication\vendor\codeigniter4\framework\system\Commands\Server\rewrite.php(45): require_once('C:\\wamp64\\www\\L...')
#6 {main}
CRITICAL - 2021-09-21 02:53:47 --> Undefined property: App\Controllers\Dashboard::$load
#0 C:\wamp64\www\LeaveApplication\app\Controllers\Dashboard.php(10): CodeIgniter\Debug\Exceptions->errorHandler(8, 'Undefined prope...', 'C:\\wamp64\\www\\L...', 10, Array)
#1 C:\wamp64\www\LeaveApplication\vendor\codeigniter4\framework\system\CodeIgniter.php(928): App\Controllers\Dashboard->index()
#2 C:\wamp64\www\LeaveApplication\vendor\codeigniter4\framework\system\CodeIgniter.php(436): CodeIgniter\CodeIgniter->runController(Object(App\Controllers\Dashboard))
#3 C:\wamp64\www\LeaveApplication\vendor\codeigniter4\framework\system\CodeIgniter.php(336): CodeIgniter\CodeIgniter->handleRequest(NULL, Object(Config\Cache), false)
#4 C:\wamp64\www\LeaveApplication\public\index.php(37): CodeIgniter\CodeIgniter->run()
#5 C:\wamp64\www\LeaveApplication\vendor\codeigniter4\framework\system\Commands\Server\rewrite.php(45): require_once('C:\\wamp64\\www\\L...')
#6 {main}
CRITICAL - 2021-09-21 02:53:47 --> Undefined property: App\Controllers\Dashboard::$load
#0 C:\wamp64\www\LeaveApplication\app\Controllers\Dashboard.php(10): CodeIgniter\Debug\Exceptions->errorHandler(8, 'Undefined prope...', 'C:\\wamp64\\www\\L...', 10, Array)
#1 C:\wamp64\www\LeaveApplication\vendor\codeigniter4\framework\system\CodeIgniter.php(928): App\Controllers\Dashboard->index()
#2 C:\wamp64\www\LeaveApplication\vendor\codeigniter4\framework\system\CodeIgniter.php(436): CodeIgniter\CodeIgniter->runController(Object(App\Controllers\Dashboard))
#3 C:\wamp64\www\LeaveApplication\vendor\codeigniter4\framework\system\CodeIgniter.php(336): CodeIgniter\CodeIgniter->handleRequest(NULL, Object(Config\Cache), false)
#4 C:\wamp64\www\LeaveApplication\public\index.php(37): CodeIgniter\CodeIgniter->run()
#5 C:\wamp64\www\LeaveApplication\vendor\codeigniter4\framework\system\Commands\Server\rewrite.php(45): require_once('C:\\wamp64\\www\\L...')
#6 {main}
CRITICAL - 2021-09-21 02:53:47 --> Undefined property: App\Controllers\Dashboard::$load
#0 C:\wamp64\www\LeaveApplication\app\Controllers\Dashboard.php(10): CodeIgniter\Debug\Exceptions->errorHandler(8, 'Undefined prope...', 'C:\\wamp64\\www\\L...', 10, Array)
#1 C:\wamp64\www\LeaveApplication\vendor\codeigniter4\framework\system\CodeIgniter.php(928): App\Controllers\Dashboard->index()
#2 C:\wamp64\www\LeaveApplication\vendor\codeigniter4\framework\system\CodeIgniter.php(436): CodeIgniter\CodeIgniter->runController(Object(App\Controllers\Dashboard))
#3 C:\wamp64\www\LeaveApplication\vendor\codeigniter4\framework\system\CodeIgniter.php(336): CodeIgniter\CodeIgniter->handleRequest(NULL, Object(Config\Cache), false)
#4 C:\wamp64\www\LeaveApplication\public\index.php(37): CodeIgniter\CodeIgniter->run()
#5 C:\wamp64\www\LeaveApplication\vendor\codeigniter4\framework\system\Commands\Server\rewrite.php(45): require_once('C:\\wamp64\\www\\L...')
#6 {main}
CRITICAL - 2021-09-21 02:59:31 --> Undefined property: App\Controllers\Dashboard::$load
#0 C:\wamp64\www\LeaveApplication\app\Controllers\Dashboard.php(10): CodeIgniter\Debug\Exceptions->errorHandler(8, 'Undefined prope...', 'C:\\wamp64\\www\\L...', 10, Array)
#1 C:\wamp64\www\LeaveApplication\vendor\codeigniter4\framework\system\CodeIgniter.php(928): App\Controllers\Dashboard->index()
#2 C:\wamp64\www\LeaveApplication\vendor\codeigniter4\framework\system\CodeIgniter.php(436): CodeIgniter\CodeIgniter->runController(Object(App\Controllers\Dashboard))
#3 C:\wamp64\www\LeaveApplication\vendor\codeigniter4\framework\system\CodeIgniter.php(336): CodeIgniter\CodeIgniter->handleRequest(NULL, Object(Config\Cache), false)
#4 C:\wamp64\www\LeaveApplication\public\index.php(37): CodeIgniter\CodeIgniter->run()
#5 C:\wamp64\www\LeaveApplication\vendor\codeigniter4\framework\system\Commands\Server\rewrite.php(45): require_once('C:\\wamp64\\www\\L...')
#6 {main}
CRITICAL - 2021-09-21 02:59:32 --> Undefined property: App\Controllers\Dashboard::$load
#0 C:\wamp64\www\LeaveApplication\app\Controllers\Dashboard.php(10): CodeIgniter\Debug\Exceptions->errorHandler(8, 'Undefined prope...', 'C:\\wamp64\\www\\L...', 10, Array)
#1 C:\wamp64\www\LeaveApplication\vendor\codeigniter4\framework\system\CodeIgniter.php(928): App\Controllers\Dashboard->index()
#2 C:\wamp64\www\LeaveApplication\vendor\codeigniter4\framework\system\CodeIgniter.php(436): CodeIgniter\CodeIgniter->runController(Object(App\Controllers\Dashboard))
#3 C:\wamp64\www\LeaveApplication\vendor\codeigniter4\framework\system\CodeIgniter.php(336): CodeIgniter\CodeIgniter->handleRequest(NULL, Object(Config\Cache), false)
#4 C:\wamp64\www\LeaveApplication\public\index.php(37): CodeIgniter\CodeIgniter->run()
#5 C:\wamp64\www\LeaveApplication\vendor\codeigniter4\framework\system\Commands\Server\rewrite.php(45): require_once('C:\\wamp64\\www\\L...')
#6 {main}
CRITICAL - 2021-09-21 02:59:33 --> Undefined property: App\Controllers\Dashboard::$load
#0 C:\wamp64\www\LeaveApplication\app\Controllers\Dashboard.php(10): CodeIgniter\Debug\Exceptions->errorHandler(8, 'Undefined prope...', 'C:\\wamp64\\www\\L...', 10, Array)
#1 C:\wamp64\www\LeaveApplication\vendor\codeigniter4\framework\system\CodeIgniter.php(928): App\Controllers\Dashboard->index()
#2 C:\wamp64\www\LeaveApplication\vendor\codeigniter4\framework\system\CodeIgniter.php(436): CodeIgniter\CodeIgniter->runController(Object(App\Controllers\Dashboard))
#3 C:\wamp64\www\LeaveApplication\vendor\codeigniter4\framework\system\CodeIgniter.php(336): CodeIgniter\CodeIgniter->handleRequest(NULL, Object(Config\Cache), false)
#4 C:\wamp64\www\LeaveApplication\public\index.php(37): CodeIgniter\CodeIgniter->run()
#5 C:\wamp64\www\LeaveApplication\vendor\codeigniter4\framework\system\Commands\Server\rewrite.php(45): require_once('C:\\wamp64\\www\\L...')
#6 {main}
CRITICAL - 2021-09-21 02:59:33 --> Undefined property: App\Controllers\Dashboard::$load
#0 C:\wamp64\www\LeaveApplication\app\Controllers\Dashboard.php(10): CodeIgniter\Debug\Exceptions->errorHandler(8, 'Undefined prope...', 'C:\\wamp64\\www\\L...', 10, Array)
#1 C:\wamp64\www\LeaveApplication\vendor\codeigniter4\framework\system\CodeIgniter.php(928): App\Controllers\Dashboard->index()
#2 C:\wamp64\www\LeaveApplication\vendor\codeigniter4\framework\system\CodeIgniter.php(436): CodeIgniter\CodeIgniter->runController(Object(App\Controllers\Dashboard))
#3 C:\wamp64\www\LeaveApplication\vendor\codeigniter4\framework\system\CodeIgniter.php(336): CodeIgniter\CodeIgniter->handleRequest(NULL, Object(Config\Cache), false)
#4 C:\wamp64\www\LeaveApplication\public\index.php(37): CodeIgniter\CodeIgniter->run()
#5 C:\wamp64\www\LeaveApplication\vendor\codeigniter4\framework\system\Commands\Server\rewrite.php(45): require_once('C:\\wamp64\\www\\L...')
#6 {main}
CRITICAL - 2021-09-21 02:59:33 --> Undefined property: App\Controllers\Dashboard::$load
#0 C:\wamp64\www\LeaveApplication\app\Controllers\Dashboard.php(10): CodeIgniter\Debug\Exceptions->errorHandler(8, 'Undefined prope...', 'C:\\wamp64\\www\\L...', 10, Array)
#1 C:\wamp64\www\LeaveApplication\vendor\codeigniter4\framework\system\CodeIgniter.php(928): App\Controllers\Dashboard->index()
#2 C:\wamp64\www\LeaveApplication\vendor\codeigniter4\framework\system\CodeIgniter.php(436): CodeIgniter\CodeIgniter->runController(Object(App\Controllers\Dashboard))
#3 C:\wamp64\www\LeaveApplication\vendor\codeigniter4\framework\system\CodeIgniter.php(336): CodeIgniter\CodeIgniter->handleRequest(NULL, Object(Config\Cache), false)
#4 C:\wamp64\www\LeaveApplication\public\index.php(37): CodeIgniter\CodeIgniter->run()
#5 C:\wamp64\www\LeaveApplication\vendor\codeigniter4\framework\system\Commands\Server\rewrite.php(45): require_once('C:\\wamp64\\www\\L...')
#6 {main}
CRITICAL - 2021-09-21 02:59:33 --> Undefined property: App\Controllers\Dashboard::$load
#0 C:\wamp64\www\LeaveApplication\app\Controllers\Dashboard.php(10): CodeIgniter\Debug\Exceptions->errorHandler(8, 'Undefined prope...', 'C:\\wamp64\\www\\L...', 10, Array)
#1 C:\wamp64\www\LeaveApplication\vendor\codeigniter4\framework\system\CodeIgniter.php(928): App\Controllers\Dashboard->index()
#2 C:\wamp64\www\LeaveApplication\vendor\codeigniter4\framework\system\CodeIgniter.php(436): CodeIgniter\CodeIgniter->runController(Object(App\Controllers\Dashboard))
#3 C:\wamp64\www\LeaveApplication\vendor\codeigniter4\framework\system\CodeIgniter.php(336): CodeIgniter\CodeIgniter->handleRequest(NULL, Object(Config\Cache), false)
#4 C:\wamp64\www\LeaveApplication\public\index.php(37): CodeIgniter\CodeIgniter->run()
#5 C:\wamp64\www\LeaveApplication\vendor\codeigniter4\framework\system\Commands\Server\rewrite.php(45): require_once('C:\\wamp64\\www\\L...')
#6 {main}
CRITICAL - 2021-09-21 02:59:37 --> Undefined property: App\Controllers\Dashboard::$load
#0 C:\wamp64\www\LeaveApplication\app\Controllers\Dashboard.php(10): CodeIgniter\Debug\Exceptions->errorHandler(8, 'Undefined prope...', 'C:\\wamp64\\www\\L...', 10, Array)
#1 C:\wamp64\www\LeaveApplication\vendor\codeigniter4\framework\system\CodeIgniter.php(928): App\Controllers\Dashboard->index()
#2 C:\wamp64\www\LeaveApplication\vendor\codeigniter4\framework\system\CodeIgniter.php(436): CodeIgniter\CodeIgniter->runController(Object(App\Controllers\Dashboard))
#3 C:\wamp64\www\LeaveApplication\vendor\codeigniter4\framework\system\CodeIgniter.php(336): CodeIgniter\CodeIgniter->handleRequest(NULL, Object(Config\Cache), false)
#4 C:\wamp64\www\LeaveApplication\public\index.php(37): CodeIgniter\CodeIgniter->run()
#5 C:\wamp64\www\LeaveApplication\vendor\codeigniter4\framework\system\Commands\Server\rewrite.php(45): require_once('C:\\wamp64\\www\\L...')
#6 {main}
CRITICAL - 2021-09-21 03:00:28 --> Undefined property: App\Controllers\Dashboard::$load
#0 C:\wamp64\www\LeaveApplication\app\Controllers\Dashboard.php(10): CodeIgniter\Debug\Exceptions->errorHandler(8, 'Undefined prope...', 'C:\\wamp64\\www\\L...', 10, Array)
#1 C:\wamp64\www\LeaveApplication\vendor\codeigniter4\framework\system\CodeIgniter.php(928): App\Controllers\Dashboard->index()
#2 C:\wamp64\www\LeaveApplication\vendor\codeigniter4\framework\system\CodeIgniter.php(436): CodeIgniter\CodeIgniter->runController(Object(App\Controllers\Dashboard))
#3 C:\wamp64\www\LeaveApplication\vendor\codeigniter4\framework\system\CodeIgniter.php(336): CodeIgniter\CodeIgniter->handleRequest(NULL, Object(Config\Cache), false)
#4 C:\wamp64\www\LeaveApplication\public\index.php(37): CodeIgniter\CodeIgniter->run()
#5 C:\wamp64\www\LeaveApplication\vendor\codeigniter4\framework\system\Commands\Server\rewrite.php(45): require_once('C:\\wamp64\\www\\L...')
#6 {main}
CRITICAL - 2021-09-21 03:00:29 --> Undefined property: App\Controllers\Dashboard::$load
#0 C:\wamp64\www\LeaveApplication\app\Controllers\Dashboard.php(10): CodeIgniter\Debug\Exceptions->errorHandler(8, 'Undefined prope...', 'C:\\wamp64\\www\\L...', 10, Array)
#1 C:\wamp64\www\LeaveApplication\vendor\codeigniter4\framework\system\CodeIgniter.php(928): App\Controllers\Dashboard->index()
#2 C:\wamp64\www\LeaveApplication\vendor\codeigniter4\framework\system\CodeIgniter.php(436): CodeIgniter\CodeIgniter->runController(Object(App\Controllers\Dashboard))
#3 C:\wamp64\www\LeaveApplication\vendor\codeigniter4\framework\system\CodeIgniter.php(336): CodeIgniter\CodeIgniter->handleRequest(NULL, Object(Config\Cache), false)
#4 C:\wamp64\www\LeaveApplication\public\index.php(37): CodeIgniter\CodeIgniter->run()
#5 C:\wamp64\www\LeaveApplication\vendor\codeigniter4\framework\system\Commands\Server\rewrite.php(45): require_once('C:\\wamp64\\www\\L...')
#6 {main}
CRITICAL - 2021-09-21 03:00:29 --> Undefined property: App\Controllers\Dashboard::$load
#0 C:\wamp64\www\LeaveApplication\app\Controllers\Dashboard.php(10): CodeIgniter\Debug\Exceptions->errorHandler(8, 'Undefined prope...', 'C:\\wamp64\\www\\L...', 10, Array)
#1 C:\wamp64\www\LeaveApplication\vendor\codeigniter4\framework\system\CodeIgniter.php(928): App\Controllers\Dashboard->index()
#2 C:\wamp64\www\LeaveApplication\vendor\codeigniter4\framework\system\CodeIgniter.php(436): CodeIgniter\CodeIgniter->runController(Object(App\Controllers\Dashboard))
#3 C:\wamp64\www\LeaveApplication\vendor\codeigniter4\framework\system\CodeIgniter.php(336): CodeIgniter\CodeIgniter->handleRequest(NULL, Object(Config\Cache), false)
#4 C:\wamp64\www\LeaveApplication\public\index.php(37): CodeIgniter\CodeIgniter->run()
#5 C:\wamp64\www\LeaveApplication\vendor\codeigniter4\framework\system\Commands\Server\rewrite.php(45): require_once('C:\\wamp64\\www\\L...')
#6 {main}
CRITICAL - 2021-09-21 03:00:30 --> Undefined property: App\Controllers\Dashboard::$load
#0 C:\wamp64\www\LeaveApplication\app\Controllers\Dashboard.php(10): CodeIgniter\Debug\Exceptions->errorHandler(8, 'Undefined prope...', 'C:\\wamp64\\www\\L...', 10, Array)
#1 C:\wamp64\www\LeaveApplication\vendor\codeigniter4\framework\system\CodeIgniter.php(928): App\Controllers\Dashboard->index()
#2 C:\wamp64\www\LeaveApplication\vendor\codeigniter4\framework\system\CodeIgniter.php(436): CodeIgniter\CodeIgniter->runController(Object(App\Controllers\Dashboard))
#3 C:\wamp64\www\LeaveApplication\vendor\codeigniter4\framework\system\CodeIgniter.php(336): CodeIgniter\CodeIgniter->handleRequest(NULL, Object(Config\Cache), false)
#4 C:\wamp64\www\LeaveApplication\public\index.php(37): CodeIgniter\CodeIgniter->run()
#5 C:\wamp64\www\LeaveApplication\vendor\codeigniter4\framework\system\Commands\Server\rewrite.php(45): require_once('C:\\wamp64\\www\\L...')
#6 {main}
CRITICAL - 2021-09-21 03:00:34 --> Undefined property: App\Controllers\Dashboard::$load
#0 C:\wamp64\www\LeaveApplication\app\Controllers\Dashboard.php(10): CodeIgniter\Debug\Exceptions->errorHandler(8, 'Undefined prope...', 'C:\\wamp64\\www\\L...', 10, Array)
#1 C:\wamp64\www\LeaveApplication\vendor\codeigniter4\framework\system\CodeIgniter.php(928): App\Controllers\Dashboard->index()
#2 C:\wamp64\www\LeaveApplication\vendor\codeigniter4\framework\system\CodeIgniter.php(436): CodeIgniter\CodeIgniter->runController(Object(App\Controllers\Dashboard))
#3 C:\wamp64\www\LeaveApplication\vendor\codeigniter4\framework\system\CodeIgniter.php(336): CodeIgniter\CodeIgniter->handleRequest(NULL, Object(Config\Cache), false)
#4 C:\wamp64\www\LeaveApplication\public\index.php(37): CodeIgniter\CodeIgniter->run()
#5 C:\wamp64\www\LeaveApplication\vendor\codeigniter4\framework\system\Commands\Server\rewrite.php(45): require_once('C:\\wamp64\\www\\L...')
#6 {main}
CRITICAL - 2021-09-21 03:00:39 --> Undefined property: App\Controllers\Dashboard::$load
#0 C:\wamp64\www\LeaveApplication\app\Controllers\Dashboard.php(10): CodeIgniter\Debug\Exceptions->errorHandler(8, 'Undefined prope...', 'C:\\wamp64\\www\\L...', 10, Array)
#1 C:\wamp64\www\LeaveApplication\vendor\codeigniter4\framework\system\CodeIgniter.php(928): App\Controllers\Dashboard->index()
#2 C:\wamp64\www\LeaveApplication\vendor\codeigniter4\framework\system\CodeIgniter.php(436): CodeIgniter\CodeIgniter->runController(Object(App\Controllers\Dashboard))
#3 C:\wamp64\www\LeaveApplication\vendor\codeigniter4\framework\system\CodeIgniter.php(336): CodeIgniter\CodeIgniter->handleRequest(NULL, Object(Config\Cache), false)
#4 C:\wamp64\www\LeaveApplication\public\index.php(37): CodeIgniter\CodeIgniter->run()
#5 C:\wamp64\www\LeaveApplication\vendor\codeigniter4\framework\system\Commands\Server\rewrite.php(45): require_once('C:\\wamp64\\www\\L...')
#6 {main}
CRITICAL - 2021-09-21 03:01:01 --> Undefined property: App\Controllers\Dashboard::$load
#0 C:\wamp64\www\LeaveApplication\app\Controllers\Dashboard.php(10): CodeIgniter\Debug\Exceptions->errorHandler(8, 'Undefined prope...', 'C:\\wamp64\\www\\L...', 10, Array)
#1 C:\wamp64\www\LeaveApplication\vendor\codeigniter4\framework\system\CodeIgniter.php(928): App\Controllers\Dashboard->index()
#2 C:\wamp64\www\LeaveApplication\vendor\codeigniter4\framework\system\CodeIgniter.php(436): CodeIgniter\CodeIgniter->runController(Object(App\Controllers\Dashboard))
#3 C:\wamp64\www\LeaveApplication\vendor\codeigniter4\framework\system\CodeIgniter.php(336): CodeIgniter\CodeIgniter->handleRequest(NULL, Object(Config\Cache), false)
#4 C:\wamp64\www\LeaveApplication\public\index.php(37): CodeIgniter\CodeIgniter->run()
#5 C:\wamp64\www\LeaveApplication\vendor\codeigniter4\framework\system\Commands\Server\rewrite.php(45): require_once('C:\\wamp64\\www\\L...')
#6 {main}
CRITICAL - 2021-09-21 03:01:39 --> Undefined property: App\Controllers\Dashboard::$load
#0 C:\wamp64\www\LeaveApplication\app\Controllers\Dashboard.php(10): CodeIgniter\Debug\Exceptions->errorHandler(8, 'Undefined prope...', 'C:\\wamp64\\www\\L...', 10, Array)
#1 C:\wamp64\www\LeaveApplication\vendor\codeigniter4\framework\system\CodeIgniter.php(928): App\Controllers\Dashboard->index()
#2 C:\wamp64\www\LeaveApplication\vendor\codeigniter4\framework\system\CodeIgniter.php(436): CodeIgniter\CodeIgniter->runController(Object(App\Controllers\Dashboard))
#3 C:\wamp64\www\LeaveApplication\vendor\codeigniter4\framework\system\CodeIgniter.php(336): CodeIgniter\CodeIgniter->handleRequest(NULL, Object(Config\Cache), false)
#4 C:\wamp64\www\LeaveApplication\public\index.php(37): CodeIgniter\CodeIgniter->run()
#5 C:\wamp64\www\LeaveApplication\vendor\codeigniter4\framework\system\Commands\Server\rewrite.php(45): require_once('C:\\wamp64\\www\\L...')
#6 {main}
CRITICAL - 2021-09-21 03:01:58 --> Undefined property: App\Controllers\Dashboard::$load
#0 C:\wamp64\www\LeaveApplication\app\Controllers\Dashboard.php(10): CodeIgniter\Debug\Exceptions->errorHandler(8, 'Undefined prope...', 'C:\\wamp64\\www\\L...', 10, Array)
#1 C:\wamp64\www\LeaveApplication\vendor\codeigniter4\framework\system\CodeIgniter.php(928): App\Controllers\Dashboard->index()
#2 C:\wamp64\www\LeaveApplication\vendor\codeigniter4\framework\system\CodeIgniter.php(436): CodeIgniter\CodeIgniter->runController(Object(App\Controllers\Dashboard))
#3 C:\wamp64\www\LeaveApplication\vendor\codeigniter4\framework\system\CodeIgniter.php(336): CodeIgniter\CodeIgniter->handleRequest(NULL, Object(Config\Cache), false)
#4 C:\wamp64\www\LeaveApplication\public\index.php(37): CodeIgniter\CodeIgniter->run()
#5 C:\wamp64\www\LeaveApplication\vendor\codeigniter4\framework\system\Commands\Server\rewrite.php(45): require_once('C:\\wamp64\\www\\L...')
#6 {main}
CRITICAL - 2021-09-21 03:03:43 --> Undefined property: App\Controllers\Dashboard::$load
#0 C:\wamp64\www\LeaveApplication\app\Controllers\Dashboard.php(10): CodeIgniter\Debug\Exceptions->errorHandler(8, 'Undefined prope...', 'C:\\wamp64\\www\\L...', 10, Array)
#1 C:\wamp64\www\LeaveApplication\vendor\codeigniter4\framework\system\CodeIgniter.php(928): App\Controllers\Dashboard->index()
#2 C:\wamp64\www\LeaveApplication\vendor\codeigniter4\framework\system\CodeIgniter.php(436): CodeIgniter\CodeIgniter->runController(Object(App\Controllers\Dashboard))
#3 C:\wamp64\www\LeaveApplication\vendor\codeigniter4\framework\system\CodeIgniter.php(336): CodeIgniter\CodeIgniter->handleRequest(NULL, Object(Config\Cache), false)
#4 C:\wamp64\www\LeaveApplication\public\index.php(37): CodeIgniter\CodeIgniter->run()
#5 C:\wamp64\www\LeaveApplication\vendor\codeigniter4\framework\system\Commands\Server\rewrite.php(45): require_once('C:\\wamp64\\www\\L...')
#6 {main}
CRITICAL - 2021-09-21 03:03:44 --> Undefined property: App\Controllers\Dashboard::$load
#0 C:\wamp64\www\LeaveApplication\app\Controllers\Dashboard.php(10): CodeIgniter\Debug\Exceptions->errorHandler(8, 'Undefined prope...', 'C:\\wamp64\\www\\L...', 10, Array)
#1 C:\wamp64\www\LeaveApplication\vendor\codeigniter4\framework\system\CodeIgniter.php(928): App\Controllers\Dashboard->index()
#2 C:\wamp64\www\LeaveApplication\vendor\codeigniter4\framework\system\CodeIgniter.php(436): CodeIgniter\CodeIgniter->runController(Object(App\Controllers\Dashboard))
#3 C:\wamp64\www\LeaveApplication\vendor\codeigniter4\framework\system\CodeIgniter.php(336): CodeIgniter\CodeIgniter->handleRequest(NULL, Object(Config\Cache), false)
#4 C:\wamp64\www\LeaveApplication\public\index.php(37): CodeIgniter\CodeIgniter->run()
#5 C:\wamp64\www\LeaveApplication\vendor\codeigniter4\framework\system\Commands\Server\rewrite.php(45): require_once('C:\\wamp64\\www\\L...')
#6 {main}
CRITICAL - 2021-09-21 03:03:48 --> Undefined property: App\Controllers\Dashboard::$load
#0 C:\wamp64\www\LeaveApplication\app\Controllers\Dashboard.php(10): CodeIgniter\Debug\Exceptions->errorHandler(8, 'Undefined prope...', 'C:\\wamp64\\www\\L...', 10, Array)
#1 C:\wamp64\www\LeaveApplication\vendor\codeigniter4\framework\system\CodeIgniter.php(928): App\Controllers\Dashboard->index()
#2 C:\wamp64\www\LeaveApplication\vendor\codeigniter4\framework\system\CodeIgniter.php(436): CodeIgniter\CodeIgniter->runController(Object(App\Controllers\Dashboard))
#3 C:\wamp64\www\LeaveApplication\vendor\codeigniter4\framework\system\CodeIgniter.php(336): CodeIgniter\CodeIgniter->handleRequest(NULL, Object(Config\Cache), false)
#4 C:\wamp64\www\LeaveApplication\public\index.php(37): CodeIgniter\CodeIgniter->run()
#5 C:\wamp64\www\LeaveApplication\vendor\codeigniter4\framework\system\Commands\Server\rewrite.php(45): require_once('C:\\wamp64\\www\\L...')
#6 {main}
CRITICAL - 2021-09-21 03:03:57 --> Undefined property: App\Controllers\Dashboard::$load
#0 C:\wamp64\www\LeaveApplication\app\Controllers\Dashboard.php(10): CodeIgniter\Debug\Exceptions->errorHandler(8, 'Undefined prope...', 'C:\\wamp64\\www\\L...', 10, Array)
#1 C:\wamp64\www\LeaveApplication\vendor\codeigniter4\framework\system\CodeIgniter.php(928): App\Controllers\Dashboard->index()
#2 C:\wamp64\www\LeaveApplication\vendor\codeigniter4\framework\system\CodeIgniter.php(436): CodeIgniter\CodeIgniter->runController(Object(App\Controllers\Dashboard))
#3 C:\wamp64\www\LeaveApplication\vendor\codeigniter4\framework\system\CodeIgniter.php(336): CodeIgniter\CodeIgniter->handleRequest(NULL, Object(Config\Cache), false)
#4 C:\wamp64\www\LeaveApplication\public\index.php(37): CodeIgniter\CodeIgniter->run()
#5 C:\wamp64\www\LeaveApplication\vendor\codeigniter4\framework\system\Commands\Server\rewrite.php(45): require_once('C:\\wamp64\\www\\L...')
#6 {main}
CRITICAL - 2021-09-21 03:11:19 --> Undefined property: App\Controllers\Dashboard::$load
#0 C:\wamp64\www\LeaveApplication\app\Controllers\Dashboard.php(13): CodeIgniter\Debug\Exceptions->errorHandler(8, 'Undefined prope...', 'C:\\wamp64\\www\\L...', 13, Array)
#1 C:\wamp64\www\LeaveApplication\vendor\codeigniter4\framework\system\CodeIgniter.php(928): App\Controllers\Dashboard->index()
#2 C:\wamp64\www\LeaveApplication\vendor\codeigniter4\framework\system\CodeIgniter.php(436): CodeIgniter\CodeIgniter->runController(Object(App\Controllers\Dashboard))
#3 C:\wamp64\www\LeaveApplication\vendor\codeigniter4\framework\system\CodeIgniter.php(336): CodeIgniter\CodeIgniter->handleRequest(NULL, Object(Config\Cache), false)
#4 C:\wamp64\www\LeaveApplication\public\index.php(37): CodeIgniter\CodeIgniter->run()
#5 C:\wamp64\www\LeaveApplication\vendor\codeigniter4\framework\system\Commands\Server\rewrite.php(45): require_once('C:\\wamp64\\www\\L...')
#6 {main}
CRITICAL - 2021-09-21 03:11:50 --> Undefined property: App\Controllers\Dashboard::$load
#0 C:\wamp64\www\LeaveApplication\app\Controllers\Dashboard.php(13): CodeIgniter\Debug\Exceptions->errorHandler(8, 'Undefined prope...', 'C:\\wamp64\\www\\L...', 13, Array)
#1 C:\wamp64\www\LeaveApplication\vendor\codeigniter4\framework\system\CodeIgniter.php(928): App\Controllers\Dashboard->index()
#2 C:\wamp64\www\LeaveApplication\vendor\codeigniter4\framework\system\CodeIgniter.php(436): CodeIgniter\CodeIgniter->runController(Object(App\Controllers\Dashboard))
#3 C:\wamp64\www\LeaveApplication\vendor\codeigniter4\framework\system\CodeIgniter.php(336): CodeIgniter\CodeIgniter->handleRequest(NULL, Object(Config\Cache), false)
#4 C:\wamp64\www\LeaveApplication\public\index.php(37): CodeIgniter\CodeIgniter->run()
#5 C:\wamp64\www\LeaveApplication\vendor\codeigniter4\framework\system\Commands\Server\rewrite.php(45): require_once('C:\\wamp64\\www\\L...')
#6 {main}
CRITICAL - 2021-09-21 03:14:48 --> Undefined property: App\Controllers\Dashboard::$load
#0 C:\wamp64\www\LeaveApplication\app\Controllers\Dashboard.php(12): CodeIgniter\Debug\Exceptions->errorHandler(8, 'Undefined prope...', 'C:\\wamp64\\www\\L...', 12, Array)
#1 C:\wamp64\www\LeaveApplication\vendor\codeigniter4\framework\system\CodeIgniter.php(928): App\Controllers\Dashboard->index()
#2 C:\wamp64\www\LeaveApplication\vendor\codeigniter4\framework\system\CodeIgniter.php(436): CodeIgniter\CodeIgniter->runController(Object(App\Controllers\Dashboard))
#3 C:\wamp64\www\LeaveApplication\vendor\codeigniter4\framework\system\CodeIgniter.php(336): CodeIgniter\CodeIgniter->handleRequest(NULL, Object(Config\Cache), false)
#4 C:\wamp64\www\LeaveApplication\public\index.php(37): CodeIgniter\CodeIgniter->run()
#5 C:\wamp64\www\LeaveApplication\vendor\codeigniter4\framework\system\Commands\Server\rewrite.php(45): require_once('C:\\wamp64\\www\\L...')
#6 {main}
CRITICAL - 2021-09-21 03:14:49 --> Undefined property: App\Controllers\Dashboard::$load
#0 C:\wamp64\www\LeaveApplication\app\Controllers\Dashboard.php(12): CodeIgniter\Debug\Exceptions->errorHandler(8, 'Undefined prope...', 'C:\\wamp64\\www\\L...', 12, Array)
#1 C:\wamp64\www\LeaveApplication\vendor\codeigniter4\framework\system\CodeIgniter.php(928): App\Controllers\Dashboard->index()
#2 C:\wamp64\www\LeaveApplication\vendor\codeigniter4\framework\system\CodeIgniter.php(436): CodeIgniter\CodeIgniter->runController(Object(App\Controllers\Dashboard))
#3 C:\wamp64\www\LeaveApplication\vendor\codeigniter4\framework\system\CodeIgniter.php(336): CodeIgniter\CodeIgniter->handleRequest(NULL, Object(Config\Cache), false)
#4 C:\wamp64\www\LeaveApplication\public\index.php(37): CodeIgniter\CodeIgniter->run()
#5 C:\wamp64\www\LeaveApplication\vendor\codeigniter4\framework\system\Commands\Server\rewrite.php(45): require_once('C:\\wamp64\\www\\L...')
#6 {main}
CRITICAL - 2021-09-21 03:14:49 --> Undefined property: App\Controllers\Dashboard::$load
#0 C:\wamp64\www\LeaveApplication\app\Controllers\Dashboard.php(12): CodeIgniter\Debug\Exceptions->errorHandler(8, 'Undefined prope...', 'C:\\wamp64\\www\\L...', 12, Array)
#1 C:\wamp64\www\LeaveApplication\vendor\codeigniter4\framework\system\CodeIgniter.php(928): App\Controllers\Dashboard->index()
#2 C:\wamp64\www\LeaveApplication\vendor\codeigniter4\framework\system\CodeIgniter.php(436): CodeIgniter\CodeIgniter->runController(Object(App\Controllers\Dashboard))
#3 C:\wamp64\www\LeaveApplication\vendor\codeigniter4\framework\system\CodeIgniter.php(336): CodeIgniter\CodeIgniter->handleRequest(NULL, Object(Config\Cache), false)
#4 C:\wamp64\www\LeaveApplication\public\index.php(37): CodeIgniter\CodeIgniter->run()
#5 C:\wamp64\www\LeaveApplication\vendor\codeigniter4\framework\system\Commands\Server\rewrite.php(45): require_once('C:\\wamp64\\www\\L...')
#6 {main}
CRITICAL - 2021-09-21 03:14:50 --> Undefined property: App\Controllers\Dashboard::$load
#0 C:\wamp64\www\LeaveApplication\app\Controllers\Dashboard.php(12): CodeIgniter\Debug\Exceptions->errorHandler(8, 'Undefined prope...', 'C:\\wamp64\\www\\L...', 12, Array)
#1 C:\wamp64\www\LeaveApplication\vendor\codeigniter4\framework\system\CodeIgniter.php(928): App\Controllers\Dashboard->index()
#2 C:\wamp64\www\LeaveApplication\vendor\codeigniter4\framework\system\CodeIgniter.php(436): CodeIgniter\CodeIgniter->runController(Object(App\Controllers\Dashboard))
#3 C:\wamp64\www\LeaveApplication\vendor\codeigniter4\framework\system\CodeIgniter.php(336): CodeIgniter\CodeIgniter->handleRequest(NULL, Object(Config\Cache), false)
#4 C:\wamp64\www\LeaveApplication\public\index.php(37): CodeIgniter\CodeIgniter->run()
#5 C:\wamp64\www\LeaveApplication\vendor\codeigniter4\framework\system\Commands\Server\rewrite.php(45): require_once('C:\\wamp64\\www\\L...')
#6 {main}
CRITICAL - 2021-09-21 03:14:55 --> Undefined property: App\Controllers\Dashboard::$load
#0 C:\wamp64\www\LeaveApplication\app\Controllers\Dashboard.php(12): CodeIgniter\Debug\Exceptions->errorHandler(8, 'Undefined prope...', 'C:\\wamp64\\www\\L...', 12, Array)
#1 C:\wamp64\www\LeaveApplication\vendor\codeigniter4\framework\system\CodeIgniter.php(928): App\Controllers\Dashboard->index()
#2 C:\wamp64\www\LeaveApplication\vendor\codeigniter4\framework\system\CodeIgniter.php(436): CodeIgniter\CodeIgniter->runController(Object(App\Controllers\Dashboard))
#3 C:\wamp64\www\LeaveApplication\vendor\codeigniter4\framework\system\CodeIgniter.php(336): CodeIgniter\CodeIgniter->handleRequest(NULL, Object(Config\Cache), false)
#4 C:\wamp64\www\LeaveApplication\public\index.php(37): CodeIgniter\CodeIgniter->run()
#5 C:\wamp64\www\LeaveApplication\vendor\codeigniter4\framework\system\Commands\Server\rewrite.php(45): require_once('C:\\wamp64\\www\\L...')
#6 {main}
CRITICAL - 2021-09-21 03:37:44 --> syntax error, unexpected 'endif' (T_ENDIF), expecting end of file
#0 C:\wamp64\www\LeaveApplication\vendor\codeigniter4\framework\system\View\View.php(232): CodeIgniter\View\View->CodeIgniter\View\{closure}()
#1 C:\wamp64\www\LeaveApplication\vendor\codeigniter4\framework\system\Common.php(1271): CodeIgniter\View\View->render('admin/dashboard', Array, true)
#2 C:\wamp64\www\LeaveApplication\app\Controllers\Dashboard.php(11): view('admin/dashboard')
#3 C:\wamp64\www\LeaveApplication\vendor\codeigniter4\framework\system\CodeIgniter.php(928): App\Controllers\Dashboard->index()
#4 C:\wamp64\www\LeaveApplication\vendor\codeigniter4\framework\system\CodeIgniter.php(436): CodeIgniter\CodeIgniter->runController(Object(App\Controllers\Dashboard))
#5 C:\wamp64\www\LeaveApplication\vendor\codeigniter4\framework\system\CodeIgniter.php(336): CodeIgniter\CodeIgniter->handleRequest(NULL, Object(Config\Cache), false)
#6 C:\wamp64\www\LeaveApplication\public\index.php(37): CodeIgniter\CodeIgniter->run()
#7 C:\wamp64\www\LeaveApplication\vendor\codeigniter4\framework\system\Commands\Server\rewrite.php(45): require_once('C:\\wamp64\\www\\L...')
#8 {main}
CRITICAL - 2021-09-21 03:39:01 --> syntax error, unexpected 'endif' (T_ENDIF), expecting end of file
#0 C:\wamp64\www\LeaveApplication\vendor\codeigniter4\framework\system\View\View.php(232): CodeIgniter\View\View->CodeIgniter\View\{closure}()
#1 C:\wamp64\www\LeaveApplication\vendor\codeigniter4\framework\system\Common.php(1271): CodeIgniter\View\View->render('admin/dashboard', Array, true)
#2 C:\wamp64\www\LeaveApplication\app\Controllers\Dashboard.php(11): view('admin/dashboard')
#3 C:\wamp64\www\LeaveApplication\vendor\codeigniter4\framework\system\CodeIgniter.php(928): App\Controllers\Dashboard->index()
#4 C:\wamp64\www\LeaveApplication\vendor\codeigniter4\framework\system\CodeIgniter.php(436): CodeIgniter\CodeIgniter->runController(Object(App\Controllers\Dashboard))
#5 C:\wamp64\www\LeaveApplication\vendor\codeigniter4\framework\system\CodeIgniter.php(336): CodeIgniter\CodeIgniter->handleRequest(NULL, Object(Config\Cache), false)
#6 C:\wamp64\www\LeaveApplication\public\index.php(37): CodeIgniter\CodeIgniter->run()
#7 C:\wamp64\www\LeaveApplication\vendor\codeigniter4\framework\system\Commands\Server\rewrite.php(45): require_once('C:\\wamp64\\www\\L...')
#8 {main}
CRITICAL - 2021-09-21 03:39:09 --> syntax error, unexpected 'endif' (T_ENDIF), expecting end of file
#0 C:\wamp64\www\LeaveApplication\vendor\codeigniter4\framework\system\View\View.php(232): CodeIgniter\View\View->CodeIgniter\View\{closure}()
#1 C:\wamp64\www\LeaveApplication\vendor\codeigniter4\framework\system\Common.php(1271): CodeIgniter\View\View->render('admin/dashboard', Array, true)
#2 C:\wamp64\www\LeaveApplication\app\Controllers\Dashboard.php(11): view('admin/dashboard')
#3 C:\wamp64\www\LeaveApplication\vendor\codeigniter4\framework\system\CodeIgniter.php(928): App\Controllers\Dashboard->index()
#4 C:\wamp64\www\LeaveApplication\vendor\codeigniter4\framework\system\CodeIgniter.php(436): CodeIgniter\CodeIgniter->runController(Object(App\Controllers\Dashboard))
#5 C:\wamp64\www\LeaveApplication\vendor\codeigniter4\framework\system\CodeIgniter.php(336): CodeIgniter\CodeIgniter->handleRequest(NULL, Object(Config\Cache), false)
#6 C:\wamp64\www\LeaveApplication\public\index.php(37): CodeIgniter\CodeIgniter->run()
#7 C:\wamp64\www\LeaveApplication\vendor\codeigniter4\framework\system\Commands\Server\rewrite.php(45): require_once('C:\\wamp64\\www\\L...')
#8 {main}
CRITICAL - 2021-09-21 03:44:14 --> syntax error, unexpected '}', expecting end of file
#0 C:\wamp64\www\LeaveApplication\vendor\codeigniter4\framework\system\View\View.php(232): CodeIgniter\View\View->CodeIgniter\View\{closure}()
#1 C:\wamp64\www\LeaveApplication\vendor\codeigniter4\framework\system\Common.php(1271): CodeIgniter\View\View->render('admin/dashboard', Array, true)
#2 C:\wamp64\www\LeaveApplication\app\Controllers\Dashboard.php(11): view('admin/dashboard')
#3 C:\wamp64\www\LeaveApplication\vendor\codeigniter4\framework\system\CodeIgniter.php(928): App\Controllers\Dashboard->index()
#4 C:\wamp64\www\LeaveApplication\vendor\codeigniter4\framework\system\CodeIgniter.php(436): CodeIgniter\CodeIgniter->runController(Object(App\Controllers\Dashboard))
#5 C:\wamp64\www\LeaveApplication\vendor\codeigniter4\framework\system\CodeIgniter.php(336): CodeIgniter\CodeIgniter->handleRequest(NULL, Object(Config\Cache), false)
#6 C:\wamp64\www\LeaveApplication\public\index.php(37): CodeIgniter\CodeIgniter->run()
#7 C:\wamp64\www\LeaveApplication\vendor\codeigniter4\framework\system\Commands\Server\rewrite.php(45): require_once('C:\\wamp64\\www\\L...')
#8 {main}
CRITICAL - 2021-09-21 03:44:28 --> include(includes/header.php): failed to open stream: No such file or directory
#0 C:\wamp64\www\LeaveApplication\app\Views\admin\dashboard.php(1): CodeIgniter\Debug\Exceptions->errorHandler(2, 'include(include...', 'C:\\wamp64\\www\\L...', 1, Array)
#1 C:\wamp64\www\LeaveApplication\app\Views\admin\dashboard.php(1): include()
#2 C:\wamp64\www\LeaveApplication\vendor\codeigniter4\framework\system\View\View.php(230): include('C:\\wamp64\\www\\L...')
#3 C:\wamp64\www\LeaveApplication\vendor\codeigniter4\framework\system\View\View.php(232): CodeIgniter\View\View->CodeIgniter\View\{closure}()
#4 C:\wamp64\www\LeaveApplication\vendor\codeigniter4\framework\system\Common.php(1271): CodeIgniter\View\View->render('admin/dashboard', Array, true)
#5 C:\wamp64\www\LeaveApplication\app\Controllers\Dashboard.php(11): view('admin/dashboard')
#6 C:\wamp64\www\LeaveApplication\vendor\codeigniter4\framework\system\CodeIgniter.php(928): App\Controllers\Dashboard->index()
#7 C:\wamp64\www\LeaveApplication\vendor\codeigniter4\framework\system\CodeIgniter.php(436): CodeIgniter\CodeIgniter->runController(Object(App\Controllers\Dashboard))
#8 C:\wamp64\www\LeaveApplication\vendor\codeigniter4\framework\system\CodeIgniter.php(336): CodeIgniter\CodeIgniter->handleRequest(NULL, Object(Config\Cache), false)
#9 C:\wamp64\www\LeaveApplication\public\index.php(37): CodeIgniter\CodeIgniter->run()
#10 C:\wamp64\www\LeaveApplication\vendor\codeigniter4\framework\system\Commands\Server\rewrite.php(45): require_once('C:\\wamp64\\www\\L...')
#11 {main}
CRITICAL - 2021-09-21 03:44:45 --> include(includes/header.php): failed to open stream: No such file or directory
#0 C:\wamp64\www\LeaveApplication\app\Views\admin\dashboard.php(1): CodeIgniter\Debug\Exceptions->errorHandler(2, 'include(include...', 'C:\\wamp64\\www\\L...', 1, Array)
#1 C:\wamp64\www\LeaveApplication\app\Views\admin\dashboard.php(1): include()
#2 C:\wamp64\www\LeaveApplication\vendor\codeigniter4\framework\system\View\View.php(230): include('C:\\wamp64\\www\\L...')
#3 C:\wamp64\www\LeaveApplication\vendor\codeigniter4\framework\system\View\View.php(232): CodeIgniter\View\View->CodeIgniter\View\{closure}()
#4 C:\wamp64\www\LeaveApplication\vendor\codeigniter4\framework\system\Common.php(1271): CodeIgniter\View\View->render('admin/dashboard', Array, true)
#5 C:\wamp64\www\LeaveApplication\app\Controllers\Dashboard.php(11): view('admin/dashboard')
#6 C:\wamp64\www\LeaveApplication\vendor\codeigniter4\framework\system\CodeIgniter.php(928): App\Controllers\Dashboard->index()
#7 C:\wamp64\www\LeaveApplication\vendor\codeigniter4\framework\system\CodeIgniter.php(436): CodeIgniter\CodeIgniter->runController(Object(App\Controllers\Dashboard))
#8 C:\wamp64\www\LeaveApplication\vendor\codeigniter4\framework\system\CodeIgniter.php(336): CodeIgniter\CodeIgniter->handleRequest(NULL, Object(Config\Cache), false)
#9 C:\wamp64\www\LeaveApplication\public\index.php(37): CodeIgniter\CodeIgniter->run()
#10 C:\wamp64\www\LeaveApplication\vendor\codeigniter4\framework\system\Commands\Server\rewrite.php(45): require_once('C:\\wamp64\\www\\L...')
#11 {main}
CRITICAL - 2021-09-21 03:44:45 --> include(includes/header.php): failed to open stream: No such file or directory
#0 C:\wamp64\www\LeaveApplication\app\Views\admin\dashboard.php(1): CodeIgniter\Debug\Exceptions->errorHandler(2, 'include(include...', 'C:\\wamp64\\www\\L...', 1, Array)
#1 C:\wamp64\www\LeaveApplication\app\Views\admin\dashboard.php(1): include()
#2 C:\wamp64\www\LeaveApplication\vendor\codeigniter4\framework\system\View\View.php(230): include('C:\\wamp64\\www\\L...')
#3 C:\wamp64\www\LeaveApplication\vendor\codeigniter4\framework\system\View\View.php(232): CodeIgniter\View\View->CodeIgniter\View\{closure}()
#4 C:\wamp64\www\LeaveApplication\vendor\codeigniter4\framework\system\Common.php(1271): CodeIgniter\View\View->render('admin/dashboard', Array, true)
#5 C:\wamp64\www\LeaveApplication\app\Controllers\Dashboard.php(11): view('admin/dashboard')
#6 C:\wamp64\www\LeaveApplication\vendor\codeigniter4\framework\system\CodeIgniter.php(928): App\Controllers\Dashboard->index()
#7 C:\wamp64\www\LeaveApplication\vendor\codeigniter4\framework\system\CodeIgniter.php(436): CodeIgniter\CodeIgniter->runController(Object(App\Controllers\Dashboard))
#8 C:\wamp64\www\LeaveApplication\vendor\codeigniter4\framework\system\CodeIgniter.php(336): CodeIgniter\CodeIgniter->handleRequest(NULL, Object(Config\Cache), false)
#9 C:\wamp64\www\LeaveApplication\public\index.php(37): CodeIgniter\CodeIgniter->run()
#10 C:\wamp64\www\LeaveApplication\vendor\codeigniter4\framework\system\Commands\Server\rewrite.php(45): require_once('C:\\wamp64\\www\\L...')
#11 {main}
CRITICAL - 2021-09-21 03:44:50 --> include(includes/header.php): failed to open stream: No such file or directory
#0 C:\wamp64\www\LeaveApplication\app\Views\admin\dashboard.php(1): CodeIgniter\Debug\Exceptions->errorHandler(2, 'include(include...', 'C:\\wamp64\\www\\L...', 1, Array)
#1 C:\wamp64\www\LeaveApplication\app\Views\admin\dashboard.php(1): include()
#2 C:\wamp64\www\LeaveApplication\vendor\codeigniter4\framework\system\View\View.php(230): include('C:\\wamp64\\www\\L...')
#3 C:\wamp64\www\LeaveApplication\vendor\codeigniter4\framework\system\View\View.php(232): CodeIgniter\View\View->CodeIgniter\View\{closure}()
#4 C:\wamp64\www\LeaveApplication\vendor\codeigniter4\framework\system\Common.php(1271): CodeIgniter\View\View->render('admin/dashboard', Array, true)
#5 C:\wamp64\www\LeaveApplication\app\Controllers\Dashboard.php(11): view('admin/dashboard')
#6 C:\wamp64\www\LeaveApplication\vendor\codeigniter4\framework\system\CodeIgniter.php(928): App\Controllers\Dashboard->index()
#7 C:\wamp64\www\LeaveApplication\vendor\codeigniter4\framework\system\CodeIgniter.php(436): CodeIgniter\CodeIgniter->runController(Object(App\Controllers\Dashboard))
#8 C:\wamp64\www\LeaveApplication\vendor\codeigniter4\framework\system\CodeIgniter.php(336): CodeIgniter\CodeIgniter->handleRequest(NULL, Object(Config\Cache), false)
#9 C:\wamp64\www\LeaveApplication\public\index.php(37): CodeIgniter\CodeIgniter->run()
#10 C:\wamp64\www\LeaveApplication\vendor\codeigniter4\framework\system\Commands\Server\rewrite.php(45): require_once('C:\\wamp64\\www\\L...')
#11 {main}
CRITICAL - 2021-09-21 03:48:02 --> include(includes/header.php): failed to open stream: No such file or directory
#0 C:\wamp64\www\LeaveApplication\app\Views\admin\dashboard.php(1): CodeIgniter\Debug\Exceptions->errorHandler(2, 'include(include...', 'C:\\wamp64\\www\\L...', 1, Array)
#1 C:\wamp64\www\LeaveApplication\app\Views\admin\dashboard.php(1): include()
#2 C:\wamp64\www\LeaveApplication\vendor\codeigniter4\framework\system\View\View.php(230): include('C:\\wamp64\\www\\L...')
#3 C:\wamp64\www\LeaveApplication\vendor\codeigniter4\framework\system\View\View.php(232): CodeIgniter\View\View->CodeIgniter\View\{closure}()
#4 C:\wamp64\www\LeaveApplication\vendor\codeigniter4\framework\system\Common.php(1271): CodeIgniter\View\View->render('admin/dashboard', Array, true)
#5 C:\wamp64\www\LeaveApplication\app\Controllers\Dashboard.php(11): view('admin/dashboard')
#6 C:\wamp64\www\LeaveApplication\vendor\codeigniter4\framework\system\CodeIgniter.php(928): App\Controllers\Dashboard->index()
#7 C:\wamp64\www\LeaveApplication\vendor\codeigniter4\framework\system\CodeIgniter.php(436): CodeIgniter\CodeIgniter->runController(Object(App\Controllers\Dashboard))
#8 C:\wamp64\www\LeaveApplication\vendor\codeigniter4\framework\system\CodeIgniter.php(336): CodeIgniter\CodeIgniter->handleRequest(NULL, Object(Config\Cache), false)
#9 C:\wamp64\www\LeaveApplication\public\index.php(37): CodeIgniter\CodeIgniter->run()
#10 C:\wamp64\www\LeaveApplication\vendor\codeigniter4\framework\system\Commands\Server\rewrite.php(45): require_once('C:\\wamp64\\www\\L...')
#11 {main}
CRITICAL - 2021-09-21 03:48:02 --> include(includes/header.php): failed to open stream: No such file or directory
#0 C:\wamp64\www\LeaveApplication\app\Views\admin\dashboard.php(1): CodeIgniter\Debug\Exceptions->errorHandler(2, 'include(include...', 'C:\\wamp64\\www\\L...', 1, Array)
#1 C:\wamp64\www\LeaveApplication\app\Views\admin\dashboard.php(1): include()
#2 C:\wamp64\www\LeaveApplication\vendor\codeigniter4\framework\system\View\View.php(230): include('C:\\wamp64\\www\\L...')
#3 C:\wamp64\www\LeaveApplication\vendor\codeigniter4\framework\system\View\View.php(232): CodeIgniter\View\View->CodeIgniter\View\{closure}()
#4 C:\wamp64\www\LeaveApplication\vendor\codeigniter4\framework\system\Common.php(1271): CodeIgniter\View\View->render('admin/dashboard', Array, true)
#5 C:\wamp64\www\LeaveApplication\app\Controllers\Dashboard.php(11): view('admin/dashboard')
#6 C:\wamp64\www\LeaveApplication\vendor\codeigniter4\framework\system\CodeIgniter.php(928): App\Controllers\Dashboard->index()
#7 C:\wamp64\www\LeaveApplication\vendor\codeigniter4\framework\system\CodeIgniter.php(436): CodeIgniter\CodeIgniter->runController(Object(App\Controllers\Dashboard))
#8 C:\wamp64\www\LeaveApplication\vendor\codeigniter4\framework\system\CodeIgniter.php(336): CodeIgniter\CodeIgniter->handleRequest(NULL, Object(Config\Cache), false)
#9 C:\wamp64\www\LeaveApplication\public\index.php(37): CodeIgniter\CodeIgniter->run()
#10 C:\wamp64\www\LeaveApplication\vendor\codeigniter4\framework\system\Commands\Server\rewrite.php(45): require_once('C:\\wamp64\\www\\L...')
#11 {main}
CRITICAL - 2021-09-21 03:48:05 --> include(includes/header.php): failed to open stream: No such file or directory
#0 C:\wamp64\www\LeaveApplication\app\Views\admin\dashboard.php(1): CodeIgniter\Debug\Exceptions->errorHandler(2, 'include(include...', 'C:\\wamp64\\www\\L...', 1, Array)
#1 C:\wamp64\www\LeaveApplication\app\Views\admin\dashboard.php(1): include()
#2 C:\wamp64\www\LeaveApplication\vendor\codeigniter4\framework\system\View\View.php(230): include('C:\\wamp64\\www\\L...')
#3 C:\wamp64\www\LeaveApplication\vendor\codeigniter4\framework\system\View\View.php(232): CodeIgniter\View\View->CodeIgniter\View\{closure}()
#4 C:\wamp64\www\LeaveApplication\vendor\codeigniter4\framework\system\Common.php(1271): CodeIgniter\View\View->render('admin/dashboard', Array, true)
#5 C:\wamp64\www\LeaveApplication\app\Controllers\Dashboard.php(11): view('admin/dashboard')
#6 C:\wamp64\www\LeaveApplication\vendor\codeigniter4\framework\system\CodeIgniter.php(928): App\Controllers\Dashboard->index()
#7 C:\wamp64\www\LeaveApplication\vendor\codeigniter4\framework\system\CodeIgniter.php(436): CodeIgniter\CodeIgniter->runController(Object(App\Controllers\Dashboard))
#8 C:\wamp64\www\LeaveApplication\vendor\codeigniter4\framework\system\CodeIgniter.php(336): CodeIgniter\CodeIgniter->handleRequest(NULL, Object(Config\Cache), false)
#9 C:\wamp64\www\LeaveApplication\public\index.php(37): CodeIgniter\CodeIgniter->run()
#10 C:\wamp64\www\LeaveApplication\vendor\codeigniter4\framework\system\Commands\Server\rewrite.php(45): require_once('C:\\wamp64\\www\\L...')
#11 {main}
CRITICAL - 2021-09-21 03:51:13 --> include(includes/header.php): failed to open stream: No such file or directory
#0 C:\wamp64\www\LeaveApplication\app\Views\admin\dashboard.php(1): CodeIgniter\Debug\Exceptions->errorHandler(2, 'include(include...', 'C:\\wamp64\\www\\L...', 1, Array)
#1 C:\wamp64\www\LeaveApplication\app\Views\admin\dashboard.php(1): include()
#2 C:\wamp64\www\LeaveApplication\vendor\codeigniter4\framework\system\View\View.php(230): include('C:\\wamp64\\www\\L...')
#3 C:\wamp64\www\LeaveApplication\vendor\codeigniter4\framework\system\View\View.php(232): CodeIgniter\View\View->CodeIgniter\View\{closure}()
#4 C:\wamp64\www\LeaveApplication\vendor\codeigniter4\framework\system\Common.php(1271): CodeIgniter\View\View->render('admin/dashboard', Array, true)
#5 C:\wamp64\www\LeaveApplication\app\Controllers\Dashboard.php(11): view('admin/dashboard')
#6 C:\wamp64\www\LeaveApplication\vendor\codeigniter4\framework\system\CodeIgniter.php(928): App\Controllers\Dashboard->index()
#7 C:\wamp64\www\LeaveApplication\vendor\codeigniter4\framework\system\CodeIgniter.php(436): CodeIgniter\CodeIgniter->runController(Object(App\Controllers\Dashboard))
#8 C:\wamp64\www\LeaveApplication\vendor\codeigniter4\framework\system\CodeIgniter.php(336): CodeIgniter\CodeIgniter->handleRequest(NULL, Object(Config\Cache), false)
#9 C:\wamp64\www\LeaveApplication\public\index.php(37): CodeIgniter\CodeIgniter->run()
#10 C:\wamp64\www\LeaveApplication\vendor\codeigniter4\framework\system\Commands\Server\rewrite.php(45): require_once('C:\\wamp64\\www\\L...')
#11 {main}
CRITICAL - 2021-09-21 03:51:48 --> include(includes/header.php): failed to open stream: No such file or directory
#0 C:\wamp64\www\LeaveApplication\app\Views\admin\dashboard.php(1): CodeIgniter\Debug\Exceptions->errorHandler(2, 'include(include...', 'C:\\wamp64\\www\\L...', 1, Array)
#1 C:\wamp64\www\LeaveApplication\app\Views\admin\dashboard.php(1): include()
#2 C:\wamp64\www\LeaveApplication\vendor\codeigniter4\framework\system\View\View.php(230): include('C:\\wamp64\\www\\L...')
#3 C:\wamp64\www\LeaveApplication\vendor\codeigniter4\framework\system\View\View.php(232): CodeIgniter\View\View->CodeIgniter\View\{closure}()
#4 C:\wamp64\www\LeaveApplication\vendor\codeigniter4\framework\system\Common.php(1271): CodeIgniter\View\View->render('admin/dashboard', Array, true)
#5 C:\wamp64\www\LeaveApplication\app\Controllers\Dashboard.php(11): view('admin/dashboard')
#6 C:\wamp64\www\LeaveApplication\vendor\codeigniter4\framework\system\CodeIgniter.php(928): App\Controllers\Dashboard->index()
#7 C:\wamp64\www\LeaveApplication\vendor\codeigniter4\framework\system\CodeIgniter.php(436): CodeIgniter\CodeIgniter->runController(Object(App\Controllers\Dashboard))
#8 C:\wamp64\www\LeaveApplication\vendor\codeigniter4\framework\system\CodeIgniter.php(336): CodeIgniter\CodeIgniter->handleRequest(NULL, Object(Config\Cache), false)
#9 C:\wamp64\www\LeaveApplication\public\index.php(37): CodeIgniter\CodeIgniter->run()
#10 C:\wamp64\www\LeaveApplication\vendor\codeigniter4\framework\system\Commands\Server\rewrite.php(45): require_once('C:\\wamp64\\www\\L...')
#11 {main}
CRITICAL - 2021-09-21 03:51:49 --> include(includes/header.php): failed to open stream: No such file or directory
#0 C:\wamp64\www\LeaveApplication\app\Views\admin\dashboard.php(1): CodeIgniter\Debug\Exceptions->errorHandler(2, 'include(include...', 'C:\\wamp64\\www\\L...', 1, Array)
#1 C:\wamp64\www\LeaveApplication\app\Views\admin\dashboard.php(1): include()
#2 C:\wamp64\www\LeaveApplication\vendor\codeigniter4\framework\system\View\View.php(230): include('C:\\wamp64\\www\\L...')
#3 C:\wamp64\www\LeaveApplication\vendor\codeigniter4\framework\system\View\View.php(232): CodeIgniter\View\View->CodeIgniter\View\{closure}()
#4 C:\wamp64\www\LeaveApplication\vendor\codeigniter4\framework\system\Common.php(1271): CodeIgniter\View\View->render('admin/dashboard', Array, true)
#5 C:\wamp64\www\LeaveApplication\app\Controllers\Dashboard.php(11): view('admin/dashboard')
#6 C:\wamp64\www\LeaveApplication\vendor\codeigniter4\framework\system\CodeIgniter.php(928): App\Controllers\Dashboard->index()
#7 C:\wamp64\www\LeaveApplication\vendor\codeigniter4\framework\system\CodeIgniter.php(436): CodeIgniter\CodeIgniter->runController(Object(App\Controllers\Dashboard))
#8 C:\wamp64\www\LeaveApplication\vendor\codeigniter4\framework\system\CodeIgniter.php(336): CodeIgniter\CodeIgniter->handleRequest(NULL, Object(Config\Cache), false)
#9 C:\wamp64\www\LeaveApplication\public\index.php(37): CodeIgniter\CodeIgniter->run()
#10 C:\wamp64\www\LeaveApplication\vendor\codeigniter4\framework\system\Commands\Server\rewrite.php(45): require_once('C:\\wamp64\\www\\L...')
#11 {main}
CRITICAL - 2021-09-21 03:51:49 --> include(includes/header.php): failed to open stream: No such file or directory
#0 C:\wamp64\www\LeaveApplication\app\Views\admin\dashboard.php(1): CodeIgniter\Debug\Exceptions->errorHandler(2, 'include(include...', 'C:\\wamp64\\www\\L...', 1, Array)
#1 C:\wamp64\www\LeaveApplication\app\Views\admin\dashboard.php(1): include()
#2 C:\wamp64\www\LeaveApplication\vendor\codeigniter4\framework\system\View\View.php(230): include('C:\\wamp64\\www\\L...')
#3 C:\wamp64\www\LeaveApplication\vendor\codeigniter4\framework\system\View\View.php(232): CodeIgniter\View\View->CodeIgniter\View\{closure}()
#4 C:\wamp64\www\LeaveApplication\vendor\codeigniter4\framework\system\Common.php(1271): CodeIgniter\View\View->render('admin/dashboard', Array, true)
#5 C:\wamp64\www\LeaveApplication\app\Controllers\Dashboard.php(11): view('admin/dashboard')
#6 C:\wamp64\www\LeaveApplication\vendor\codeigniter4\framework\system\CodeIgniter.php(928): App\Controllers\Dashboard->index()
#7 C:\wamp64\www\LeaveApplication\vendor\codeigniter4\framework\system\CodeIgniter.php(436): CodeIgniter\CodeIgniter->runController(Object(App\Controllers\Dashboard))
#8 C:\wamp64\www\LeaveApplication\vendor\codeigniter4\framework\system\CodeIgniter.php(336): CodeIgniter\CodeIgniter->handleRequest(NULL, Object(Config\Cache), false)
#9 C:\wamp64\www\LeaveApplication\public\index.php(37): CodeIgniter\CodeIgniter->run()
#10 C:\wamp64\www\LeaveApplication\vendor\codeigniter4\framework\system\Commands\Server\rewrite.php(45): require_once('C:\\wamp64\\www\\L...')
#11 {main}
CRITICAL - 2021-09-21 03:52:02 --> include(includes/header.php): failed to open stream: No such file or directory
#0 C:\wamp64\www\LeaveApplication\app\Views\admin\dashboard.php(1): CodeIgniter\Debug\Exceptions->errorHandler(2, 'include(include...', 'C:\\wamp64\\www\\L...', 1, Array)
#1 C:\wamp64\www\LeaveApplication\app\Views\admin\dashboard.php(1): include()
#2 C:\wamp64\www\LeaveApplication\vendor\codeigniter4\framework\system\View\View.php(230): include('C:\\wamp64\\www\\L...')
#3 C:\wamp64\www\LeaveApplication\vendor\codeigniter4\framework\system\View\View.php(232): CodeIgniter\View\View->CodeIgniter\View\{closure}()
#4 C:\wamp64\www\LeaveApplication\vendor\codeigniter4\framework\system\Common.php(1271): CodeIgniter\View\View->render('admin/dashboard', Array, true)
#5 C:\wamp64\www\LeaveApplication\app\Controllers\Dashboard.php(11): view('admin/dashboard')
#6 C:\wamp64\www\LeaveApplication\vendor\codeigniter4\framework\system\CodeIgniter.php(928): App\Controllers\Dashboard->index()
#7 C:\wamp64\www\LeaveApplication\vendor\codeigniter4\framework\system\CodeIgniter.php(436): CodeIgniter\CodeIgniter->runController(Object(App\Controllers\Dashboard))
#8 C:\wamp64\www\LeaveApplication\vendor\codeigniter4\framework\system\CodeIgniter.php(336): CodeIgniter\CodeIgniter->handleRequest(NULL, Object(Config\Cache), false)
#9 C:\wamp64\www\LeaveApplication\public\index.php(37): CodeIgniter\CodeIgniter->run()
#10 C:\wamp64\www\LeaveApplication\vendor\codeigniter4\framework\system\Commands\Server\rewrite.php(45): require_once('C:\\wamp64\\www\\L...')
#11 {main}
CRITICAL - 2021-09-21 03:52:52 --> include(../includes/config.php): failed to open stream: No such file or directory
#0 C:\wamp64\www\LeaveApplication\public\assets\includes\header.php(36): CodeIgniter\Debug\Exceptions->errorHandler(2, 'include(../incl...', 'C:\\wamp64\\www\\L...', 36, Array)
#1 C:\wamp64\www\LeaveApplication\public\assets\includes\header.php(36): include()
#2 C:\wamp64\www\LeaveApplication\app\Views\admin\dashboard.php(1): include('C:\\wamp64\\www\\L...')
#3 C:\wamp64\www\LeaveApplication\vendor\codeigniter4\framework\system\View\View.php(230): include('C:\\wamp64\\www\\L...')
#4 C:\wamp64\www\LeaveApplication\vendor\codeigniter4\framework\system\View\View.php(232): CodeIgniter\View\View->CodeIgniter\View\{closure}()
#5 C:\wamp64\www\LeaveApplication\vendor\codeigniter4\framework\system\Common.php(1271): CodeIgniter\View\View->render('admin/dashboard', Array, true)
#6 C:\wamp64\www\LeaveApplication\app\Controllers\Dashboard.php(11): view('admin/dashboard')
#7 C:\wamp64\www\LeaveApplication\vendor\codeigniter4\framework\system\CodeIgniter.php(928): App\Controllers\Dashboard->index()
#8 C:\wamp64\www\LeaveApplication\vendor\codeigniter4\framework\system\CodeIgniter.php(436): CodeIgniter\CodeIgniter->runController(Object(App\Controllers\Dashboard))
#9 C:\wamp64\www\LeaveApplication\vendor\codeigniter4\framework\system\CodeIgniter.php(336): CodeIgniter\CodeIgniter->handleRequest(NULL, Object(Config\Cache), false)
#10 C:\wamp64\www\LeaveApplication\public\index.php(37): CodeIgniter\CodeIgniter->run()
#11 C:\wamp64\www\LeaveApplication\vendor\codeigniter4\framework\system\Commands\Server\rewrite.php(45): require_once('C:\\wamp64\\www\\L...')
#12 {main}
CRITICAL - 2021-09-21 03:54:17 --> include(includes/navbar.php): failed to open stream: No such file or directory
#0 C:\wamp64\www\LeaveApplication\app\Views\admin\dashboard.php(16): CodeIgniter\Debug\Exceptions->errorHandler(2, 'include(include...', 'C:\\wamp64\\www\\L...', 16, Array)
#1 C:\wamp64\www\LeaveApplication\app\Views\admin\dashboard.php(16): include()
#2 C:\wamp64\www\LeaveApplication\vendor\codeigniter4\framework\system\View\View.php(230): include('C:\\wamp64\\www\\L...')
#3 C:\wamp64\www\LeaveApplication\vendor\codeigniter4\framework\system\View\View.php(232): CodeIgniter\View\View->CodeIgniter\View\{closure}()
#4 C:\wamp64\www\LeaveApplication\vendor\codeigniter4\framework\system\Common.php(1271): CodeIgniter\View\View->render('admin/dashboard', Array, true)
#5 C:\wamp64\www\LeaveApplication\app\Controllers\Dashboard.php(11): view('admin/dashboard')
#6 C:\wamp64\www\LeaveApplication\vendor\codeigniter4\framework\system\CodeIgniter.php(928): App\Controllers\Dashboard->index()
#7 C:\wamp64\www\LeaveApplication\vendor\codeigniter4\framework\system\CodeIgniter.php(436): CodeIgniter\CodeIgniter->runController(Object(App\Controllers\Dashboard))
#8 C:\wamp64\www\LeaveApplication\vendor\codeigniter4\framework\system\CodeIgniter.php(336): CodeIgniter\CodeIgniter->handleRequest(NULL, Object(Config\Cache), false)
#9 C:\wamp64\www\LeaveApplication\public\index.php(37): CodeIgniter\CodeIgniter->run()
#10 C:\wamp64\www\LeaveApplication\vendor\codeigniter4\framework\system\Commands\Server\rewrite.php(45): require_once('C:\\wamp64\\www\\L...')
#11 {main}
CRITICAL - 2021-09-21 03:55:05 --> Undefined variable: conn
#0 C:\wamp64\www\LeaveApplication\public\assets\includes\navbar.php(19): CodeIgniter\Debug\Exceptions->errorHandler(8, 'Undefined varia...', 'C:\\wamp64\\www\\L...', 19, Array)
#1 C:\wamp64\www\LeaveApplication\app\Views\admin\dashboard.php(16): include('C:\\wamp64\\www\\L...')
#2 C:\wamp64\www\LeaveApplication\vendor\codeigniter4\framework\system\View\View.php(230): include('C:\\wamp64\\www\\L...')
#3 C:\wamp64\www\LeaveApplication\vendor\codeigniter4\framework\system\View\View.php(232): CodeIgniter\View\View->CodeIgniter\View\{closure}()
#4 C:\wamp64\www\LeaveApplication\vendor\codeigniter4\framework\system\Common.php(1271): CodeIgniter\View\View->render('admin/dashboard', Array, true)
#5 C:\wamp64\www\LeaveApplication\app\Controllers\Dashboard.php(11): view('admin/dashboard')
#6 C:\wamp64\www\LeaveApplication\vendor\codeigniter4\framework\system\CodeIgniter.php(928): App\Controllers\Dashboard->index()
#7 C:\wamp64\www\LeaveApplication\vendor\codeigniter4\framework\system\CodeIgniter.php(436): CodeIgniter\CodeIgniter->runController(Object(App\Controllers\Dashboard))
#8 C:\wamp64\www\LeaveApplication\vendor\codeigniter4\framework\system\CodeIgniter.php(336): CodeIgniter\CodeIgniter->handleRequest(NULL, Object(Config\Cache), false)
#9 C:\wamp64\www\LeaveApplication\public\index.php(37): CodeIgniter\CodeIgniter->run()
#10 C:\wamp64\www\LeaveApplication\vendor\codeigniter4\framework\system\Commands\Server\rewrite.php(45): require_once('C:\\wamp64\\www\\L...')
#11 {main}
CRITICAL - 2021-09-21 03:56:36 --> Undefined variable: row
#0 C:\wamp64\www\LeaveApplication\public\assets\includes\navbar.php(25): CodeIgniter\Debug\Exceptions->errorHandler(8, 'Undefined varia...', 'C:\\wamp64\\www\\L...', 25, Array)
#1 C:\wamp64\www\LeaveApplication\app\Views\admin\dashboard.php(16): include('C:\\wamp64\\www\\L...')
#2 C:\wamp64\www\LeaveApplication\vendor\codeigniter4\framework\system\View\View.php(230): include('C:\\wamp64\\www\\L...')
#3 C:\wamp64\www\LeaveApplication\vendor\codeigniter4\framework\system\View\View.php(232): CodeIgniter\View\View->CodeIgniter\View\{closure}()
#4 C:\wamp64\www\LeaveApplication\vendor\codeigniter4\framework\system\Common.php(1271): CodeIgniter\View\View->render('admin/dashboard', Array, true)
#5 C:\wamp64\www\LeaveApplication\app\Controllers\Dashboard.php(11): view('admin/dashboard')
#6 C:\wamp64\www\LeaveApplication\vendor\codeigniter4\framework\system\CodeIgniter.php(928): App\Controllers\Dashboard->index()
#7 C:\wamp64\www\LeaveApplication\vendor\codeigniter4\framework\system\CodeIgniter.php(436): CodeIgniter\CodeIgniter->runController(Object(App\Controllers\Dashboard))
#8 C:\wamp64\www\LeaveApplication\vendor\codeigniter4\framework\system\CodeIgniter.php(336): CodeIgniter\CodeIgniter->handleRequest(NULL, Object(Config\Cache), false)
#9 C:\wamp64\www\LeaveApplication\public\index.php(37): CodeIgniter\CodeIgniter->run()
#10 C:\wamp64\www\LeaveApplication\vendor\codeigniter4\framework\system\Commands\Server\rewrite.php(45): require_once('C:\\wamp64\\www\\L...')
#11 {main}
CRITICAL - 2021-09-21 03:56:54 --> Undefined variable: conn
#0 C:\wamp64\www\LeaveApplication\app\Views\admin\dashboard.php(33): CodeIgniter\Debug\Exceptions->errorHandler(8, 'Undefined varia...', 'C:\\wamp64\\www\\L...', 33, Array)
#1 C:\wamp64\www\LeaveApplication\vendor\codeigniter4\framework\system\View\View.php(230): include('C:\\wamp64\\www\\L...')
#2 C:\wamp64\www\LeaveApplication\vendor\codeigniter4\framework\system\View\View.php(232): CodeIgniter\View\View->CodeIgniter\View\{closure}()
#3 C:\wamp64\www\LeaveApplication\vendor\codeigniter4\framework\system\Common.php(1271): CodeIgniter\View\View->render('admin/dashboard', Array, true)
#4 C:\wamp64\www\LeaveApplication\app\Controllers\Dashboard.php(11): view('admin/dashboard')
#5 C:\wamp64\www\LeaveApplication\vendor\codeigniter4\framework\system\CodeIgniter.php(928): App\Controllers\Dashboard->index()
#6 C:\wamp64\www\LeaveApplication\vendor\codeigniter4\framework\system\CodeIgniter.php(436): CodeIgniter\CodeIgniter->runController(Object(App\Controllers\Dashboard))
#7 C:\wamp64\www\LeaveApplication\vendor\codeigniter4\framework\system\CodeIgniter.php(336): CodeIgniter\CodeIgniter->handleRequest(NULL, Object(Config\Cache), false)
#8 C:\wamp64\www\LeaveApplication\public\index.php(37): CodeIgniter\CodeIgniter->run()
#9 C:\wamp64\www\LeaveApplication\vendor\codeigniter4\framework\system\Commands\Server\rewrite.php(45): require_once('C:\\wamp64\\www\\L...')
#10 {main}
CRITICAL - 2021-09-21 03:57:09 --> Undefined variable: row
#0 C:\wamp64\www\LeaveApplication\app\Views\admin\dashboard.php(36): CodeIgniter\Debug\Exceptions->errorHandler(8, 'Undefined varia...', 'C:\\wamp64\\www\\L...', 36, Array)
#1 C:\wamp64\www\LeaveApplication\vendor\codeigniter4\framework\system\View\View.php(230): include('C:\\wamp64\\www\\L...')
#2 C:\wamp64\www\LeaveApplication\vendor\codeigniter4\framework\system\View\View.php(232): CodeIgniter\View\View->CodeIgniter\View\{closure}()
#3 C:\wamp64\www\LeaveApplication\vendor\codeigniter4\framework\system\Common.php(1271): CodeIgniter\View\View->render('admin/dashboard', Array, true)
#4 C:\wamp64\www\LeaveApplication\app\Controllers\Dashboard.php(11): view('admin/dashboard')
#5 C:\wamp64\www\LeaveApplication\vendor\codeigniter4\framework\system\CodeIgniter.php(928): App\Controllers\Dashboard->index()
#6 C:\wamp64\www\LeaveApplication\vendor\codeigniter4\framework\system\CodeIgniter.php(436): CodeIgniter\CodeIgniter->runController(Object(App\Controllers\Dashboard))
#7 C:\wamp64\www\LeaveApplication\vendor\codeigniter4\framework\system\CodeIgniter.php(336): CodeIgniter\CodeIgniter->handleRequest(NULL, Object(Config\Cache), false)
#8 C:\wamp64\www\LeaveApplication\public\index.php(37): CodeIgniter\CodeIgniter->run()
#9 C:\wamp64\www\LeaveApplication\vendor\codeigniter4\framework\system\Commands\Server\rewrite.php(45): require_once('C:\\wamp64\\www\\L...')
#10 {main}
CRITICAL - 2021-09-21 03:57:21 --> Undefined variable: dbh
#0 C:\wamp64\www\LeaveApplication\app\Views\admin\dashboard.php(51): CodeIgniter\Debug\Exceptions->errorHandler(8, 'Undefined varia...', 'C:\\wamp64\\www\\L...', 51, Array)
#1 C:\wamp64\www\LeaveApplication\vendor\codeigniter4\framework\system\View\View.php(230): include('C:\\wamp64\\www\\L...')
#2 C:\wamp64\www\LeaveApplication\vendor\codeigniter4\framework\system\View\View.php(232): CodeIgniter\View\View->CodeIgniter\View\{closure}()
#3 C:\wamp64\www\LeaveApplication\vendor\codeigniter4\framework\system\Common.php(1271): CodeIgniter\View\View->render('admin/dashboard', Array, true)
#4 C:\wamp64\www\LeaveApplication\app\Controllers\Dashboard.php(11): view('admin/dashboard')
#5 C:\wamp64\www\LeaveApplication\vendor\codeigniter4\framework\system\CodeIgniter.php(928): App\Controllers\Dashboard->index()
#6 C:\wamp64\www\LeaveApplication\vendor\codeigniter4\framework\system\CodeIgniter.php(436): CodeIgniter\CodeIgniter->runController(Object(App\Controllers\Dashboard))
#7 C:\wamp64\www\LeaveApplication\vendor\codeigniter4\framework\system\CodeIgniter.php(336): CodeIgniter\CodeIgniter->handleRequest(NULL, Object(Config\Cache), false)
#8 C:\wamp64\www\LeaveApplication\public\index.php(37): CodeIgniter\CodeIgniter->run()
#9 C:\wamp64\www\LeaveApplication\vendor\codeigniter4\framework\system\Commands\Server\rewrite.php(45): require_once('C:\\wamp64\\www\\L...')
#10 {main}
CRITICAL - 2021-09-21 03:57:36 --> Undefined variable: empcount
#0 C:\wamp64\www\LeaveApplication\app\Views\admin\dashboard.php(53): CodeIgniter\Debug\Exceptions->errorHandler(8, 'Undefined varia...', 'C:\\wamp64\\www\\L...', 53, Array)
#1 C:\wamp64\www\LeaveApplication\vendor\codeigniter4\framework\system\View\View.php(230): include('C:\\wamp64\\www\\L...')
#2 C:\wamp64\www\LeaveApplication\vendor\codeigniter4\framework\system\View\View.php(232): CodeIgniter\View\View->CodeIgniter\View\{closure}()
#3 C:\wamp64\www\LeaveApplication\vendor\codeigniter4\framework\system\Common.php(1271): CodeIgniter\View\View->render('admin/dashboard', Array, true)
#4 C:\wamp64\www\LeaveApplication\app\Controllers\Dashboard.php(11): view('admin/dashboard')
#5 C:\wamp64\www\LeaveApplication\vendor\codeigniter4\framework\system\CodeIgniter.php(928): App\Controllers\Dashboard->index()
#6 C:\wamp64\www\LeaveApplication\vendor\codeigniter4\framework\system\CodeIgniter.php(436): CodeIgniter\CodeIgniter->runController(Object(App\Controllers\Dashboard))
#7 C:\wamp64\www\LeaveApplication\vendor\codeigniter4\framework\system\CodeIgniter.php(336): CodeIgniter\CodeIgniter->handleRequest(NULL, Object(Config\Cache), false)
#8 C:\wamp64\www\LeaveApplication\public\index.php(37): CodeIgniter\CodeIgniter->run()
#9 C:\wamp64\www\LeaveApplication\vendor\codeigniter4\framework\system\Commands\Server\rewrite.php(45): require_once('C:\\wamp64\\www\\L...')
#10 {main}
CRITICAL - 2021-09-21 03:57:51 --> Undefined variable: dbh
#0 C:\wamp64\www\LeaveApplication\app\Views\admin\dashboard.php(68): CodeIgniter\Debug\Exceptions->errorHandler(8, 'Undefined varia...', 'C:\\wamp64\\www\\L...', 68, Array)
#1 C:\wamp64\www\LeaveApplication\vendor\codeigniter4\framework\system\View\View.php(230): include('C:\\wamp64\\www\\L...')
#2 C:\wamp64\www\LeaveApplication\vendor\codeigniter4\framework\system\View\View.php(232): CodeIgniter\View\View->CodeIgniter\View\{closure}()
#3 C:\wamp64\www\LeaveApplication\vendor\codeigniter4\framework\system\Common.php(1271): CodeIgniter\View\View->render('admin/dashboard', Array, true)
#4 C:\wamp64\www\LeaveApplication\app\Controllers\Dashboard.php(11): view('admin/dashboard')
#5 C:\wamp64\www\LeaveApplication\vendor\codeigniter4\framework\system\CodeIgniter.php(928): App\Controllers\Dashboard->index()
#6 C:\wamp64\www\LeaveApplication\vendor\codeigniter4\framework\system\CodeIgniter.php(436): CodeIgniter\CodeIgniter->runController(Object(App\Controllers\Dashboard))
#7 C:\wamp64\www\LeaveApplication\vendor\codeigniter4\framework\system\CodeIgniter.php(336): CodeIgniter\CodeIgniter->handleRequest(NULL, Object(Config\Cache), false)
#8 C:\wamp64\www\LeaveApplication\public\index.php(37): CodeIgniter\CodeIgniter->run()
#9 C:\wamp64\www\LeaveApplication\vendor\codeigniter4\framework\system\Commands\Server\rewrite.php(45): require_once('C:\\wamp64\\www\\L...')
#10 {main}
CRITICAL - 2021-09-21 03:58:00 --> Undefined variable: dbh
#0 C:\wamp64\www\LeaveApplication\app\Views\admin\dashboard.php(68): CodeIgniter\Debug\Exceptions->errorHandler(8, 'Undefined varia...', 'C:\\wamp64\\www\\L...', 68, Array)
#1 C:\wamp64\www\LeaveApplication\vendor\codeigniter4\framework\system\View\View.php(230): include('C:\\wamp64\\www\\L...')
#2 C:\wamp64\www\LeaveApplication\vendor\codeigniter4\framework\system\View\View.php(232): CodeIgniter\View\View->CodeIgniter\View\{closure}()
#3 C:\wamp64\www\LeaveApplication\vendor\codeigniter4\framework\system\Common.php(1271): CodeIgniter\View\View->render('admin/dashboard', Array, true)
#4 C:\wamp64\www\LeaveApplication\app\Controllers\Dashboard.php(11): view('admin/dashboard')
#5 C:\wamp64\www\LeaveApplication\vendor\codeigniter4\framework\system\CodeIgniter.php(928): App\Controllers\Dashboard->index()
#6 C:\wamp64\www\LeaveApplication\vendor\codeigniter4\framework\system\CodeIgniter.php(436): CodeIgniter\CodeIgniter->runController(Object(App\Controllers\Dashboard))
#7 C:\wamp64\www\LeaveApplication\vendor\codeigniter4\framework\system\CodeIgniter.php(336): CodeIgniter\CodeIgniter->handleRequest(NULL, Object(Config\Cache), false)
#8 C:\wamp64\www\LeaveApplication\public\index.php(37): CodeIgniter\CodeIgniter->run()
#9 C:\wamp64\www\LeaveApplication\vendor\codeigniter4\framework\system\Commands\Server\rewrite.php(45): require_once('C:\\wamp64\\www\\L...')
#10 {main}
CRITICAL - 2021-09-21 03:58:02 --> Undefined variable: leavecount
#0 C:\wamp64\www\LeaveApplication\app\Views\admin\dashboard.php(69): CodeIgniter\Debug\Exceptions->errorHandler(8, 'Undefined varia...', 'C:\\wamp64\\www\\L...', 69, Array)
#1 C:\wamp64\www\LeaveApplication\vendor\codeigniter4\framework\system\View\View.php(230): include('C:\\wamp64\\www\\L...')
#2 C:\wamp64\www\LeaveApplication\vendor\codeigniter4\framework\system\View\View.php(232): CodeIgniter\View\View->CodeIgniter\View\{closure}()
#3 C:\wamp64\www\LeaveApplication\vendor\codeigniter4\framework\system\Common.php(1271): CodeIgniter\View\View->render('admin/dashboard', Array, true)
#4 C:\wamp64\www\LeaveApplication\app\Controllers\Dashboard.php(11): view('admin/dashboard')
#5 C:\wamp64\www\LeaveApplication\vendor\codeigniter4\framework\system\CodeIgniter.php(928): App\Controllers\Dashboard->index()
#6 C:\wamp64\www\LeaveApplication\vendor\codeigniter4\framework\system\CodeIgniter.php(436): CodeIgniter\CodeIgniter->runController(Object(App\Controllers\Dashboard))
#7 C:\wamp64\www\LeaveApplication\vendor\codeigniter4\framework\system\CodeIgniter.php(336): CodeIgniter\CodeIgniter->handleRequest(NULL, Object(Config\Cache), false)
#8 C:\wamp64\www\LeaveApplication\public\index.php(37): CodeIgniter\CodeIgniter->run()
#9 C:\wamp64\www\LeaveApplication\vendor\codeigniter4\framework\system\Commands\Server\rewrite.php(45): require_once('C:\\wamp64\\www\\L...')
#10 {main}
CRITICAL - 2021-09-21 03:58:03 --> Undefined variable: leavecount
#0 C:\wamp64\www\LeaveApplication\app\Views\admin\dashboard.php(69): CodeIgniter\Debug\Exceptions->errorHandler(8, 'Undefined varia...', 'C:\\wamp64\\www\\L...', 69, Array)
#1 C:\wamp64\www\LeaveApplication\vendor\codeigniter4\framework\system\View\View.php(230): include('C:\\wamp64\\www\\L...')
#2 C:\wamp64\www\LeaveApplication\vendor\codeigniter4\framework\system\View\View.php(232): CodeIgniter\View\View->CodeIgniter\View\{closure}()
#3 C:\wamp64\www\LeaveApplication\vendor\codeigniter4\framework\system\Common.php(1271): CodeIgniter\View\View->render('admin/dashboard', Array, true)
#4 C:\wamp64\www\LeaveApplication\app\Controllers\Dashboard.php(11): view('admin/dashboard')
#5 C:\wamp64\www\LeaveApplication\vendor\codeigniter4\framework\system\CodeIgniter.php(928): App\Controllers\Dashboard->index()
#6 C:\wamp64\www\LeaveApplication\vendor\codeigniter4\framework\system\CodeIgniter.php(436): CodeIgniter\CodeIgniter->runController(Object(App\Controllers\Dashboard))
#7 C:\wamp64\www\LeaveApplication\vendor\codeigniter4\framework\system\CodeIgniter.php(336): CodeIgniter\CodeIgniter->handleRequest(NULL, Object(Config\Cache), false)
#8 C:\wamp64\www\LeaveApplication\public\index.php(37): CodeIgniter\CodeIgniter->run()
#9 C:\wamp64\www\LeaveApplication\vendor\codeigniter4\framework\system\Commands\Server\rewrite.php(45): require_once('C:\\wamp64\\www\\L...')
#10 {main}
CRITICAL - 2021-09-21 03:58:14 --> Undefined variable: dbh
#0 C:\wamp64\www\LeaveApplication\app\Views\admin\dashboard.php(84): CodeIgniter\Debug\Exceptions->errorHandler(8, 'Undefined varia...', 'C:\\wamp64\\www\\L...', 84, Array)
#1 C:\wamp64\www\LeaveApplication\vendor\codeigniter4\framework\system\View\View.php(230): include('C:\\wamp64\\www\\L...')
#2 C:\wamp64\www\LeaveApplication\vendor\codeigniter4\framework\system\View\View.php(232): CodeIgniter\View\View->CodeIgniter\View\{closure}()
#3 C:\wamp64\www\LeaveApplication\vendor\codeigniter4\framework\system\Common.php(1271): CodeIgniter\View\View->render('admin/dashboard', Array, true)
#4 C:\wamp64\www\LeaveApplication\app\Controllers\Dashboard.php(11): view('admin/dashboard')
#5 C:\wamp64\www\LeaveApplication\vendor\codeigniter4\framework\system\CodeIgniter.php(928): App\Controllers\Dashboard->index()
#6 C:\wamp64\www\LeaveApplication\vendor\codeigniter4\framework\system\CodeIgniter.php(436): CodeIgniter\CodeIgniter->runController(Object(App\Controllers\Dashboard))
#7 C:\wamp64\www\LeaveApplication\vendor\codeigniter4\framework\system\CodeIgniter.php(336): CodeIgniter\CodeIgniter->handleRequest(NULL, Object(Config\Cache), false)
#8 C:\wamp64\www\LeaveApplication\public\index.php(37): CodeIgniter\CodeIgniter->run()
#9 C:\wamp64\www\LeaveApplication\vendor\codeigniter4\framework\system\Commands\Server\rewrite.php(45): require_once('C:\\wamp64\\www\\L...')
#10 {main}
CRITICAL - 2021-09-21 03:58:40 --> Undefined variable: conn
#0 C:\wamp64\www\LeaveApplication\app\Views\admin\dashboard.php(124): CodeIgniter\Debug\Exceptions->errorHandler(8, 'Undefined varia...', 'C:\\wamp64\\www\\L...', 124, Array)
#1 C:\wamp64\www\LeaveApplication\vendor\codeigniter4\framework\system\View\View.php(230): include('C:\\wamp64\\www\\L...')
#2 C:\wamp64\www\LeaveApplication\vendor\codeigniter4\framework\system\View\View.php(232): CodeIgniter\View\View->CodeIgniter\View\{closure}()
#3 C:\wamp64\www\LeaveApplication\vendor\codeigniter4\framework\system\Common.php(1271): CodeIgniter\View\View->render('admin/dashboard', Array, true)
#4 C:\wamp64\www\LeaveApplication\app\Controllers\Dashboard.php(11): view('admin/dashboard')
#5 C:\wamp64\www\LeaveApplication\vendor\codeigniter4\framework\system\CodeIgniter.php(928): App\Controllers\Dashboard->index()
#6 C:\wamp64\www\LeaveApplication\vendor\codeigniter4\framework\system\CodeIgniter.php(436): CodeIgniter\CodeIgniter->runController(Object(App\Controllers\Dashboard))
#7 C:\wamp64\www\LeaveApplication\vendor\codeigniter4\framework\system\CodeIgniter.php(336): CodeIgniter\CodeIgniter->handleRequest(NULL, Object(Config\Cache), false)
#8 C:\wamp64\www\LeaveApplication\public\index.php(37): CodeIgniter\CodeIgniter->run()
#9 C:\wamp64\www\LeaveApplication\vendor\codeigniter4\framework\system\Commands\Server\rewrite.php(45): require_once('C:\\wamp64\\www\\L...')
#10 {main}
CRITICAL - 2021-09-21 03:58:48 --> syntax error, unexpected '}', expecting end of file
#0 C:\wamp64\www\LeaveApplication\vendor\codeigniter4\framework\system\View\View.php(232): CodeIgniter\View\View->CodeIgniter\View\{closure}()
#1 C:\wamp64\www\LeaveApplication\vendor\codeigniter4\framework\system\Common.php(1271): CodeIgniter\View\View->render('admin/dashboard', Array, true)
#2 C:\wamp64\www\LeaveApplication\app\Controllers\Dashboard.php(11): view('admin/dashboard')
#3 C:\wamp64\www\LeaveApplication\vendor\codeigniter4\framework\system\CodeIgniter.php(928): App\Controllers\Dashboard->index()
#4 C:\wamp64\www\LeaveApplication\vendor\codeigniter4\framework\system\CodeIgniter.php(436): CodeIgniter\CodeIgniter->runController(Object(App\Controllers\Dashboard))
#5 C:\wamp64\www\LeaveApplication\vendor\codeigniter4\framework\system\CodeIgniter.php(336): CodeIgniter\CodeIgniter->handleRequest(NULL, Object(Config\Cache), false)
#6 C:\wamp64\www\LeaveApplication\public\index.php(37): CodeIgniter\CodeIgniter->run()
#7 C:\wamp64\www\LeaveApplication\vendor\codeigniter4\framework\system\Commands\Server\rewrite.php(45): require_once('C:\\wamp64\\www\\L...')
#8 {main}
CRITICAL - 2021-09-21 03:58:59 --> Undefined variable: row
#0 C:\wamp64\www\LeaveApplication\app\Views\admin\dashboard.php(131): CodeIgniter\Debug\Exceptions->errorHandler(8, 'Undefined varia...', 'C:\\wamp64\\www\\L...', 131, Array)
#1 C:\wamp64\www\LeaveApplication\vendor\codeigniter4\framework\system\View\View.php(230): include('C:\\wamp64\\www\\L...')
#2 C:\wamp64\www\LeaveApplication\vendor\codeigniter4\framework\system\View\View.php(232): CodeIgniter\View\View->CodeIgniter\View\{closure}()
#3 C:\wamp64\www\LeaveApplication\vendor\codeigniter4\framework\system\Common.php(1271): CodeIgniter\View\View->render('admin/dashboard', Array, true)
#4 C:\wamp64\www\LeaveApplication\app\Controllers\Dashboard.php(11): view('admin/dashboard')
#5 C:\wamp64\www\LeaveApplication\vendor\codeigniter4\framework\system\CodeIgniter.php(928): App\Controllers\Dashboard->index()
#6 C:\wamp64\www\LeaveApplication\vendor\codeigniter4\framework\system\CodeIgniter.php(436): CodeIgniter\CodeIgniter->runController(Object(App\Controllers\Dashboard))
#7 C:\wamp64\www\LeaveApplication\vendor\codeigniter4\framework\system\CodeIgniter.php(336): CodeIgniter\CodeIgniter->handleRequest(NULL, Object(Config\Cache), false)
#8 C:\wamp64\www\LeaveApplication\public\index.php(37): CodeIgniter\CodeIgniter->run()
#9 C:\wamp64\www\LeaveApplication\vendor\codeigniter4\framework\system\Commands\Server\rewrite.php(45): require_once('C:\\wamp64\\www\\L...')
#10 {main}
CRITICAL - 2021-09-21 03:59:35 --> Undefined variable: conn
#0 C:\wamp64\www\LeaveApplication\app\Views\admin\dashboard.php(167): CodeIgniter\Debug\Exceptions->errorHandler(8, 'Undefined varia...', 'C:\\wamp64\\www\\L...', 167, Array)
#1 C:\wamp64\www\LeaveApplication\vendor\codeigniter4\framework\system\View\View.php(230): include('C:\\wamp64\\www\\L...')
#2 C:\wamp64\www\LeaveApplication\vendor\codeigniter4\framework\system\View\View.php(232): CodeIgniter\View\View->CodeIgniter\View\{closure}()
#3 C:\wamp64\www\LeaveApplication\vendor\codeigniter4\framework\system\Common.php(1271): CodeIgniter\View\View->render('admin/dashboard', Array, true)
#4 C:\wamp64\www\LeaveApplication\app\Controllers\Dashboard.php(11): view('admin/dashboard')
#5 C:\wamp64\www\LeaveApplication\vendor\codeigniter4\framework\system\CodeIgniter.php(928): App\Controllers\Dashboard->index()
#6 C:\wamp64\www\LeaveApplication\vendor\codeigniter4\framework\system\CodeIgniter.php(436): CodeIgniter\CodeIgniter->runController(Object(App\Controllers\Dashboard))
#7 C:\wamp64\www\LeaveApplication\vendor\codeigniter4\framework\system\CodeIgniter.php(336): CodeIgniter\CodeIgniter->handleRequest(NULL, Object(Config\Cache), false)
#8 C:\wamp64\www\LeaveApplication\public\index.php(37): CodeIgniter\CodeIgniter->run()
#9 C:\wamp64\www\LeaveApplication\vendor\codeigniter4\framework\system\Commands\Server\rewrite.php(45): require_once('C:\\wamp64\\www\\L...')
#10 {main}
CRITICAL - 2021-09-21 04:00:14 --> syntax error, unexpected '}', expecting end of file
#0 C:\wamp64\www\LeaveApplication\vendor\codeigniter4\framework\system\View\View.php(232): CodeIgniter\View\View->CodeIgniter\View\{closure}()
#1 C:\wamp64\www\LeaveApplication\vendor\codeigniter4\framework\system\Common.php(1271): CodeIgniter\View\View->render('admin/dashboard', Array, true)
#2 C:\wamp64\www\LeaveApplication\app\Controllers\Dashboard.php(11): view('admin/dashboard')
#3 C:\wamp64\www\LeaveApplication\vendor\codeigniter4\framework\system\CodeIgniter.php(928): App\Controllers\Dashboard->index()
#4 C:\wamp64\www\LeaveApplication\vendor\codeigniter4\framework\system\CodeIgniter.php(436): CodeIgniter\CodeIgniter->runController(Object(App\Controllers\Dashboard))
#5 C:\wamp64\www\LeaveApplication\vendor\codeigniter4\framework\system\CodeIgniter.php(336): CodeIgniter\CodeIgniter->handleRequest(NULL, Object(Config\Cache), false)
#6 C:\wamp64\www\LeaveApplication\public\index.php(37): CodeIgniter\CodeIgniter->run()
#7 C:\wamp64\www\LeaveApplication\vendor\codeigniter4\framework\system\Commands\Server\rewrite.php(45): require_once('C:\\wamp64\\www\\L...')
#8 {main}
CRITICAL - 2021-09-21 04:00:22 --> Undefined variable: row
#0 C:\wamp64\www\LeaveApplication\app\Views\admin\dashboard.php(219): CodeIgniter\Debug\Exceptions->errorHandler(8, 'Undefined varia...', 'C:\\wamp64\\www\\L...', 219, Array)
#1 C:\wamp64\www\LeaveApplication\vendor\codeigniter4\framework\system\View\View.php(230): include('C:\\wamp64\\www\\L...')
#2 C:\wamp64\www\LeaveApplication\vendor\codeigniter4\framework\system\View\View.php(232): CodeIgniter\View\View->CodeIgniter\View\{closure}()
#3 C:\wamp64\www\LeaveApplication\vendor\codeigniter4\framework\system\Common.php(1271): CodeIgniter\View\View->render('admin/dashboard', Array, true)
#4 C:\wamp64\www\LeaveApplication\app\Controllers\Dashboard.php(11): view('admin/dashboard')
#5 C:\wamp64\www\LeaveApplication\vendor\codeigniter4\framework\system\CodeIgniter.php(928): App\Controllers\Dashboard->index()
#6 C:\wamp64\www\LeaveApplication\vendor\codeigniter4\framework\system\CodeIgniter.php(436): CodeIgniter\CodeIgniter->runController(Object(App\Controllers\Dashboard))
#7 C:\wamp64\www\LeaveApplication\vendor\codeigniter4\framework\system\CodeIgniter.php(336): CodeIgniter\CodeIgniter->handleRequest(NULL, Object(Config\Cache), false)
#8 C:\wamp64\www\LeaveApplication\public\index.php(37): CodeIgniter\CodeIgniter->run()
#9 C:\wamp64\www\LeaveApplication\vendor\codeigniter4\framework\system\Commands\Server\rewrite.php(45): require_once('C:\\wamp64\\www\\L...')
#10 {main}
